

================================================================
== Vitis HLS Report for 'nodalSolver'
================================================================
* Date:           Sat Feb  6 16:57:25 2021

* Version:        2020.2 (Build 3064766 on Wed Nov 18 09:12:45 MST 2020)
* Project:        RLCADCungrounded_Vitis
* Solution:       solution1 (Vivado IP Flow Target)
* Product family: virtex7
* Target device:  xc7vx485t-ffg1157-1


================================================================
== Performance Estimates
================================================================
+ Timing: 
    * Summary: 
    +--------+----------+----------+------------+
    |  Clock |  Target  | Estimated| Uncertainty|
    +--------+----------+----------+------------+
    |ap_clk  |  10.00 ns|  9.938 ns|     0.20 ns|
    +--------+----------+----------+------------+

+ Latency: 
    * Summary: 
    +---------+---------+----------+----------+-----+-----+---------+
    |  Latency (cycles) |  Latency (absolute) |  Interval | Pipeline|
    |   min   |   max   |    min   |    max   | min | max |   Type  |
    +---------+---------+----------+----------+-----+-----+---------+
    |       62|      128|  0.620 us|  1.280 us|   63|  129|     none|
    +---------+---------+----------+----------+-----+-----+---------+

    + Detail: 
        * Instance: 
        +----------------------------------+-----------------------+---------+---------+-----------+----------+-----+-----+---------+
        |                                  |                       |  Latency (cycles) |  Latency (absolute)  |  Interval | Pipeline|
        |             Instance             |         Module        |   min   |   max   |    min    |    max   | min | max |   Type  |
        +----------------------------------+-----------------------+---------+---------+-----------+----------+-----+-----+---------+
        |grp_sinGen_fu_90                  |sinGen                 |       31|       31|   0.310 us|  0.310 us|   11|   11|      yes|
        |grp_vetmat_fu_112                 |vetmat                 |       14|       14|   0.140 us|  0.140 us|    1|    1|      yes|
        |grp_histvect_fu_128               |histvect               |       14|       14|   0.140 us|  0.140 us|    7|    7|      yes|
        |grp_generic_rint_double_s_fu_144  |generic_rint_double_s  |        1|       67|  10.000 ns|  0.670 us|    1|   67|     none|
        |grp_generic_rint_double_s_fu_153  |generic_rint_double_s  |        1|       67|  10.000 ns|  0.670 us|    1|   67|     none|
        |grp_generic_rint_double_s_fu_162  |generic_rint_double_s  |        1|       67|  10.000 ns|  0.670 us|    1|   67|     none|
        +----------------------------------+-----------------------+---------+---------+-----------+----------+-----+-----+---------+

        * Loop: 
        N/A



================================================================
== Utilization Estimates
================================================================
* Summary: 
+-----------------+---------+------+--------+--------+-----+
|       Name      | BRAM_18K|  DSP |   FF   |   LUT  | URAM|
+-----------------+---------+------+--------+--------+-----+
|DSP              |        -|     -|       -|       -|    -|
|Expression       |        -|     -|       0|    3218|    -|
|FIFO             |        -|     -|       -|       -|    -|
|Instance         |       20|    73|    8546|   11318|    -|
|Memory           |        -|     -|       -|       -|    -|
|Multiplexer      |        -|     -|       -|     679|    -|
|Register         |        -|     -|     835|       -|    -|
+-----------------+---------+------+--------+--------+-----+
|Total            |       20|    73|    9381|   15215|    0|
+-----------------+---------+------+--------+--------+-----+
|Available        |     2060|  2800|  607200|  303600|    0|
+-----------------+---------+------+--------+--------+-----+
|Utilization (%)  |       ~0|     2|       1|       5|    0|
+-----------------+---------+------+--------+--------+-----+

+ Detail: 
    * Instance: 
    +----------------------------------------+------------------------------------+---------+----+------+------+-----+
    |                Instance                |               Module               | BRAM_18K| DSP|  FF  |  LUT | URAM|
    +----------------------------------------+------------------------------------+---------+----+------+------+-----+
    |fadd_32ns_32ns_32_4_full_dsp_1_U79      |fadd_32ns_32ns_32_4_full_dsp_1      |        0|   2|   227|   214|    0|
    |fadd_32ns_32ns_32_4_full_dsp_1_U80      |fadd_32ns_32ns_32_4_full_dsp_1      |        0|   2|   227|   214|    0|
    |fadd_32ns_32ns_32_4_full_dsp_1_U81      |fadd_32ns_32ns_32_4_full_dsp_1      |        0|   2|   227|   214|    0|
    |fadd_32ns_32ns_32_4_full_dsp_1_U91      |fadd_32ns_32ns_32_4_full_dsp_1      |        0|   2|   227|   214|    0|
    |faddfsub_32ns_32ns_32_4_full_dsp_1_U88  |faddfsub_32ns_32ns_32_4_full_dsp_1  |        0|   2|   227|   214|    0|
    |faddfsub_32ns_32ns_32_4_full_dsp_1_U89  |faddfsub_32ns_32ns_32_4_full_dsp_1  |        0|   2|   227|   214|    0|
    |faddfsub_32ns_32ns_32_4_full_dsp_1_U90  |faddfsub_32ns_32ns_32_4_full_dsp_1  |        0|   2|   227|   214|    0|
    |fmul_32ns_32ns_32_3_max_dsp_1_U82       |fmul_32ns_32ns_32_3_max_dsp_1       |        0|   3|   128|   138|    0|
    |fmul_32ns_32ns_32_3_max_dsp_1_U83       |fmul_32ns_32ns_32_3_max_dsp_1       |        0|   3|   128|   138|    0|
    |fmul_32ns_32ns_32_3_max_dsp_1_U84       |fmul_32ns_32ns_32_3_max_dsp_1       |        0|   3|   128|   138|    0|
    |fmul_32ns_32ns_32_3_max_dsp_1_U92       |fmul_32ns_32ns_32_3_max_dsp_1       |        0|   3|   128|   138|    0|
    |fmul_32ns_32ns_32_3_max_dsp_1_U93       |fmul_32ns_32ns_32_3_max_dsp_1       |        0|   3|   128|   138|    0|
    |fmul_32ns_32ns_32_3_max_dsp_1_U94       |fmul_32ns_32ns_32_3_max_dsp_1       |        0|   3|   128|   138|    0|
    |fmul_32ns_32ns_32_3_max_dsp_1_U95       |fmul_32ns_32ns_32_3_max_dsp_1       |        0|   3|   128|   138|    0|
    |fpext_32ns_64_2_no_dsp_1_U85            |fpext_32ns_64_2_no_dsp_1            |        0|   0|     0|     0|    0|
    |fpext_32ns_64_2_no_dsp_1_U86            |fpext_32ns_64_2_no_dsp_1            |        0|   0|     0|     0|    0|
    |fpext_32ns_64_2_no_dsp_1_U87            |fpext_32ns_64_2_no_dsp_1            |        0|   0|     0|     0|    0|
    |grp_generic_rint_double_s_fu_144        |generic_rint_double_s               |        4|   0|   333|   504|    0|
    |grp_generic_rint_double_s_fu_153        |generic_rint_double_s               |        4|   0|   333|   504|    0|
    |grp_generic_rint_double_s_fu_162        |generic_rint_double_s               |        4|   0|   333|   504|    0|
    |grp_histvect_fu_128                     |histvect                            |        0|   0|   234|   225|    0|
    |grp_sinGen_fu_90                        |sinGen                              |        8|  38|  4461|  7088|    0|
    |grp_vetmat_fu_112                       |vetmat                              |        0|   0|   367|    29|    0|
    +----------------------------------------+------------------------------------+---------+----+------+------+-----+
    |Total                                   |                                    |       20|  73|  8546| 11318|    0|
    +----------------------------------------+------------------------------------+---------+----+------+------+-----+

    * DSP: 
    N/A

    * Memory: 
    N/A

    * FIFO: 
    N/A

    * Expression: 
    +----------------------------------+----------+----+---+-----+------------+------------+
    |           Variable Name          | Operation| DSP| FF| LUT | Bitwidth P0| Bitwidth P1|
    +----------------------------------+----------+----+---+-----+------------+------------+
    |add_ln510_1_fu_410_p2             |         +|   0|  0|   19|          12|          11|
    |add_ln510_2_fu_541_p2             |         +|   0|  0|   19|          12|          11|
    |add_ln510_fu_271_p2               |         +|   0|  0|   19|          12|          11|
    |result_V_3_fu_353_p2              |         -|   0|  0|   39|           1|          32|
    |result_V_4_fu_492_p2              |         -|   0|  0|   39|           1|          32|
    |result_V_6_fu_623_p2              |         -|   0|  0|   39|           1|          32|
    |sub_ln1311_1_fu_424_p2            |         -|   0|  0|   18|          10|          11|
    |sub_ln1311_2_fu_555_p2            |         -|   0|  0|   18|          10|          11|
    |sub_ln1311_fu_285_p2              |         -|   0|  0|   18|          10|          11|
    |r_V_16_fu_450_p2                  |      lshr|   0|  0|  460|         137|         137|
    |r_V_18_fu_581_p2                  |      lshr|   0|  0|  460|         137|         137|
    |r_V_fu_311_p2                     |      lshr|   0|  0|  460|         137|         137|
    |ap_block_state61_on_subcall_done  |        or|   0|  0|    2|           1|           1|
    |result_V_8_fu_359_p3              |    select|   0|  0|   32|           1|          32|
    |result_V_fu_629_p3                |    select|   0|  0|   32|           1|          32|
    |select_ln59_fu_637_p3             |    select|   0|  0|   32|           1|          32|
    |ush_1_fu_434_p3                   |    select|   0|  0|   12|           1|          12|
    |ush_2_fu_565_p3                   |    select|   0|  0|   12|           1|          12|
    |ush_fu_295_p3                     |    select|   0|  0|   12|           1|          12|
    |val_1_fu_484_p3                   |    select|   0|  0|   32|           1|          32|
    |val_2_fu_615_p3                   |    select|   0|  0|   32|           1|          32|
    |val_fu_345_p3                     |    select|   0|  0|   32|           1|          32|
    |r_V_15_fu_317_p2                  |       shl|   0|  0|  460|         137|         137|
    |r_V_17_fu_456_p2                  |       shl|   0|  0|  460|         137|         137|
    |r_V_19_fu_587_p2                  |       shl|   0|  0|  460|         137|         137|
    +----------------------------------+----------+----+---+-----+------------+------------+
    |Total                             |          |   0|  0| 3218|         901|        1213|
    +----------------------------------+----------+----+---+-----+------------+------------+

    * Multiplexer: 
    +-------------------+-----+-----------+-----+-----------+
    |        Name       | LUT | Input Size| Bits| Total Bits|
    +-------------------+-----+-----------+-----+-----------+
    |G_vec_I_0          |    9|          2|   32|         64|
    |G_vec_I_1          |    9|          2|   32|         64|
    |G_vec_I_2          |   13|          3|   32|         96|
    |ap_NS_fsm          |  269|         63|    1|         63|
    |grp_fu_171_ce      |   13|          3|    1|          3|
    |grp_fu_171_p0      |   13|          3|   32|         96|
    |grp_fu_171_p1      |   13|          3|   32|         96|
    |grp_fu_176_ce      |    9|          2|    1|          2|
    |grp_fu_176_p0      |    9|          2|   32|         64|
    |grp_fu_176_p1      |    9|          2|   32|         64|
    |grp_fu_181_ce      |    9|          2|    1|          2|
    |grp_fu_181_p0      |    9|          2|   32|         64|
    |grp_fu_181_p1      |    9|          2|   32|         64|
    |grp_fu_186_ce      |    9|          2|    1|          2|
    |grp_fu_186_p0      |    9|          2|   32|         64|
    |grp_fu_186_p1      |    9|          2|   32|         64|
    |grp_fu_191_ce      |    9|          2|    1|          2|
    |grp_fu_191_p0      |    9|          2|   32|         64|
    |grp_fu_191_p1      |    9|          2|   32|         64|
    |grp_fu_196_ce      |    9|          2|    1|          2|
    |grp_fu_196_p0      |    9|          2|   32|         64|
    |grp_fu_196_p1      |    9|          2|   32|         64|
    |grp_fu_201_ce      |    9|          2|    1|          2|
    |grp_fu_201_p0      |    9|          2|   32|         64|
    |grp_fu_726_ce      |   13|          3|    1|          3|
    |grp_fu_726_opcode  |    9|          2|    2|          4|
    |grp_fu_726_p0      |    9|          2|   32|         64|
    |grp_fu_726_p1      |    9|          2|   32|         64|
    |grp_fu_730_ce      |   13|          3|    1|          3|
    |grp_fu_730_opcode  |    9|          2|    2|          4|
    |grp_fu_730_p0      |    9|          2|   32|         64|
    |grp_fu_730_p1      |    9|          2|   32|         64|
    |grp_fu_734_ce      |   13|          3|    1|          3|
    |grp_fu_734_opcode  |    9|          2|    2|          4|
    |grp_fu_734_p0      |    9|          2|   32|         64|
    |grp_fu_734_p1      |    9|          2|   32|         64|
    |grp_fu_738_ce      |    9|          2|    1|          2|
    |grp_fu_742_ce      |   13|          3|    1|          3|
    |grp_fu_742_p0      |    9|          2|   32|         64|
    |grp_fu_742_p1      |    9|          2|   32|         64|
    |grp_fu_746_ce      |    9|          2|    1|          2|
    |grp_fu_750_ce      |    9|          2|    1|          2|
    |grp_fu_754_ce      |    9|          2|    1|          2|
    +-------------------+-----+-----------+-----+-----------+
    |Total              |  679|        155|  790|       1742|
    +-------------------+-----+-----------+-----+-----------+

    * Register: 
    +-----------------------------------------------+----+----+-----+-----------+
    |                      Name                     | FF | LUT| Bits| Const Bits|
    +-----------------------------------------------+----+----+-----+-----------+
    |G_vec_I_0                                      |  32|   0|   32|          0|
    |G_vec_I_1                                      |  32|   0|   32|          0|
    |G_vec_I_2                                      |  32|   0|   32|          0|
    |G_vec_V_0                                      |  32|   0|   32|          0|
    |G_vec_V_1                                      |  32|   0|   32|          0|
    |G_vec_V_2                                      |  32|   0|   32|          0|
    |add3_reg_686                                   |  32|   0|   32|          0|
    |add7_reg_691                                   |  32|   0|   32|          0|
    |add_reg_681                                    |  32|   0|   32|          0|
    |ap_CS_fsm                                      |  62|   0|   62|          0|
    |dc_1_reg_716                                   |  64|   0|   64|          0|
    |dc_2_reg_721                                   |  64|   0|   64|          0|
    |dc_reg_711                                     |  64|   0|   64|          0|
    |grp_generic_rint_double_s_fu_144_ap_start_reg  |   1|   0|    1|          0|
    |grp_generic_rint_double_s_fu_153_ap_start_reg  |   1|   0|    1|          0|
    |grp_generic_rint_double_s_fu_162_ap_start_reg  |   1|   0|    1|          0|
    |grp_histvect_fu_128_ap_start_reg               |   1|   0|    1|          0|
    |grp_vetmat_fu_112_ap_start_reg                 |   1|   0|    1|          0|
    |mul2_reg_671                                   |  32|   0|   32|          0|
    |mul6_reg_676                                   |  32|   0|   32|          0|
    |mul_reg_666                                    |  32|   0|   32|          0|
    |x_assign_1_reg_701                             |  64|   0|   64|          0|
    |x_assign_2_reg_706                             |  64|   0|   64|          0|
    |x_assign_reg_696                               |  64|   0|   64|          0|
    +-----------------------------------------------+----+----+-----+-----------+
    |Total                                          | 835|   0|  835|          0|
    +-----------------------------------------------+----+----+-----+-----------+



================================================================
== Interface
================================================================
* Summary: 
+-----------+-----+-----+------------+--------------+--------------+
| RTL Ports | Dir | Bits|  Protocol  | Source Object|    C Type    |
+-----------+-----+-----+------------+--------------+--------------+
|ap_clk     |   in|    1|  ap_ctrl_hs|   nodalSolver|  return value|
|ap_rst     |   in|    1|  ap_ctrl_hs|   nodalSolver|  return value|
|ap_start   |   in|    1|  ap_ctrl_hs|   nodalSolver|  return value|
|ap_done    |  out|    1|  ap_ctrl_hs|   nodalSolver|  return value|
|ap_idle    |  out|    1|  ap_ctrl_hs|   nodalSolver|  return value|
|ap_ready   |  out|    1|  ap_ctrl_hs|   nodalSolver|  return value|
|ap_return  |  out|  128|  ap_ctrl_hs|   nodalSolver|  return value|
+-----------+-----+-----+------------+--------------+--------------+

