INFO-FLOW: Workspace C:/Users/rodrigobagdadi/Desktop/RealTime/ProjetoPipelineHLS/CircuitosAvaliativos/Resistivo/ResistivoADC/ResistivoADC_Vitis/solution1 opened at Tue Jan 26 13:35:05 -0300 2021
Execute     ap_set_clock -name default -period 10 -default=false 
INFO: [SYN 201-201] Setting up clock 'default' with a period of 10ns.
Execute     ap_set_clock -name default -uncertainty 0.2 -unit % 
INFO: [SYN 201-201] Setting up clock 'default' with an uncertainty of 0.2ns.
Execute     import_lib C:/Xilinx/Vitis_HLS/2020.2/common/technology/xilinx/Virtex-7/Virtex-7 
Execute       source C:/Xilinx/Vitis_HLS/2020.2/common/technology/xilinx/interface/xilinx_interface.hlp 
Execute         source C:/Xilinx/Vitis_HLS/2020.2/common/technology/xilinx/interface/maxi.hlp 
Execute         source C:/Xilinx/Vitis_HLS/2020.2/common/technology/xilinx/interface/saxilite.hlp 
Execute       source C:/Xilinx/Vitis_HLS/2020.2/common/technology/xilinx/DSP48/dsp48.hlp 
Execute     ap_family_info -name Virtex-7 -data parts 
DBG:HLSDevice: Trying to load device library: C:/Xilinx/Vitis_HLS/2020.2\lib\win64.o\librdi_hlsvwrap.dll
DBG:HLSDevice: first parts/arch.xml in RDI_DATADIR: C:/Xilinx/Vivado/2020.2/data/parts/arch.xml
Command     ap_family_info done; 0.545 sec.
Execute     ap_part_info -name xc7vx485tffg1157-1 -data info 
Execute     source C:/Xilinx/Vitis_HLS/2020.2/common/technology/xilinx/common/xilinx.gen 
Execute       source C:/Xilinx/Vitis_HLS/2020.2/common/technology/xilinx/interface/plb46.gen 
Execute       source C:/Xilinx/Vitis_HLS/2020.2/common/technology/xilinx/interface/axi4.gen 
Execute       source C:/Xilinx/Vitis_HLS/2020.2/common/technology/xilinx/interface/nativeAXI4.gen 
Execute         source C:/Xilinx/Vitis_HLS/2020.2/common/technology/xilinx/interface/saxilite.gen 
Execute         source C:/Xilinx/Vitis_HLS/2020.2/common/technology/xilinx/interface/maxi.gen 
Execute       source C:/Xilinx/Vitis_HLS/2020.2/common/technology/xilinx/scripts/xilinxcoregen.gen 
Execute       source C:/Xilinx/Vitis_HLS/2020.2/common/technology/xilinx/interface/XilEDKCoreGen.gen 
Execute       source C:/Xilinx/Vitis_HLS/2020.2/common/technology/xilinx/ip/dds_compiler.gen 
Execute       source C:/Xilinx/Vitis_HLS/2020.2/common/technology/xilinx/ip/util.gen 
Execute       source C:/Xilinx/Vitis_HLS/2020.2/common/technology/xilinx/ip/xfft.gen 
Command       ap_source done; 0.177 sec.
Execute       source C:/Xilinx/Vitis_HLS/2020.2/common/technology/xilinx/ip/xfir.gen 
Execute       source C:/Xilinx/Vitis_HLS/2020.2/common/technology/xilinx/DSP48/dsp48.gen 
Command     ap_source done; 0.26 sec.
Execute     import_lib C:/Xilinx/Vitis_HLS/2020.2/common/technology/xilinx/Virtex-7/Virtex-7_fpv7 
Execute       source C:/Xilinx/Vitis_HLS/2020.2/common/technology/xilinx/interface/xilinx_interface.hlp 
Execute         source C:/Xilinx/Vitis_HLS/2020.2/common/technology/xilinx/interface/maxi.hlp 
Execute         source C:/Xilinx/Vitis_HLS/2020.2/common/technology/xilinx/interface/saxilite.hlp 
Execute       source C:/Xilinx/Vitis_HLS/2020.2/common/technology/xilinx/DSP48/dsp48.hlp 
Execute     source C:/Xilinx/Vitis_HLS/2020.2/common/technology/xilinx/common/xilinx.gen 
Execute       source C:/Xilinx/Vitis_HLS/2020.2/common/technology/xilinx/interface/plb46.gen 
Execute       source C:/Xilinx/Vitis_HLS/2020.2/common/technology/xilinx/interface/axi4.gen 
Execute       source C:/Xilinx/Vitis_HLS/2020.2/common/technology/xilinx/interface/nativeAXI4.gen 
Execute         source C:/Xilinx/Vitis_HLS/2020.2/common/technology/xilinx/interface/saxilite.gen 
Execute         source C:/Xilinx/Vitis_HLS/2020.2/common/technology/xilinx/interface/maxi.gen 
Execute       source C:/Xilinx/Vitis_HLS/2020.2/common/technology/xilinx/scripts/xilinxcoregen.gen 
Execute       source C:/Xilinx/Vitis_HLS/2020.2/common/technology/xilinx/interface/XilEDKCoreGen.gen 
Execute       source C:/Xilinx/Vitis_HLS/2020.2/common/technology/xilinx/ip/dds_compiler.gen 
Execute       source C:/Xilinx/Vitis_HLS/2020.2/common/technology/xilinx/ip/util.gen 
Execute       source C:/Xilinx/Vitis_HLS/2020.2/common/technology/xilinx/ip/xfft.gen 
Command       ap_source done; 0.158 sec.
Execute       source C:/Xilinx/Vitis_HLS/2020.2/common/technology/xilinx/ip/xfir.gen 
Execute       source C:/Xilinx/Vitis_HLS/2020.2/common/technology/xilinx/DSP48/dsp48.gen 
Command     ap_source done; 0.233 sec.
Execute     set_part xc7vx485tffg1157-1 
INFO-FLOW: DBG:set_part: XILINX_VIVADO=C:/Xilinx/Vivado/2020.2
INFO-FLOW: DBG:set_part: RDI_DATADIR=C:/Xilinx/Vivado/2020.2/data;C:/Xilinx/Vitis_HLS/2020.2/data
Execute       ap_part_info -name xc7vx485tffg1157-1 -data single -quiet 
Execute       ap_part_info -name xc7vx485tffg1157-1 -data info 
Execute       add_library xilinx/virtex7/virtex7:xc7vx485t:-ffg1157:-1 
Execute         get_default_platform 
Execute         open_platform DefaultPlatform 
Execute         ap_part_info -data single -name xc7vx485t-ffg1157-1 
Execute         ap_part_info -name xc7vx485t-ffg1157-1 -data resources 
Execute         config_chip_info -resource {SLICE 75900} {LUT 303600} {FF 607200} {DSP 2800} {BRAM 2060} {URAM 0} 
Execute         ap_part_info -name xc7vx485t-ffg1157-1 -data info 
Execute         config_chip_info -speed slow 
Execute         ap_part_info -name xc7vx485t-ffg1157-1 -data info 
Execute         config_library_info -library virtex7_slow 
Execute         config_library_info -family virtex7 
Execute         config_library_info -part xc7vx485t:-ffg1157:-1 
Execute         import_lib C:/Xilinx/Vitis_HLS/2020.2/common/technology/xilinx/virtex7/virtex7 
Execute           source C:/Xilinx/Vitis_HLS/2020.2/common/technology/xilinx/interface/xilinx_interface.hlp 
Execute             source C:/Xilinx/Vitis_HLS/2020.2/common/technology/xilinx/interface/maxi.hlp 
Execute             source C:/Xilinx/Vitis_HLS/2020.2/common/technology/xilinx/interface/saxilite.hlp 
Execute           source C:/Xilinx/Vitis_HLS/2020.2/common/technology/xilinx/DSP48/dsp48.hlp 
Execute           source C:/Xilinx/Vitis_HLS/2020.2/common/technology/xilinx/DSP48/virtex7_dsp48e1.hlp 
Command         import_lib done; 0.163 sec.
Execute         source C:/Xilinx/Vitis_HLS/2020.2/common/technology/xilinx/common/xilinx.gen 
Execute           source C:/Xilinx/Vitis_HLS/2020.2/common/technology/xilinx/interface/plb46.gen 
Execute           source C:/Xilinx/Vitis_HLS/2020.2/common/technology/xilinx/interface/axi4.gen 
Execute           source C:/Xilinx/Vitis_HLS/2020.2/common/technology/xilinx/interface/nativeAXI4.gen 
Execute             source C:/Xilinx/Vitis_HLS/2020.2/common/technology/xilinx/interface/saxilite.gen 
Execute             source C:/Xilinx/Vitis_HLS/2020.2/common/technology/xilinx/interface/maxi.gen 
Execute           source C:/Xilinx/Vitis_HLS/2020.2/common/technology/xilinx/scripts/xilinxcoregen.gen 
Execute           source C:/Xilinx/Vitis_HLS/2020.2/common/technology/xilinx/interface/XilEDKCoreGen.gen 
Execute           source C:/Xilinx/Vitis_HLS/2020.2/common/technology/xilinx/ip/dds_compiler.gen 
Execute           source C:/Xilinx/Vitis_HLS/2020.2/common/technology/xilinx/ip/util.gen 
Execute           source C:/Xilinx/Vitis_HLS/2020.2/common/technology/xilinx/ip/xfft.gen 
Command           ap_source done; 0.16 sec.
Execute           source C:/Xilinx/Vitis_HLS/2020.2/common/technology/xilinx/ip/xfir.gen 
Execute           source C:/Xilinx/Vitis_HLS/2020.2/common/technology/xilinx/DSP48/dsp48.gen 
Command         ap_source done; 0.275 sec.
Command       add_library done; 0.464 sec.
INFO: [HLS 200-10] Setting target device to 'xc7vx485t-ffg1157-1'
Execute       ap_part_info -name xc7vx485t-ffg1157-1 -data info 
Execute       config_compile -quiet -complex-mul-dsp=0 
Command     set_part done; 0.483 sec.
Execute     ap_part_info -data single -name xc7vx485tffg1157-1 
Execute     ap_part_info -name xc7vx485tffg1157-1 -data resources 
Execute     config_chip_info -resource {SLICE 75900} {LUT 303600} {FF 607200} {DSP 2800} {BRAM 2060} {URAM 0} 
Execute     ap_part_info -name xc7vx485tffg1157-1 -data info 
Execute     config_chip_info -speed slow 
Execute     send_msg_by_id INFO @200-1505@%s%s  vivado 
INFO: [HLS 200-1505] Using flow_target 'vivado'
Execute     get_config_interface -m_axi_latency 
Execute     get_config_interface -m_axi_alignment_byte_size 
Execute     get_config_interface -m_axi_max_widen_bitwidth 
Execute     get_config_interface -default_interface 
Execute     get_config_interface -m_axi_offset 
Execute     get_config_rtl -register_reset_num 
Command   open_solution done; 1.622 sec.
Execute   set_part xc7vx485tffg1157-1 
INFO: [HLS 200-1510] Running: set_part xc7vx485tffg1157-1 
INFO-FLOW: DBG:set_part: XILINX_VIVADO=C:/Xilinx/Vivado/2020.2
INFO-FLOW: DBG:set_part: RDI_DATADIR=C:/Xilinx/Vivado/2020.2/data;C:/Xilinx/Vitis_HLS/2020.2/data
Execute     ap_part_info -name xc7vx485tffg1157-1 -data single -quiet 
Execute     ap_part_info -name xc7vx485tffg1157-1 -data info 
Execute     add_library xilinx/virtex7/virtex7:xc7vx485t:-ffg1157:-1 
Execute       get_default_platform 
Execute       open_platform DefaultPlatform 
Execute       ap_part_info -data single -name xc7vx485t-ffg1157-1 
Execute       ap_part_info -name xc7vx485t-ffg1157-1 -data resources 
Execute       config_chip_info -resource {SLICE 75900} {LUT 303600} {FF 607200} {DSP 2800} {BRAM 2060} {URAM 0} 
Execute       ap_part_info -name xc7vx485t-ffg1157-1 -data info 
Execute       config_chip_info -speed slow 
Execute       ap_part_info -name xc7vx485t-ffg1157-1 -data info 
Execute       config_library_info -library virtex7_slow 
Execute       config_library_info -family virtex7 
Execute       config_library_info -part xc7vx485t:-ffg1157:-1 
Execute       import_lib C:/Xilinx/Vitis_HLS/2020.2/common/technology/xilinx/virtex7/virtex7 
Execute         source C:/Xilinx/Vitis_HLS/2020.2/common/technology/xilinx/interface/xilinx_interface.hlp 
Execute           source C:/Xilinx/Vitis_HLS/2020.2/common/technology/xilinx/interface/maxi.hlp 
Execute           source C:/Xilinx/Vitis_HLS/2020.2/common/technology/xilinx/interface/saxilite.hlp 
Execute         source C:/Xilinx/Vitis_HLS/2020.2/common/technology/xilinx/DSP48/dsp48.hlp 
Execute         source C:/Xilinx/Vitis_HLS/2020.2/common/technology/xilinx/DSP48/virtex7_dsp48e1.hlp 
Execute       source C:/Xilinx/Vitis_HLS/2020.2/common/technology/xilinx/common/xilinx.gen 
Execute         source C:/Xilinx/Vitis_HLS/2020.2/common/technology/xilinx/interface/plb46.gen 
Execute         source C:/Xilinx/Vitis_HLS/2020.2/common/technology/xilinx/interface/axi4.gen 
Execute         source C:/Xilinx/Vitis_HLS/2020.2/common/technology/xilinx/interface/nativeAXI4.gen 
Execute           source C:/Xilinx/Vitis_HLS/2020.2/common/technology/xilinx/interface/saxilite.gen 
Execute           source C:/Xilinx/Vitis_HLS/2020.2/common/technology/xilinx/interface/maxi.gen 
Execute         source C:/Xilinx/Vitis_HLS/2020.2/common/technology/xilinx/scripts/xilinxcoregen.gen 
Execute         source C:/Xilinx/Vitis_HLS/2020.2/common/technology/xilinx/interface/XilEDKCoreGen.gen 
Execute         source C:/Xilinx/Vitis_HLS/2020.2/common/technology/xilinx/ip/dds_compiler.gen 
Execute         source C:/Xilinx/Vitis_HLS/2020.2/common/technology/xilinx/ip/util.gen 
Execute         source C:/Xilinx/Vitis_HLS/2020.2/common/technology/xilinx/ip/xfft.gen 
Command         ap_source done; 0.161 sec.
Execute         source C:/Xilinx/Vitis_HLS/2020.2/common/technology/xilinx/ip/xfir.gen 
Execute         source C:/Xilinx/Vitis_HLS/2020.2/common/technology/xilinx/DSP48/dsp48.gen 
Command       ap_source done; 0.268 sec.
Command     add_library done; 0.31 sec.
Execute     ap_part_info -name xc7vx485t-ffg1157-1 -data info 
Execute     config_compile -quiet -complex-mul-dsp=0 
Command   set_part done; 0.329 sec.
Execute   create_clock -period 10 -name default 
INFO: [HLS 200-1510] Running: create_clock -period 10 -name default 
Execute     ap_set_clock -name default -period 10 -default=false 
INFO: [SYN 201-201] Setting up clock 'default' with a period of 10ns.
Execute   set_clock_uncertainty 2% 
INFO: [HLS 200-1510] Running: set_clock_uncertainty 2% 
Execute   csynth_design 
INFO: [HLS 200-1510] Running: csynth_design 
Execute     get_config_compile -effort 
Execute     get_config_compile -enable_clang39 
Execute     get_config_compile -g 
Execute     get_config_compile -ng 
Execute     get_config_compile -opt_fp 
Execute     get_config_compile -skip_cdt 
Execute     get_config_compile -skip_syncheck 
Execute     get_config_compile -skip_transform 
Execute     get_config_compile -keep_printf 
Execute     elaborate -effort=medium -skip_syncheck=0 -keep_printf=0 -skip_cdt=0 -skip_transform=0 -ng=0 -g=0 -opt_fp=0 -from_csynth_design=1 
INFO: [HLS 200-111] Finished File checks and directory preparation: CPU user time: 0 seconds. CPU system time: 0 seconds. Elapsed time: 0.099 seconds; current allocated memory: 863.976 MB.
INFO: [HLS 200-10] Analyzing design file 'HLSfiles/main_core.cpp' ... 
INFO-FLOW: Compiling one TU...
Execute       get_config_compile -pragma_strict_mode 
INFO-FLOW: Handling HLSfiles/main_core.cpp as C++
Execute       ap_part_info -name xc7vx485t-ffg1157-1 -data info 
INFO-FLOW: Running: GCC PP 39
INFO-FLOW: Source preprocessing
Execute       ap_eval exec -ignorestderr C:/Xilinx/Vitis_HLS/2020.2/win64/tools/clang-3.9-csynth/bin/clang HLSfiles/main_core.cpp -foptimization-record-file=C:/Users/rodrigobagdadi/Desktop/RealTime/ProjetoPipelineHLS/CircuitosAvaliativos/Resistivo/ResistivoADC/ResistivoADC_Vitis/solution1/.autopilot/db/clang.main_core.cpp.diag.yml -mllvm -pass-remarks-missed=reflow|pasta|unroll -mllvm -pass-remarks=reflow|pasta|unroll|inline -fno-limit-debug-info --sysroot C:/Xilinx/Vitis_HLS/2020.2/tps/mingw/6.2.0/win64.o/nt -fhls -fno-exceptions -E -fno-math-errno -c -emit-llvm -mllvm -disable-llvm-optzns -Werror=implicit-function-declaration -Werror=implicit-hls-streams -Werror=return-type -Wpragmas -Wunused-parameter -fno-threadsafe-statics -fno-use-cxa-atexit -std=gnu++14 -target fpga64-xilinx-mingw32 -fno-threadsafe-statics -fno-use-cxa-atexit -I C:/Xilinx/Vitis_HLS/2020.2/common/technology/autopilot/39 -D__VITIS_HLS__ -DAESL_SYN -D__SYNTHESIS__ -D__HLS_SYN__ -I C:/Xilinx/Vitis_HLS/2020.2/common/technology/autopilot -I C:/Xilinx/Vitis_HLS/2020.2/common/technology/autopilot/ap_sysc -include etc/autopilot_ssdm_op.h -D__DSP48E1__ -o C:/Users/rodrigobagdadi/Desktop/RealTime/ProjetoPipelineHLS/CircuitosAvaliativos/Resistivo/ResistivoADC/ResistivoADC_Vitis/solution1/.autopilot/db/main_core.pp.0.cpp > C:/Users/rodrigobagdadi/Desktop/RealTime/ProjetoPipelineHLS/CircuitosAvaliativos/Resistivo/ResistivoADC/ResistivoADC_Vitis/solution1/.autopilot/db/clang.main_core.cpp.out.log 2> C:/Users/rodrigobagdadi/Desktop/RealTime/ProjetoPipelineHLS/CircuitosAvaliativos/Resistivo/ResistivoADC/ResistivoADC_Vitis/solution1/.autopilot/db/clang.main_core.cpp.err.log 
Command       ap_eval done; 4.582 sec.
INFO-FLOW: Done: GCC PP 39 time: 4.6 seconds per iteration
Execute       set_directive_top nodal_solver -name=nodal_solver 
INFO-FLOW: Setting directive 'TOP' name=nodal_solver 
INFO-FLOW: Setting directive 'TOP' name=nodal_solver 
Execute       source C:/Xilinx/Vitis_HLS/2020.2/tps/tcl/tcllib1.11.1/yaml/huddle.tcl 
Execute       source C:/Xilinx/Vitis_HLS/2020.2/tps/tcl/tcllib1.11.1/yaml/json2huddle.tcl 
Execute         source C:/Xilinx/Vitis_HLS/2020.2/tps/tcl/tcllib1.11.1/try/try.tcl 
INFO-FLOW: Setting directive 'TOP' name=nodal_solver 
Execute       list_core -type functional_unit 
Execute       clang_tidy xilinx-systemc-detector C:/Users/rodrigobagdadi/Desktop/RealTime/ProjetoPipelineHLS/CircuitosAvaliativos/Resistivo/ResistivoADC/ResistivoADC_Vitis/solution1/.autopilot/db/main_core.pp.0.cpp std=gnu++14 -target fpga  -directive=C:/Users/rodrigobagdadi/Desktop/RealTime/ProjetoPipelineHLS/CircuitosAvaliativos/Resistivo/ResistivoADC/ResistivoADC_Vitis/solution1/.autopilot/db/.systemc_flag 
INFO-FLOW: exec C:/Xilinx/Vitis_HLS/2020.2/win64/tools/clang-3.9-csynth/bin/clang-tidy -header-filter=.* --checks=-*,xilinx-systemc-detector -import-directive=C:/Users/rodrigobagdadi/Desktop/RealTime/ProjetoPipelineHLS/CircuitosAvaliativos/Resistivo/ResistivoADC/ResistivoADC_Vitis/solution1/.autopilot/db/.systemc_flag -fix-errors C:/Users/rodrigobagdadi/Desktop/RealTime/ProjetoPipelineHLS/CircuitosAvaliativos/Resistivo/ResistivoADC/ResistivoADC_Vitis/solution1/.autopilot/db/main_core.pp.0.cpp -- -std=gnu++14 -target fpga -fhls -ferror-limit=0
Command       clang_tidy done; 8.792 sec.
INFO-FLOW: Running: clang-tidy CDT preprocess 39
Execute       clang_tidy xilinx-directive2pragma C:/Users/rodrigobagdadi/Desktop/RealTime/ProjetoPipelineHLS/CircuitosAvaliativos/Resistivo/ResistivoADC/ResistivoADC_Vitis/solution1/.autopilot/db/main_core.pp.0.cpp std=gnu++14 -target fpga  -directive=C:/Users/rodrigobagdadi/Desktop/RealTime/ProjetoPipelineHLS/CircuitosAvaliativos/Resistivo/ResistivoADC/ResistivoADC_Vitis/solution1/.autopilot/db/all.directive.json 
INFO-FLOW: exec C:/Xilinx/Vitis_HLS/2020.2/win64/tools/clang-3.9-csynth/bin/clang-tidy -header-filter=.* --checks=-*,xilinx-directive2pragma -import-directive=C:/Users/rodrigobagdadi/Desktop/RealTime/ProjetoPipelineHLS/CircuitosAvaliativos/Resistivo/ResistivoADC/ResistivoADC_Vitis/solution1/.autopilot/db/all.directive.json -fix-errors C:/Users/rodrigobagdadi/Desktop/RealTime/ProjetoPipelineHLS/CircuitosAvaliativos/Resistivo/ResistivoADC/ResistivoADC_Vitis/solution1/.autopilot/db/main_core.pp.0.cpp -- -std=gnu++14 -target fpga -fhls -ferror-limit=0
Command       clang_tidy done; 6.225 sec.
Execute       clang_tidy xilinx-constantarray-param,xilinx-remove-assert C:/Users/rodrigobagdadi/Desktop/RealTime/ProjetoPipelineHLS/CircuitosAvaliativos/Resistivo/ResistivoADC/ResistivoADC_Vitis/solution1/.autopilot/db/main_core.pp.0.cpp std=gnu++14 -target fpga  
INFO-FLOW: exec C:/Xilinx/Vitis_HLS/2020.2/win64/tools/clang-3.9-csynth/bin/clang-tidy -header-filter=.* --checks=-*,xilinx-constantarray-param,xilinx-remove-assert -fix-errors C:/Users/rodrigobagdadi/Desktop/RealTime/ProjetoPipelineHLS/CircuitosAvaliativos/Resistivo/ResistivoADC/ResistivoADC_Vitis/solution1/.autopilot/db/main_core.pp.0.cpp -- -std=gnu++14 -target fpga -fhls -ferror-limit=0
Command       clang_tidy done; 7.236 sec.
INFO-FLOW: Done: clang-tidy CDT preprocess 39 time: 13.5 seconds per iteration
INFO-FLOW: Calling xilinx-label-all-loops ... 
Execute       clang_tidy -errorcheck xilinx-label-all-loops,xilinx-top-parameters,xilinx-array-stream-check,xilinx-warn-mayneed-no-ctor-attribute C:/Users/rodrigobagdadi/Desktop/RealTime/ProjetoPipelineHLS/CircuitosAvaliativos/Resistivo/ResistivoADC/ResistivoADC_Vitis/solution1/.autopilot/db/main_core.pp.0.cpp std=gnu++14 -target fpga  
Execute         ap_eval exec -ignorestderr C:/Xilinx/Vitis_HLS/2020.2/win64/tools/clang-3.9-csynth/bin/clang-tidy -export-fixes=C:/Users/rodrigobagdadi/Desktop/RealTime/ProjetoPipelineHLS/CircuitosAvaliativos/Resistivo/ResistivoADC/ResistivoADC_Vitis/solution1/.autopilot/db/clang-tidy.main_core.pp.0.cpp.diag.yml -header-filter=.* --checks=-*,xilinx-label-all-loops,xilinx-top-parameters,xilinx-array-stream-check,xilinx-warn-mayneed-no-ctor-attribute -fix-errors C:/Users/rodrigobagdadi/Desktop/RealTime/ProjetoPipelineHLS/CircuitosAvaliativos/Resistivo/ResistivoADC/ResistivoADC_Vitis/solution1/.autopilot/db/main_core.pp.0.cpp -- -std=gnu++14 -target fpga -fhls -ferror-limit=0 > C:/Users/rodrigobagdadi/Desktop/RealTime/ProjetoPipelineHLS/CircuitosAvaliativos/Resistivo/ResistivoADC/ResistivoADC_Vitis/solution1/.autopilot/db/clang-tidy.main_core.pp.0.cpp.out.log 2> C:/Users/rodrigobagdadi/Desktop/RealTime/ProjetoPipelineHLS/CircuitosAvaliativos/Resistivo/ResistivoADC/ResistivoADC_Vitis/solution1/.autopilot/db/clang-tidy.main_core.pp.0.cpp.err.log 
Command         ap_eval done; 10.827 sec.
Execute         source C:/Xilinx/Vitis_HLS/2020.2/tps/tcl/tcllib1.11.1/yaml/yaml.tcl 
Execute           source C:/Xilinx/Vitis_HLS/2020.2/tps/tcl/tcllib1.11.1/cmdline/cmdline.tcl 
Command       clang_tidy done; 11.622 sec.
Execute       get_config_dataflow -strict_mode 
Execute       ap_eval exec -ignorestderr C:/Xilinx/Vitis_HLS/2020.2/win64/tools/clang-3.9-csynth/bin/xilinx-dataflow-lawyer -export-fixes=C:/Users/rodrigobagdadi/Desktop/RealTime/ProjetoPipelineHLS/CircuitosAvaliativos/Resistivo/ResistivoADC/ResistivoADC_Vitis/solution1/.autopilot/db/xilinx-dataflow-lawyer.main_core.pp.0.cpp.diag.yml C:/Users/rodrigobagdadi/Desktop/RealTime/ProjetoPipelineHLS/CircuitosAvaliativos/Resistivo/ResistivoADC/ResistivoADC_Vitis/solution1/.autopilot/db/main_core.pp.0.cpp -- -std=gnu++14 -target fpga -fhls -ferror-limit=0 -fstrict-dataflow > C:/Users/rodrigobagdadi/Desktop/RealTime/ProjetoPipelineHLS/CircuitosAvaliativos/Resistivo/ResistivoADC/ResistivoADC_Vitis/solution1/.autopilot/db/xilinx-dataflow-lawyer.main_core.pp.0.cpp.out.log 2> C:/Users/rodrigobagdadi/Desktop/RealTime/ProjetoPipelineHLS/CircuitosAvaliativos/Resistivo/ResistivoADC/ResistivoADC_Vitis/solution1/.autopilot/db/xilinx-dataflow-lawyer.main_core.pp.0.cpp.err.log 
Command       ap_eval done; 6.426 sec.
Execute       ap_part_info -name xc7vx485t-ffg1157-1 -data info 
INFO-FLOW: compiling source code to llvm bc
Execute       ap_eval exec -ignorestderr C:/Xilinx/Vitis_HLS/2020.2/win64/tools/clang-3.9-csynth/bin/clang -foptimization-record-file=C:/Users/rodrigobagdadi/Desktop/RealTime/ProjetoPipelineHLS/CircuitosAvaliativos/Resistivo/ResistivoADC/ResistivoADC_Vitis/solution1/.autopilot/db/clang.main_core.pp.0.cpp.diag.yml -mllvm -pass-remarks-missed=reflow|pasta|unroll -mllvm -pass-remarks=reflow|pasta|unroll|inline -fno-limit-debug-info -fhls -flto -fno-exceptions -Wno-error=c++11-narrowing C:/Users/rodrigobagdadi/Desktop/RealTime/ProjetoPipelineHLS/CircuitosAvaliativos/Resistivo/ResistivoADC/ResistivoADC_Vitis/solution1/.autopilot/db/main_core.pp.0.cpp -fno-math-errno -c -emit-llvm -mllvm -disable-llvm-optzns -Werror=implicit-function-declaration -Werror=implicit-hls-streams -Werror=return-type -Wpragmas -Wunused-parameter -fno-threadsafe-statics -fno-use-cxa-atexit -std=gnu++14 -target fpga64-xilinx-linux-gnu -D__VITIS_HLS__ -DAESL_SYN -D__SYNTHESIS__ -D__HLS_SYN__ -I C:/Xilinx/Vitis_HLS/2020.2/common/technology/autopilot -I C:/Xilinx/Vitis_HLS/2020.2/common/technology/autopilot/ap_sysc -include etc/autopilot_ssdm_op.h -D__DSP48E1__ -g -o C:/Users/rodrigobagdadi/Desktop/RealTime/ProjetoPipelineHLS/CircuitosAvaliativos/Resistivo/ResistivoADC/ResistivoADC_Vitis/solution1/.autopilot/db/main_core.bc > C:/Users/rodrigobagdadi/Desktop/RealTime/ProjetoPipelineHLS/CircuitosAvaliativos/Resistivo/ResistivoADC/ResistivoADC_Vitis/solution1/.autopilot/db/clang.main_core.pp.0.cpp.out.log 2> C:/Users/rodrigobagdadi/Desktop/RealTime/ProjetoPipelineHLS/CircuitosAvaliativos/Resistivo/ResistivoADC/ResistivoADC_Vitis/solution1/.autopilot/db/clang.main_core.pp.0.cpp.err.log 
Command       ap_eval done; 6.708 sec.
WARNING: [HLS 207-5510] 'Resource pragma' is deprecated, and it will be removed in future release. It is suggested to replace it with 'bind_op/bind_storage pragma'.: C:/Xilinx/Vitis_HLS/2020.2/common/technology/autopilot/hls_hotbm_apfixed.h:117:9
WARNING: [HLS 207-5510] 'Resource pragma' is deprecated, and it will be removed in future release. It is suggested to replace it with 'bind_op/bind_storage pragma'.: C:/Xilinx/Vitis_HLS/2020.2/common/technology/autopilot/hls_hotbm_apfixed.h:118:9
WARNING: [HLS 207-5510] 'Resource pragma' is deprecated, and it will be removed in future release. It is suggested to replace it with 'bind_op/bind_storage pragma'.: C:/Xilinx/Vitis_HLS/2020.2/common/technology/autopilot/hls_hotbm_apfixed.h:119:9
WARNING: [HLS 207-5510] 'Resource pragma' is deprecated, and it will be removed in future release. It is suggested to replace it with 'bind_op/bind_storage pragma'.: C:/Xilinx/Vitis_HLS/2020.2/common/technology/autopilot/hls_hotbm_apfixed.h:120:9
WARNING: [HLS 207-5510] 'Resource pragma' is deprecated, and it will be removed in future release. It is suggested to replace it with 'bind_op/bind_storage pragma'.: C:/Xilinx/Vitis_HLS/2020.2/common/technology/autopilot/hls_hotbm_apfixed.h:121:9
WARNING: [HLS 207-5510] 'Resource pragma' is deprecated, and it will be removed in future release. It is suggested to replace it with 'bind_op/bind_storage pragma'.: C:/Xilinx/Vitis_HLS/2020.2/common/technology/autopilot/hls_hotbm_apfixed.h:151:9
WARNING: [HLS 207-5510] 'Resource pragma' is deprecated, and it will be removed in future release. It is suggested to replace it with 'bind_op/bind_storage pragma'.: C:/Xilinx/Vitis_HLS/2020.2/common/technology/autopilot/hls_hotbm_apfixed.h:152:9
WARNING: [HLS 207-5510] 'Resource pragma' is deprecated, and it will be removed in future release. It is suggested to replace it with 'bind_op/bind_storage pragma'.: C:/Xilinx/Vitis_HLS/2020.2/common/technology/autopilot/hls_hotbm_apfixed.h:153:9
WARNING: [HLS 207-5510] 'Resource pragma' is deprecated, and it will be removed in future release. It is suggested to replace it with 'bind_op/bind_storage pragma'.: C:/Xilinx/Vitis_HLS/2020.2/common/technology/autopilot/hls_hotbm_apfixed.h:154:9
WARNING: [HLS 207-5510] 'Resource pragma' is deprecated, and it will be removed in future release. It is suggested to replace it with 'bind_op/bind_storage pragma'.: C:/Xilinx/Vitis_HLS/2020.2/common/technology/autopilot/hls_hotbm_apfixed.h:155:9
WARNING: [HLS 207-5510] 'Resource pragma' is deprecated, and it will be removed in future release. It is suggested to replace it with 'bind_op/bind_storage pragma'.: C:/Xilinx/Vitis_HLS/2020.2/common/technology/autopilot/hls_hotbm_apfixed.h:156:9
WARNING: [HLS 207-5510] 'Resource pragma' is deprecated, and it will be removed in future release. It is suggested to replace it with 'bind_op/bind_storage pragma'.: C:/Xilinx/Vitis_HLS/2020.2/common/technology/autopilot/hls_hotbm_apfixed.h:157:9
WARNING: [HLS 207-5510] 'Resource pragma' is deprecated, and it will be removed in future release. It is suggested to replace it with 'bind_op/bind_storage pragma'.: C:/Xilinx/Vitis_HLS/2020.2/common/technology/autopilot/hls_hotbm_apfixed.h:158:9
WARNING: [HLS 207-5510] 'Resource pragma' is deprecated, and it will be removed in future release. It is suggested to replace it with 'bind_op/bind_storage pragma'.: C:/Xilinx/Vitis_HLS/2020.2/common/technology/autopilot/hls_hotbm_apfixed.h:159:9
WARNING: [HLS 207-5510] 'Resource pragma' is deprecated, and it will be removed in future release. It is suggested to replace it with 'bind_op/bind_storage pragma'.: C:/Xilinx/Vitis_HLS/2020.2/common/technology/autopilot/hls_hotbm_apfixed.h:160:9
WARNING: [HLS 207-5510] 'Resource pragma' is deprecated, and it will be removed in future release. It is suggested to replace it with 'bind_op/bind_storage pragma'.: C:/Xilinx/Vitis_HLS/2020.2/common/technology/autopilot/hls_hotbm_apfixed.h:210:9
WARNING: [HLS 207-5510] 'Resource pragma' is deprecated, and it will be removed in future release. It is suggested to replace it with 'bind_op/bind_storage pragma'.: C:/Xilinx/Vitis_HLS/2020.2/common/technology/autopilot/hls_hotbm_apfixed.h:211:9
WARNING: [HLS 207-5510] 'Resource pragma' is deprecated, and it will be removed in future release. It is suggested to replace it with 'bind_op/bind_storage pragma'.: C:/Xilinx/Vitis_HLS/2020.2/common/technology/autopilot/hls_hotbm_apfixed.h:212:9
WARNING: [HLS 207-5510] 'Resource pragma' is deprecated, and it will be removed in future release. It is suggested to replace it with 'bind_op/bind_storage pragma'.: C:/Xilinx/Vitis_HLS/2020.2/common/technology/autopilot/hls_hotbm_apfixed.h:239:9
WARNING: [HLS 207-5510] 'Resource pragma' is deprecated, and it will be removed in future release. It is suggested to replace it with 'bind_op/bind_storage pragma'.: C:/Xilinx/Vitis_HLS/2020.2/common/technology/autopilot/hls_hotbm_apfixed.h:240:9
WARNING: [HLS 207-5510] 'Resource pragma' is deprecated, and it will be removed in future release. It is suggested to replace it with 'bind_op/bind_storage pragma'.: C:/Xilinx/Vitis_HLS/2020.2/common/technology/autopilot/hls_hotbm_apfixed.h:241:9
WARNING: [HLS 207-5510] 'Resource pragma' is deprecated, and it will be removed in future release. It is suggested to replace it with 'bind_op/bind_storage pragma'.: C:/Xilinx/Vitis_HLS/2020.2/common/technology/autopilot/hls_hotbm_apfixed.h:242:9
WARNING: [HLS 207-5510] 'Resource pragma' is deprecated, and it will be removed in future release. It is suggested to replace it with 'bind_op/bind_storage pragma'.: C:/Xilinx/Vitis_HLS/2020.2/common/technology/autopilot/hls_hotbm_apfixed.h:243:9
WARNING: [HLS 207-5510] 'Resource pragma' is deprecated, and it will be removed in future release. It is suggested to replace it with 'bind_op/bind_storage pragma'.: C:/Xilinx/Vitis_HLS/2020.2/common/technology/autopilot/hls_hotbm_apfixed.h:244:9
WARNING: [HLS 207-5510] 'Resource pragma' is deprecated, and it will be removed in future release. It is suggested to replace it with 'bind_op/bind_storage pragma'.: C:/Xilinx/Vitis_HLS/2020.2/common/technology/autopilot/hls_hotbm_apfixed.h:280:9
WARNING: [HLS 207-5510] 'Resource pragma' is deprecated, and it will be removed in future release. It is suggested to replace it with 'bind_op/bind_storage pragma'.: C:/Xilinx/Vitis_HLS/2020.2/common/technology/autopilot/hls_hotbm_apfixed.h:281:9
INFO: [HLS 200-111] Finished Source Code Analysis and Preprocessing: CPU user time: 3 seconds. CPU system time: 0 seconds. Elapsed time: 51.8 seconds; current allocated memory: 87.278 MB.
INFO-FLOW: Linking Debug ...
INFO-FLOW: Linking dut bc code.
Execute       run_link_or_opt -out C:/Users/rodrigobagdadi/Desktop/RealTime/ProjetoPipelineHLS/CircuitosAvaliativos/Resistivo/ResistivoADC/ResistivoADC_Vitis/solution1/.autopilot/db/a.g.ld.0.bc -args  "C:/Users/rodrigobagdadi/Desktop/RealTime/ProjetoPipelineHLS/CircuitosAvaliativos/Resistivo/ResistivoADC/ResistivoADC_Vitis/solution1/.autopilot/db/main_core.g.bc"  
Execute         ap_eval exec -ignorestderr C:/Xilinx/Vitis_HLS/2020.2/win64/tools/clang-3.9-csynth/bin/llvm-link C:/Users/rodrigobagdadi/Desktop/RealTime/ProjetoPipelineHLS/CircuitosAvaliativos/Resistivo/ResistivoADC/ResistivoADC_Vitis/solution1/.autopilot/db/main_core.g.bc -o C:/Users/rodrigobagdadi/Desktop/RealTime/ProjetoPipelineHLS/CircuitosAvaliativos/Resistivo/ResistivoADC/ResistivoADC_Vitis/solution1/.autopilot/db/a.g.ld.0.bc > C:/Users/rodrigobagdadi/Desktop/RealTime/ProjetoPipelineHLS/CircuitosAvaliativos/Resistivo/ResistivoADC/ResistivoADC_Vitis/solution1/.autopilot/db/llvm-link.a.g.ld.0.bc.out.log 2> C:/Users/rodrigobagdadi/Desktop/RealTime/ProjetoPipelineHLS/CircuitosAvaliativos/Resistivo/ResistivoADC/ResistivoADC_Vitis/solution1/.autopilot/db/llvm-link.a.g.ld.0.bc.err.log 
Command         ap_eval done; 0.346 sec.
INFO-FLOW: 
Command       run_link_or_opt done; 0.352 sec.
Execute       run_link_or_opt -opt -out C:/Users/rodrigobagdadi/Desktop/RealTime/ProjetoPipelineHLS/CircuitosAvaliativos/Resistivo/ResistivoADC/ResistivoADC_Vitis/solution1/.autopilot/db/a.g.ld.1.lower.bc -args C:/Users/rodrigobagdadi/Desktop/RealTime/ProjetoPipelineHLS/CircuitosAvaliativos/Resistivo/ResistivoADC/ResistivoADC_Vitis/solution1/.autopilot/db/a.g.ld.0.bc -reflow-lower-math-intrinsics 
Execute         ap_eval exec -ignorestderr C:/Xilinx/Vitis_HLS/2020.2/win64/tools/clang-3.9-csynth/bin/opt -pass-remarks-missed=reflow|pasta|unroll -pass-remarks=reflow|pasta|unroll|inline -pass-remarks-output=C:/Users/rodrigobagdadi/Desktop/RealTime/ProjetoPipelineHLS/CircuitosAvaliativos/Resistivo/ResistivoADC/ResistivoADC_Vitis/solution1/.autopilot/db/opt.a.g.ld.1.lower.bc.diag.yml C:/Users/rodrigobagdadi/Desktop/RealTime/ProjetoPipelineHLS/CircuitosAvaliativos/Resistivo/ResistivoADC/ResistivoADC_Vitis/solution1/.autopilot/db/a.g.ld.0.bc -reflow-lower-math-intrinsics -o C:/Users/rodrigobagdadi/Desktop/RealTime/ProjetoPipelineHLS/CircuitosAvaliativos/Resistivo/ResistivoADC/ResistivoADC_Vitis/solution1/.autopilot/db/a.g.ld.1.lower.bc > C:/Users/rodrigobagdadi/Desktop/RealTime/ProjetoPipelineHLS/CircuitosAvaliativos/Resistivo/ResistivoADC/ResistivoADC_Vitis/solution1/.autopilot/db/opt.a.g.ld.1.lower.bc.out.log 2> C:/Users/rodrigobagdadi/Desktop/RealTime/ProjetoPipelineHLS/CircuitosAvaliativos/Resistivo/ResistivoADC/ResistivoADC_Vitis/solution1/.autopilot/db/opt.a.g.ld.1.lower.bc.err.log 
Command         ap_eval done; 0.461 sec.
INFO-FLOW: 
Command       run_link_or_opt done; 0.468 sec.
INFO-FLOW: Linking math bc lib
Execute       run_link_or_opt -out C:/Users/rodrigobagdadi/Desktop/RealTime/ProjetoPipelineHLS/CircuitosAvaliativos/Resistivo/ResistivoADC/ResistivoADC_Vitis/solution1/.autopilot/db/a.g.ld.2.m1.bc -args C:/Users/rodrigobagdadi/Desktop/RealTime/ProjetoPipelineHLS/CircuitosAvaliativos/Resistivo/ResistivoADC/ResistivoADC_Vitis/solution1/.autopilot/db/a.g.ld.1.lower.bc -only-needed C:/Xilinx/Vitis_HLS/2020.2/win64/lib/libhlsm_39.bc C:/Xilinx/Vitis_HLS/2020.2/win64/lib/libhlsmc++_39.bc 
Execute         ap_eval exec -ignorestderr C:/Xilinx/Vitis_HLS/2020.2/win64/tools/clang-3.9-csynth/bin/llvm-link C:/Users/rodrigobagdadi/Desktop/RealTime/ProjetoPipelineHLS/CircuitosAvaliativos/Resistivo/ResistivoADC/ResistivoADC_Vitis/solution1/.autopilot/db/a.g.ld.1.lower.bc -only-needed C:/Xilinx/Vitis_HLS/2020.2/win64/lib/libhlsm_39.bc C:/Xilinx/Vitis_HLS/2020.2/win64/lib/libhlsmc++_39.bc -o C:/Users/rodrigobagdadi/Desktop/RealTime/ProjetoPipelineHLS/CircuitosAvaliativos/Resistivo/ResistivoADC/ResistivoADC_Vitis/solution1/.autopilot/db/a.g.ld.2.m1.bc > C:/Users/rodrigobagdadi/Desktop/RealTime/ProjetoPipelineHLS/CircuitosAvaliativos/Resistivo/ResistivoADC/ResistivoADC_Vitis/solution1/.autopilot/db/llvm-link.a.g.ld.2.m1.bc.out.log 2> C:/Users/rodrigobagdadi/Desktop/RealTime/ProjetoPipelineHLS/CircuitosAvaliativos/Resistivo/ResistivoADC/ResistivoADC_Vitis/solution1/.autopilot/db/llvm-link.a.g.ld.2.m1.bc.err.log 
Command         ap_eval done; 4.235 sec.
INFO-FLOW: 
Command       run_link_or_opt done; 4.239 sec.
Execute       run_link_or_opt -opt -out C:/Users/rodrigobagdadi/Desktop/RealTime/ProjetoPipelineHLS/CircuitosAvaliativos/Resistivo/ResistivoADC/ResistivoADC_Vitis/solution1/.autopilot/db/a.g.ld.3.fpc.bc -args C:/Users/rodrigobagdadi/Desktop/RealTime/ProjetoPipelineHLS/CircuitosAvaliativos/Resistivo/ResistivoADC/ResistivoADC_Vitis/solution1/.autopilot/db/a.g.ld.2.m1.bc -reflow-globaldce -hls-top-function-name=nodal_solver -reflow-float-conversion 
Execute         ap_eval exec -ignorestderr C:/Xilinx/Vitis_HLS/2020.2/win64/tools/clang-3.9-csynth/bin/opt -pass-remarks-missed=reflow|pasta|unroll -pass-remarks=reflow|pasta|unroll|inline -pass-remarks-output=C:/Users/rodrigobagdadi/Desktop/RealTime/ProjetoPipelineHLS/CircuitosAvaliativos/Resistivo/ResistivoADC/ResistivoADC_Vitis/solution1/.autopilot/db/opt.a.g.ld.3.fpc.bc.diag.yml C:/Users/rodrigobagdadi/Desktop/RealTime/ProjetoPipelineHLS/CircuitosAvaliativos/Resistivo/ResistivoADC/ResistivoADC_Vitis/solution1/.autopilot/db/a.g.ld.2.m1.bc -reflow-globaldce -hls-top-function-name=nodal_solver -reflow-float-conversion -o C:/Users/rodrigobagdadi/Desktop/RealTime/ProjetoPipelineHLS/CircuitosAvaliativos/Resistivo/ResistivoADC/ResistivoADC_Vitis/solution1/.autopilot/db/a.g.ld.3.fpc.bc > C:/Users/rodrigobagdadi/Desktop/RealTime/ProjetoPipelineHLS/CircuitosAvaliativos/Resistivo/ResistivoADC/ResistivoADC_Vitis/solution1/.autopilot/db/opt.a.g.ld.3.fpc.bc.out.log 2> C:/Users/rodrigobagdadi/Desktop/RealTime/ProjetoPipelineHLS/CircuitosAvaliativos/Resistivo/ResistivoADC/ResistivoADC_Vitis/solution1/.autopilot/db/opt.a.g.ld.3.fpc.bc.err.log 
Command         ap_eval done; error code: 1; 1.434 sec.
ERROR: [HLS 214-157] Top function not found: there is no function named 'nodal_solver'
INFO-FLOW: {error: Top function not found: there is no function named 'nodal_solver'}
Command       run_link_or_opt done; error code: 2; 1.449 sec.
Command     elaborate done; error code: 2; 58.386 sec.
Command   csynth_design done; error code: 2; 58.415 sec.
INFO: [HLS 200-111] Finished Command csynth_design CPU user time: 3 seconds. CPU system time: 0 seconds. Elapsed time: 58.431 seconds; current allocated memory: 87.072 MB.
Command ap_source done; error code: 1; 60.462 sec.
Execute cleanup_all 
INFO-FLOW: Workspace C:/Users/rodrigobagdadi/Desktop/RealTime/ProjetoPipelineHLS/CircuitosAvaliativos/Resistivo/ResistivoADC/ResistivoADC_Vitis/solution1 opened at Tue Jan 26 13:36:34 -0300 2021
Execute     ap_set_clock -name default -period 10 -default=false 
INFO: [SYN 201-201] Setting up clock 'default' with a period of 10ns.
Execute     ap_set_clock -name default -uncertainty 0.2 -unit % 
INFO: [SYN 201-201] Setting up clock 'default' with an uncertainty of 0.2ns.
Execute     import_lib C:/Xilinx/Vitis_HLS/2020.2/common/technology/xilinx/Virtex-7/Virtex-7 
Execute       source C:/Xilinx/Vitis_HLS/2020.2/common/technology/xilinx/interface/xilinx_interface.hlp 
Execute         source C:/Xilinx/Vitis_HLS/2020.2/common/technology/xilinx/interface/maxi.hlp 
Execute         source C:/Xilinx/Vitis_HLS/2020.2/common/technology/xilinx/interface/saxilite.hlp 
Execute       source C:/Xilinx/Vitis_HLS/2020.2/common/technology/xilinx/DSP48/dsp48.hlp 
Execute     ap_family_info -name Virtex-7 -data parts 
DBG:HLSDevice: Trying to load device library: C:/Xilinx/Vitis_HLS/2020.2\lib\win64.o\librdi_hlsvwrap.dll
DBG:HLSDevice: first parts/arch.xml in RDI_DATADIR: C:/Xilinx/Vivado/2020.2/data/parts/arch.xml
Command     ap_family_info done; 0.531 sec.
Execute     ap_part_info -name xc7vx485tffg1157-1 -data info 
Execute     source C:/Xilinx/Vitis_HLS/2020.2/common/technology/xilinx/common/xilinx.gen 
Execute       source C:/Xilinx/Vitis_HLS/2020.2/common/technology/xilinx/interface/plb46.gen 
Execute       source C:/Xilinx/Vitis_HLS/2020.2/common/technology/xilinx/interface/axi4.gen 
Execute       source C:/Xilinx/Vitis_HLS/2020.2/common/technology/xilinx/interface/nativeAXI4.gen 
Execute         source C:/Xilinx/Vitis_HLS/2020.2/common/technology/xilinx/interface/saxilite.gen 
Execute         source C:/Xilinx/Vitis_HLS/2020.2/common/technology/xilinx/interface/maxi.gen 
Execute       source C:/Xilinx/Vitis_HLS/2020.2/common/technology/xilinx/scripts/xilinxcoregen.gen 
Execute       source C:/Xilinx/Vitis_HLS/2020.2/common/technology/xilinx/interface/XilEDKCoreGen.gen 
Execute       source C:/Xilinx/Vitis_HLS/2020.2/common/technology/xilinx/ip/dds_compiler.gen 
Execute       source C:/Xilinx/Vitis_HLS/2020.2/common/technology/xilinx/ip/util.gen 
Execute       source C:/Xilinx/Vitis_HLS/2020.2/common/technology/xilinx/ip/xfft.gen 
Command       ap_source done; 0.173 sec.
Execute       source C:/Xilinx/Vitis_HLS/2020.2/common/technology/xilinx/ip/xfir.gen 
Execute       source C:/Xilinx/Vitis_HLS/2020.2/common/technology/xilinx/DSP48/dsp48.gen 
Command     ap_source done; 0.272 sec.
Execute     import_lib C:/Xilinx/Vitis_HLS/2020.2/common/technology/xilinx/Virtex-7/Virtex-7_fpv7 
Execute       source C:/Xilinx/Vitis_HLS/2020.2/common/technology/xilinx/interface/xilinx_interface.hlp 
Execute         source C:/Xilinx/Vitis_HLS/2020.2/common/technology/xilinx/interface/maxi.hlp 
Execute         source C:/Xilinx/Vitis_HLS/2020.2/common/technology/xilinx/interface/saxilite.hlp 
Execute       source C:/Xilinx/Vitis_HLS/2020.2/common/technology/xilinx/DSP48/dsp48.hlp 
Execute     source C:/Xilinx/Vitis_HLS/2020.2/common/technology/xilinx/common/xilinx.gen 
Execute       source C:/Xilinx/Vitis_HLS/2020.2/common/technology/xilinx/interface/plb46.gen 
Execute       source C:/Xilinx/Vitis_HLS/2020.2/common/technology/xilinx/interface/axi4.gen 
Execute       source C:/Xilinx/Vitis_HLS/2020.2/common/technology/xilinx/interface/nativeAXI4.gen 
Execute         source C:/Xilinx/Vitis_HLS/2020.2/common/technology/xilinx/interface/saxilite.gen 
Execute         source C:/Xilinx/Vitis_HLS/2020.2/common/technology/xilinx/interface/maxi.gen 
Execute       source C:/Xilinx/Vitis_HLS/2020.2/common/technology/xilinx/scripts/xilinxcoregen.gen 
Execute       source C:/Xilinx/Vitis_HLS/2020.2/common/technology/xilinx/interface/XilEDKCoreGen.gen 
Execute       source C:/Xilinx/Vitis_HLS/2020.2/common/technology/xilinx/ip/dds_compiler.gen 
Execute       source C:/Xilinx/Vitis_HLS/2020.2/common/technology/xilinx/ip/util.gen 
Execute       source C:/Xilinx/Vitis_HLS/2020.2/common/technology/xilinx/ip/xfft.gen 
Command       ap_source done; 0.159 sec.
Execute       source C:/Xilinx/Vitis_HLS/2020.2/common/technology/xilinx/ip/xfir.gen 
Execute       source C:/Xilinx/Vitis_HLS/2020.2/common/technology/xilinx/DSP48/dsp48.gen 
Command     ap_source done; 0.258 sec.
Execute     set_part xc7vx485tffg1157-1 
INFO-FLOW: DBG:set_part: XILINX_VIVADO=C:/Xilinx/Vivado/2020.2
INFO-FLOW: DBG:set_part: RDI_DATADIR=C:/Xilinx/Vivado/2020.2/data;C:/Xilinx/Vitis_HLS/2020.2/data
Execute       ap_part_info -name xc7vx485tffg1157-1 -data single -quiet 
Execute       ap_part_info -name xc7vx485tffg1157-1 -data info 
Execute       add_library xilinx/virtex7/virtex7:xc7vx485t:-ffg1157:-1 
Execute         get_default_platform 
Execute         open_platform DefaultPlatform 
Execute         ap_part_info -data single -name xc7vx485t-ffg1157-1 
Execute         ap_part_info -name xc7vx485t-ffg1157-1 -data resources 
Execute         config_chip_info -resource {SLICE 75900} {LUT 303600} {FF 607200} {DSP 2800} {BRAM 2060} {URAM 0} 
Execute         ap_part_info -name xc7vx485t-ffg1157-1 -data info 
Execute         config_chip_info -speed slow 
Execute         ap_part_info -name xc7vx485t-ffg1157-1 -data info 
Execute         config_library_info -library virtex7_slow 
Execute         config_library_info -family virtex7 
Execute         config_library_info -part xc7vx485t:-ffg1157:-1 
Execute         import_lib C:/Xilinx/Vitis_HLS/2020.2/common/technology/xilinx/virtex7/virtex7 
Execute           source C:/Xilinx/Vitis_HLS/2020.2/common/technology/xilinx/interface/xilinx_interface.hlp 
Execute             source C:/Xilinx/Vitis_HLS/2020.2/common/technology/xilinx/interface/maxi.hlp 
Execute             source C:/Xilinx/Vitis_HLS/2020.2/common/technology/xilinx/interface/saxilite.hlp 
Execute           source C:/Xilinx/Vitis_HLS/2020.2/common/technology/xilinx/DSP48/dsp48.hlp 
Execute           source C:/Xilinx/Vitis_HLS/2020.2/common/technology/xilinx/DSP48/virtex7_dsp48e1.hlp 
Command         import_lib done; 0.524 sec.
Execute         source C:/Xilinx/Vitis_HLS/2020.2/common/technology/xilinx/common/xilinx.gen 
Execute           source C:/Xilinx/Vitis_HLS/2020.2/common/technology/xilinx/interface/plb46.gen 
Execute           source C:/Xilinx/Vitis_HLS/2020.2/common/technology/xilinx/interface/axi4.gen 
Execute           source C:/Xilinx/Vitis_HLS/2020.2/common/technology/xilinx/interface/nativeAXI4.gen 
Execute             source C:/Xilinx/Vitis_HLS/2020.2/common/technology/xilinx/interface/saxilite.gen 
Execute             source C:/Xilinx/Vitis_HLS/2020.2/common/technology/xilinx/interface/maxi.gen 
Execute           source C:/Xilinx/Vitis_HLS/2020.2/common/technology/xilinx/scripts/xilinxcoregen.gen 
Execute           source C:/Xilinx/Vitis_HLS/2020.2/common/technology/xilinx/interface/XilEDKCoreGen.gen 
Execute           source C:/Xilinx/Vitis_HLS/2020.2/common/technology/xilinx/ip/dds_compiler.gen 
Execute           source C:/Xilinx/Vitis_HLS/2020.2/common/technology/xilinx/ip/util.gen 
Execute           source C:/Xilinx/Vitis_HLS/2020.2/common/technology/xilinx/ip/xfft.gen 
Command           ap_source done; 0.162 sec.
Execute           source C:/Xilinx/Vitis_HLS/2020.2/common/technology/xilinx/ip/xfir.gen 
Execute           source C:/Xilinx/Vitis_HLS/2020.2/common/technology/xilinx/DSP48/dsp48.gen 
Command         ap_source done; 0.262 sec.
Command       add_library done; 0.813 sec.
INFO: [HLS 200-10] Setting target device to 'xc7vx485t-ffg1157-1'
Execute       ap_part_info -name xc7vx485t-ffg1157-1 -data info 
Execute       config_compile -quiet -complex-mul-dsp=0 
Command     set_part done; 0.83 sec.
Execute     ap_part_info -data single -name xc7vx485tffg1157-1 
Execute     ap_part_info -name xc7vx485tffg1157-1 -data resources 
Execute     config_chip_info -resource {SLICE 75900} {LUT 303600} {FF 607200} {DSP 2800} {BRAM 2060} {URAM 0} 
Execute     ap_part_info -name xc7vx485tffg1157-1 -data info 
Execute     config_chip_info -speed slow 
Execute     send_msg_by_id INFO @200-1505@%s%s  vivado 
INFO: [HLS 200-1505] Using flow_target 'vivado'
Execute     get_config_interface -m_axi_latency 
Execute     get_config_interface -m_axi_alignment_byte_size 
Execute     get_config_interface -m_axi_max_widen_bitwidth 
Execute     get_config_interface -default_interface 
Execute     get_config_interface -m_axi_offset 
Execute     get_config_rtl -register_reset_num 
Command   open_solution done; 1.979 sec.
Execute   set_part xc7vx485tffg1157-1 
INFO: [HLS 200-1510] Running: set_part xc7vx485tffg1157-1 
INFO-FLOW: DBG:set_part: XILINX_VIVADO=C:/Xilinx/Vivado/2020.2
INFO-FLOW: DBG:set_part: RDI_DATADIR=C:/Xilinx/Vivado/2020.2/data;C:/Xilinx/Vitis_HLS/2020.2/data
Execute     ap_part_info -name xc7vx485tffg1157-1 -data single -quiet 
Execute     ap_part_info -name xc7vx485tffg1157-1 -data info 
Execute     add_library xilinx/virtex7/virtex7:xc7vx485t:-ffg1157:-1 
Execute       get_default_platform 
Execute       open_platform DefaultPlatform 
Execute       ap_part_info -data single -name xc7vx485t-ffg1157-1 
Execute       ap_part_info -name xc7vx485t-ffg1157-1 -data resources 
Execute       config_chip_info -resource {SLICE 75900} {LUT 303600} {FF 607200} {DSP 2800} {BRAM 2060} {URAM 0} 
Execute       ap_part_info -name xc7vx485t-ffg1157-1 -data info 
Execute       config_chip_info -speed slow 
Execute       ap_part_info -name xc7vx485t-ffg1157-1 -data info 
Execute       config_library_info -library virtex7_slow 
Execute       config_library_info -family virtex7 
Execute       config_library_info -part xc7vx485t:-ffg1157:-1 
Execute       import_lib C:/Xilinx/Vitis_HLS/2020.2/common/technology/xilinx/virtex7/virtex7 
Execute         source C:/Xilinx/Vitis_HLS/2020.2/common/technology/xilinx/interface/xilinx_interface.hlp 
Execute           source C:/Xilinx/Vitis_HLS/2020.2/common/technology/xilinx/interface/maxi.hlp 
Execute           source C:/Xilinx/Vitis_HLS/2020.2/common/technology/xilinx/interface/saxilite.hlp 
Execute         source C:/Xilinx/Vitis_HLS/2020.2/common/technology/xilinx/DSP48/dsp48.hlp 
Execute         source C:/Xilinx/Vitis_HLS/2020.2/common/technology/xilinx/DSP48/virtex7_dsp48e1.hlp 
Execute       source C:/Xilinx/Vitis_HLS/2020.2/common/technology/xilinx/common/xilinx.gen 
Execute         source C:/Xilinx/Vitis_HLS/2020.2/common/technology/xilinx/interface/plb46.gen 
Execute         source C:/Xilinx/Vitis_HLS/2020.2/common/technology/xilinx/interface/axi4.gen 
Execute         source C:/Xilinx/Vitis_HLS/2020.2/common/technology/xilinx/interface/nativeAXI4.gen 
Execute           source C:/Xilinx/Vitis_HLS/2020.2/common/technology/xilinx/interface/saxilite.gen 
Execute           source C:/Xilinx/Vitis_HLS/2020.2/common/technology/xilinx/interface/maxi.gen 
Execute         source C:/Xilinx/Vitis_HLS/2020.2/common/technology/xilinx/scripts/xilinxcoregen.gen 
Execute         source C:/Xilinx/Vitis_HLS/2020.2/common/technology/xilinx/interface/XilEDKCoreGen.gen 
Execute         source C:/Xilinx/Vitis_HLS/2020.2/common/technology/xilinx/ip/dds_compiler.gen 
Execute         source C:/Xilinx/Vitis_HLS/2020.2/common/technology/xilinx/ip/util.gen 
Execute         source C:/Xilinx/Vitis_HLS/2020.2/common/technology/xilinx/ip/xfft.gen 
Command         ap_source done; 0.159 sec.
Execute         source C:/Xilinx/Vitis_HLS/2020.2/common/technology/xilinx/ip/xfir.gen 
Execute         source C:/Xilinx/Vitis_HLS/2020.2/common/technology/xilinx/DSP48/dsp48.gen 
Command       ap_source done; 0.257 sec.
Command     add_library done; 0.295 sec.
Execute     ap_part_info -name xc7vx485t-ffg1157-1 -data info 
Execute     config_compile -quiet -complex-mul-dsp=0 
Command   set_part done; 0.31 sec.
Execute   create_clock -period 10 -name default 
INFO: [HLS 200-1510] Running: create_clock -period 10 -name default 
Execute     ap_set_clock -name default -period 10 -default=false 
INFO: [SYN 201-201] Setting up clock 'default' with a period of 10ns.
Execute   set_clock_uncertainty 2% 
INFO: [HLS 200-1510] Running: set_clock_uncertainty 2% 
Execute   csim_design -quiet 
INFO: [HLS 200-1510] Running: csim_design -quiet 
INFO: [SIM 211-2] *************** CSIM start ***************
INFO: [SIM 211-4] CSIM will launch GCC as the compiler.
Execute     source csim/.lst_opt.tcl 
Execute     ap_part_info -name xc7vx485t-ffg1157-1 -data info 
Execute     source run_sim.tcl 
Command     ap_source done; 0.489 sec.
INFO: [SIM 211-1] CSim done with 0 errors.
INFO: [SIM 211-3] *************** CSIM finish ***************
Command   csim_design done; 10.802 sec.
INFO: [HLS 200-111] Finished Command csim_design CPU user time: 3 seconds. CPU system time: 2 seconds. Elapsed time: 10.818 seconds; current allocated memory: 84.414 MB.
Command ap_source done; 13.18 sec.
Execute cleanup_all 
INFO-FLOW: Workspace C:/Users/rodrigobagdadi/Desktop/RealTime/ProjetoPipelineHLS/CircuitosAvaliativos/Resistivo/ResistivoADC/ResistivoADC_Vitis/solution1 opened at Tue Jan 26 14:23:07 -0300 2021
Execute     ap_set_clock -name default -period 10 -default=false 
INFO: [SYN 201-201] Setting up clock 'default' with a period of 10ns.
Execute     ap_set_clock -name default -uncertainty 0.2 -unit % 
INFO: [SYN 201-201] Setting up clock 'default' with an uncertainty of 0.2ns.
Execute     import_lib C:/Xilinx/Vitis_HLS/2020.2/common/technology/xilinx/Virtex-7/Virtex-7 
Execute       source C:/Xilinx/Vitis_HLS/2020.2/common/technology/xilinx/interface/xilinx_interface.hlp 
Execute         source C:/Xilinx/Vitis_HLS/2020.2/common/technology/xilinx/interface/maxi.hlp 
Execute         source C:/Xilinx/Vitis_HLS/2020.2/common/technology/xilinx/interface/saxilite.hlp 
Execute       source C:/Xilinx/Vitis_HLS/2020.2/common/technology/xilinx/DSP48/dsp48.hlp 
Execute     ap_family_info -name Virtex-7 -data parts 
DBG:HLSDevice: Trying to load device library: C:/Xilinx/Vitis_HLS/2020.2\lib\win64.o\librdi_hlsvwrap.dll
DBG:HLSDevice: first parts/arch.xml in RDI_DATADIR: C:/Xilinx/Vivado/2020.2/data/parts/arch.xml
Command     ap_family_info done; 0.525 sec.
Execute     ap_part_info -name xc7vx485tffg1157-1 -data info 
Execute     source C:/Xilinx/Vitis_HLS/2020.2/common/technology/xilinx/common/xilinx.gen 
Execute       source C:/Xilinx/Vitis_HLS/2020.2/common/technology/xilinx/interface/plb46.gen 
Execute       source C:/Xilinx/Vitis_HLS/2020.2/common/technology/xilinx/interface/axi4.gen 
Execute       source C:/Xilinx/Vitis_HLS/2020.2/common/technology/xilinx/interface/nativeAXI4.gen 
Execute         source C:/Xilinx/Vitis_HLS/2020.2/common/technology/xilinx/interface/saxilite.gen 
Execute         source C:/Xilinx/Vitis_HLS/2020.2/common/technology/xilinx/interface/maxi.gen 
Execute       source C:/Xilinx/Vitis_HLS/2020.2/common/technology/xilinx/scripts/xilinxcoregen.gen 
Execute       source C:/Xilinx/Vitis_HLS/2020.2/common/technology/xilinx/interface/XilEDKCoreGen.gen 
Execute       source C:/Xilinx/Vitis_HLS/2020.2/common/technology/xilinx/ip/dds_compiler.gen 
Execute       source C:/Xilinx/Vitis_HLS/2020.2/common/technology/xilinx/ip/util.gen 
Execute       source C:/Xilinx/Vitis_HLS/2020.2/common/technology/xilinx/ip/xfft.gen 
Command       ap_source done; 0.173 sec.
Execute       source C:/Xilinx/Vitis_HLS/2020.2/common/technology/xilinx/ip/xfir.gen 
Execute       source C:/Xilinx/Vitis_HLS/2020.2/common/technology/xilinx/DSP48/dsp48.gen 
Command     ap_source done; 0.25 sec.
Execute     import_lib C:/Xilinx/Vitis_HLS/2020.2/common/technology/xilinx/Virtex-7/Virtex-7_fpv7 
Execute       source C:/Xilinx/Vitis_HLS/2020.2/common/technology/xilinx/interface/xilinx_interface.hlp 
Execute         source C:/Xilinx/Vitis_HLS/2020.2/common/technology/xilinx/interface/maxi.hlp 
Execute         source C:/Xilinx/Vitis_HLS/2020.2/common/technology/xilinx/interface/saxilite.hlp 
Execute       source C:/Xilinx/Vitis_HLS/2020.2/common/technology/xilinx/DSP48/dsp48.hlp 
Execute     source C:/Xilinx/Vitis_HLS/2020.2/common/technology/xilinx/common/xilinx.gen 
Execute       source C:/Xilinx/Vitis_HLS/2020.2/common/technology/xilinx/interface/plb46.gen 
Execute       source C:/Xilinx/Vitis_HLS/2020.2/common/technology/xilinx/interface/axi4.gen 
Execute       source C:/Xilinx/Vitis_HLS/2020.2/common/technology/xilinx/interface/nativeAXI4.gen 
Execute         source C:/Xilinx/Vitis_HLS/2020.2/common/technology/xilinx/interface/saxilite.gen 
Execute         source C:/Xilinx/Vitis_HLS/2020.2/common/technology/xilinx/interface/maxi.gen 
Execute       source C:/Xilinx/Vitis_HLS/2020.2/common/technology/xilinx/scripts/xilinxcoregen.gen 
Execute       source C:/Xilinx/Vitis_HLS/2020.2/common/technology/xilinx/interface/XilEDKCoreGen.gen 
Execute       source C:/Xilinx/Vitis_HLS/2020.2/common/technology/xilinx/ip/dds_compiler.gen 
Execute       source C:/Xilinx/Vitis_HLS/2020.2/common/technology/xilinx/ip/util.gen 
Execute       source C:/Xilinx/Vitis_HLS/2020.2/common/technology/xilinx/ip/xfft.gen 
Command       ap_source done; 0.153 sec.
Execute       source C:/Xilinx/Vitis_HLS/2020.2/common/technology/xilinx/ip/xfir.gen 
Execute       source C:/Xilinx/Vitis_HLS/2020.2/common/technology/xilinx/DSP48/dsp48.gen 
Command     ap_source done; 0.222 sec.
Execute     set_part xc7vx485tffg1157-1 
INFO-FLOW: DBG:set_part: XILINX_VIVADO=C:/Xilinx/Vivado/2020.2
INFO-FLOW: DBG:set_part: RDI_DATADIR=C:/Xilinx/Vivado/2020.2/data;C:/Xilinx/Vitis_HLS/2020.2/data
Execute       ap_part_info -name xc7vx485tffg1157-1 -data single -quiet 
Execute       ap_part_info -name xc7vx485tffg1157-1 -data info 
Execute       add_library xilinx/virtex7/virtex7:xc7vx485t:-ffg1157:-1 
Execute         get_default_platform 
Execute         open_platform DefaultPlatform 
Execute         ap_part_info -data single -name xc7vx485t-ffg1157-1 
Execute         ap_part_info -name xc7vx485t-ffg1157-1 -data resources 
Execute         config_chip_info -resource {SLICE 75900} {LUT 303600} {FF 607200} {DSP 2800} {BRAM 2060} {URAM 0} 
Execute         ap_part_info -name xc7vx485t-ffg1157-1 -data info 
Execute         config_chip_info -speed slow 
Execute         ap_part_info -name xc7vx485t-ffg1157-1 -data info 
Execute         config_library_info -library virtex7_slow 
Execute         config_library_info -family virtex7 
Execute         config_library_info -part xc7vx485t:-ffg1157:-1 
Execute         import_lib C:/Xilinx/Vitis_HLS/2020.2/common/technology/xilinx/virtex7/virtex7 
Execute           source C:/Xilinx/Vitis_HLS/2020.2/common/technology/xilinx/interface/xilinx_interface.hlp 
Execute             source C:/Xilinx/Vitis_HLS/2020.2/common/technology/xilinx/interface/maxi.hlp 
Execute             source C:/Xilinx/Vitis_HLS/2020.2/common/technology/xilinx/interface/saxilite.hlp 
Execute           source C:/Xilinx/Vitis_HLS/2020.2/common/technology/xilinx/DSP48/dsp48.hlp 
Execute           source C:/Xilinx/Vitis_HLS/2020.2/common/technology/xilinx/DSP48/virtex7_dsp48e1.hlp 
Command         import_lib done; 0.132 sec.
Execute         source C:/Xilinx/Vitis_HLS/2020.2/common/technology/xilinx/common/xilinx.gen 
Execute           source C:/Xilinx/Vitis_HLS/2020.2/common/technology/xilinx/interface/plb46.gen 
Execute           source C:/Xilinx/Vitis_HLS/2020.2/common/technology/xilinx/interface/axi4.gen 
Execute           source C:/Xilinx/Vitis_HLS/2020.2/common/technology/xilinx/interface/nativeAXI4.gen 
Execute             source C:/Xilinx/Vitis_HLS/2020.2/common/technology/xilinx/interface/saxilite.gen 
Execute             source C:/Xilinx/Vitis_HLS/2020.2/common/technology/xilinx/interface/maxi.gen 
Execute           source C:/Xilinx/Vitis_HLS/2020.2/common/technology/xilinx/scripts/xilinxcoregen.gen 
Execute           source C:/Xilinx/Vitis_HLS/2020.2/common/technology/xilinx/interface/XilEDKCoreGen.gen 
Execute           source C:/Xilinx/Vitis_HLS/2020.2/common/technology/xilinx/ip/dds_compiler.gen 
Execute           source C:/Xilinx/Vitis_HLS/2020.2/common/technology/xilinx/ip/util.gen 
Execute           source C:/Xilinx/Vitis_HLS/2020.2/common/technology/xilinx/ip/xfft.gen 
Command           ap_source done; 0.155 sec.
Execute           source C:/Xilinx/Vitis_HLS/2020.2/common/technology/xilinx/ip/xfir.gen 
Execute           source C:/Xilinx/Vitis_HLS/2020.2/common/technology/xilinx/DSP48/dsp48.gen 
Command         ap_source done; 0.226 sec.
Command       add_library done; 0.381 sec.
INFO: [HLS 200-10] Setting target device to 'xc7vx485t-ffg1157-1'
Execute       ap_part_info -name xc7vx485t-ffg1157-1 -data info 
Execute       config_compile -quiet -complex-mul-dsp=0 
Command     set_part done; 0.398 sec.
Execute     ap_part_info -data single -name xc7vx485tffg1157-1 
Execute     ap_part_info -name xc7vx485tffg1157-1 -data resources 
Execute     config_chip_info -resource {SLICE 75900} {LUT 303600} {FF 607200} {DSP 2800} {BRAM 2060} {URAM 0} 
Execute     ap_part_info -name xc7vx485tffg1157-1 -data info 
Execute     config_chip_info -speed slow 
Execute     send_msg_by_id INFO @200-1505@%s%s  vivado 
INFO: [HLS 200-1505] Using flow_target 'vivado'
Execute     get_config_interface -m_axi_latency 
Execute     get_config_interface -m_axi_alignment_byte_size 
Execute     get_config_interface -m_axi_max_widen_bitwidth 
Execute     get_config_interface -default_interface 
Execute     get_config_interface -m_axi_offset 
Execute     get_config_rtl -register_reset_num 
Command   open_solution done; 1.479 sec.
Execute   set_part xc7vx485tffg1157-1 
INFO: [HLS 200-1510] Running: set_part xc7vx485tffg1157-1 
INFO-FLOW: DBG:set_part: XILINX_VIVADO=C:/Xilinx/Vivado/2020.2
INFO-FLOW: DBG:set_part: RDI_DATADIR=C:/Xilinx/Vivado/2020.2/data;C:/Xilinx/Vitis_HLS/2020.2/data
Execute     ap_part_info -name xc7vx485tffg1157-1 -data single -quiet 
Execute     ap_part_info -name xc7vx485tffg1157-1 -data info 
Execute     add_library xilinx/virtex7/virtex7:xc7vx485t:-ffg1157:-1 
Execute       get_default_platform 
Execute       open_platform DefaultPlatform 
Execute       ap_part_info -data single -name xc7vx485t-ffg1157-1 
Execute       ap_part_info -name xc7vx485t-ffg1157-1 -data resources 
Execute       config_chip_info -resource {SLICE 75900} {LUT 303600} {FF 607200} {DSP 2800} {BRAM 2060} {URAM 0} 
Execute       ap_part_info -name xc7vx485t-ffg1157-1 -data info 
Execute       config_chip_info -speed slow 
Execute       ap_part_info -name xc7vx485t-ffg1157-1 -data info 
Execute       config_library_info -library virtex7_slow 
Execute       config_library_info -family virtex7 
Execute       config_library_info -part xc7vx485t:-ffg1157:-1 
Execute       import_lib C:/Xilinx/Vitis_HLS/2020.2/common/technology/xilinx/virtex7/virtex7 
Execute         source C:/Xilinx/Vitis_HLS/2020.2/common/technology/xilinx/interface/xilinx_interface.hlp 
Execute           source C:/Xilinx/Vitis_HLS/2020.2/common/technology/xilinx/interface/maxi.hlp 
Execute           source C:/Xilinx/Vitis_HLS/2020.2/common/technology/xilinx/interface/saxilite.hlp 
Execute         source C:/Xilinx/Vitis_HLS/2020.2/common/technology/xilinx/DSP48/dsp48.hlp 
Execute         source C:/Xilinx/Vitis_HLS/2020.2/common/technology/xilinx/DSP48/virtex7_dsp48e1.hlp 
Execute       source C:/Xilinx/Vitis_HLS/2020.2/common/technology/xilinx/common/xilinx.gen 
Execute         source C:/Xilinx/Vitis_HLS/2020.2/common/technology/xilinx/interface/plb46.gen 
Execute         source C:/Xilinx/Vitis_HLS/2020.2/common/technology/xilinx/interface/axi4.gen 
Execute         source C:/Xilinx/Vitis_HLS/2020.2/common/technology/xilinx/interface/nativeAXI4.gen 
Execute           source C:/Xilinx/Vitis_HLS/2020.2/common/technology/xilinx/interface/saxilite.gen 
Execute           source C:/Xilinx/Vitis_HLS/2020.2/common/technology/xilinx/interface/maxi.gen 
Execute         source C:/Xilinx/Vitis_HLS/2020.2/common/technology/xilinx/scripts/xilinxcoregen.gen 
Execute         source C:/Xilinx/Vitis_HLS/2020.2/common/technology/xilinx/interface/XilEDKCoreGen.gen 
Execute         source C:/Xilinx/Vitis_HLS/2020.2/common/technology/xilinx/ip/dds_compiler.gen 
Execute         source C:/Xilinx/Vitis_HLS/2020.2/common/technology/xilinx/ip/util.gen 
Execute         source C:/Xilinx/Vitis_HLS/2020.2/common/technology/xilinx/ip/xfft.gen 
Command         ap_source done; 0.155 sec.
Execute         source C:/Xilinx/Vitis_HLS/2020.2/common/technology/xilinx/ip/xfir.gen 
Execute         source C:/Xilinx/Vitis_HLS/2020.2/common/technology/xilinx/DSP48/dsp48.gen 
Command       ap_source done; 0.223 sec.
Command     add_library done; 0.256 sec.
Execute     ap_part_info -name xc7vx485t-ffg1157-1 -data info 
Execute     config_compile -quiet -complex-mul-dsp=0 
Command   set_part done; 0.27 sec.
Execute   create_clock -period 10 -name default 
INFO: [HLS 200-1510] Running: create_clock -period 10 -name default 
Execute     ap_set_clock -name default -period 10 -default=false 
INFO: [SYN 201-201] Setting up clock 'default' with a period of 10ns.
Execute   set_clock_uncertainty 2% 
INFO: [HLS 200-1510] Running: set_clock_uncertainty 2% 
Execute   source ./ResistivoADC_Vitis/solution1/directives.tcl 
Execute     set_directive_top -name nodal_solver nodal_solver 
INFO: [HLS 200-1510] Running: set_directive_top -name nodal_solver nodal_solver 
INFO-FLOW: Setting directive 'TOP' name=nodal_solver 
Execute   csim_design -quiet 
INFO: [HLS 200-1510] Running: csim_design -quiet 
INFO: [SIM 211-2] *************** CSIM start ***************
INFO: [SIM 211-4] CSIM will launch GCC as the compiler.
Execute     source csim/.lst_opt.tcl 
Execute     ap_part_info -name xc7vx485t-ffg1157-1 -data info 
Execute     source run_sim.tcl 
Command     ap_source done; 0.625 sec.
INFO: [SIM 211-1] CSim done with 0 errors.
INFO: [SIM 211-3] *************** CSIM finish ***************
Command   csim_design done; 10.621 sec.
INFO: [HLS 200-111] Finished Command csim_design CPU user time: 1 seconds. CPU system time: 1 seconds. Elapsed time: 10.636 seconds; current allocated memory: 84.508 MB.
Command ap_source done; 12.47 sec.
Execute cleanup_all 
