

================================================================
== Vitis HLS Report for 'sin_or_cos_double_s'
================================================================
* Date:           Sat Feb  6 16:57:05 2021

* Version:        2020.2 (Build 3064766 on Wed Nov 18 09:12:45 MST 2020)
* Project:        RLCADCungrounded_Vitis
* Solution:       solution1 (Vivado IP Flow Target)
* Product family: virtex7
* Target device:  xc7vx485t-ffg1157-1


================================================================
== Performance Estimates
================================================================
+ Timing: 
    * Summary: 
    +--------+----------+----------+------------+
    |  Clock |  Target  | Estimated| Uncertainty|
    +--------+----------+----------+------------+
    |ap_clk  |  10.00 ns|  9.700 ns|     0.20 ns|
    +--------+----------+----------+------------+

+ Latency: 
    * Summary: 
    +---------+---------+----------+----------+-----+-----+---------+
    |  Latency (cycles) |  Latency (absolute) |  Interval | Pipeline|
    |   min   |   max   |    min   |    max   | min | max |   Type  |
    +---------+---------+----------+----------+-----+-----+---------+
    |       12|       12|  0.120 us|  0.120 us|    1|    1|      yes|
    +---------+---------+----------+----------+-----+-----+---------+

    + Detail: 
        * Instance: 
        N/A

        * Loop: 
        N/A

============================================================
+ Verbose Summary: Synthesis Manager
============================================================
InlineROM: 1
ExposeGlobal: 0
============================================================
+ Verbose Summary: CDFG Model
============================================================
IsTopModel: 0
ResetActiveHigh: 1
IsCombinational: 0
IsDatapathOnly: 0
HasWiredReturn: 1
HasMFsm: 2
HasVarLatency: 0
IsPipeline: 1
IsRtlPipelined: 1
IsInstanceOverlapped: 0
IsDontTouch: 0
HasImplIP: 0
IsGatedGlobalClock: 0

+ Individual pipeline summary: 
  * Pipeline-0: initiation interval (II) = 1, depth = 13


============================================================
+ Verbose Summary: Schedule
============================================================
* Number of FSM states : 13
* Pipeline : 1
  Pipeline-0 : II = 1, D = 13, States = { 1 2 3 4 5 6 7 8 9 10 11 12 13 }
* Dataflow Pipeline: 0

* FSM state transitions: 
1 --> 2 
2 --> 3 
3 --> 4 
4 --> 5 
5 --> 6 
6 --> 7 
7 --> 8 
8 --> 9 
9 --> 10 
10 --> 11 
11 --> 12 
12 --> 13 
13 --> 

* FSM state operations: 

State 1 <SV = 0> <Delay = 4.84>
ST_1 : Operation 14 [1/1] (0.00ns)   --->   "%t_in_read = read i64 @_ssdm_op_Read.ap_auto.double, i64 %t_in" [r:/ci/prod/2020.2/rdi_builds/continuous/2020_11_18_3064766/src/shared/hls/clib/src/hls\utils/x_hls_utils.h:483]   --->   Operation 14 'read' 't_in_read' <Predicate = true> <Delay = 0.00>
ST_1 : Operation 15 [1/1] (0.00ns)   --->   "%data_V = bitcast i64 %t_in_read" [r:/ci/prod/2020.2/rdi_builds/continuous/2020_11_18_3064766/src/shared/hls/clib/src/hls\utils/x_hls_utils.h:483]   --->   Operation 15 'bitcast' 'data_V' <Predicate = true> <Delay = 0.00>
ST_1 : Operation 16 [1/1] (0.00ns)   --->   "%p_Result_21 = bitselect i1 @_ssdm_op_BitSelect.i1.i64.i32, i64 %data_V, i32 63"   --->   Operation 16 'bitselect' 'p_Result_21' <Predicate = true> <Delay = 0.00>
ST_1 : Operation 17 [1/1] (0.00ns)   --->   "%tmp_14 = partselect i11 @_ssdm_op_PartSelect.i11.i64.i32.i32, i64 %data_V, i32 52, i32 62"   --->   Operation 17 'partselect' 'tmp_14' <Predicate = true> <Delay = 0.00>
ST_1 : Operation 18 [1/1] (0.00ns)   --->   "%tmp_15 = trunc i64 %data_V"   --->   Operation 18 'trunc' 'tmp_15' <Predicate = true> <Delay = 0.00>
ST_1 : Operation 19 [1/1] (1.23ns)   --->   "%closepath = icmp_ult  i11 %tmp_14, i11 1022"   --->   Operation 19 'icmp' 'closepath' <Predicate = true> <Delay = 1.23> <CoreInst = "Cmp">   --->   Core 9 'Cmp' <Latency = 0> <II = 1> <Delay = 1.23> <FuncUnit> <Opcode : 'icmp'> <InPorts = 2> <OutPorts = 1>
ST_1 : Operation 20 [1/1] (1.46ns)   --->   "%add_ln116 = add i11 %tmp_14, i11 1101"   --->   Operation 20 'add' 'add_ln116' <Predicate = true> <Delay = 1.46> <CoreInst = "Adder">   --->   Core 1 'Adder' <Latency = 0> <II = 1> <Delay = 1.63> <FuncUnit> <Opcode : 'add' 'sub'> <InPorts = 2> <OutPorts = 1>
ST_1 : Operation 21 [1/1] (0.71ns)   --->   "%addr = select i1 %closepath, i11 74, i11 %add_ln116"   --->   Operation 21 'select' 'addr' <Predicate = true> <Delay = 0.71> <CoreInst = "Sel">   --->   Core 73 'Sel' <Latency = 0> <II = 1> <Delay = 0.67> <FuncUnit> <Opcode : 'select'> <InPorts = 3> <OutPorts = 1>
ST_1 : Operation 22 [1/1] (0.00ns)   --->   "%p_Result_s = partselect i4 @_ssdm_op_PartSelect.i4.i11.i32.i32, i11 %addr, i32 7, i32 10"   --->   Operation 22 'partselect' 'p_Result_s' <Predicate = true> <Delay = 0.00>
ST_1 : Operation 23 [1/1] (0.00ns)   --->   "%zext_ln662 = zext i4 %p_Result_s"   --->   Operation 23 'zext' 'zext_ln662' <Predicate = true> <Delay = 0.00>
ST_1 : Operation 24 [1/1] (0.00ns)   --->   "%ref_4oPi_table_256_V_addr = getelementptr i256 %ref_4oPi_table_256_V, i64 0, i64 %zext_ln662" [r:/ci/prod/2020.2/rdi_builds/continuous/2020_11_18_3064766/src/shared/hls/clib/hlsmath/include/FloatingPoint/hls_range_redux.h:426]   --->   Operation 24 'getelementptr' 'ref_4oPi_table_256_V_addr' <Predicate = true> <Delay = 0.00>
ST_1 : Operation 25 [2/2] (2.66ns)   --->   "%table_256_V = load i4 %ref_4oPi_table_256_V_addr" [r:/ci/prod/2020.2/rdi_builds/continuous/2020_11_18_3064766/src/shared/hls/clib/hlsmath/include/FloatingPoint/hls_range_redux.h:426]   --->   Operation 25 'load' 'table_256_V' <Predicate = true> <Delay = 2.66> <CoreInst = "ROM">   --->   Core 95 'ROM' <Latency = 1> <II = 1> <Delay = 2.66> <Storage> <Opcode : 'load'> <Ports = 0> <Width = 256> <Depth = 10> <ROM>
ST_1 : Operation 26 [1/1] (0.00ns)   --->   "%trunc_ln628 = trunc i11 %addr"   --->   Operation 26 'trunc' 'trunc_ln628' <Predicate = true> <Delay = 0.00>

State 2 <SV = 1> <Delay = 5.61>
ST_2 : Operation 27 [1/2] (2.66ns)   --->   "%table_256_V = load i4 %ref_4oPi_table_256_V_addr" [r:/ci/prod/2020.2/rdi_builds/continuous/2020_11_18_3064766/src/shared/hls/clib/hlsmath/include/FloatingPoint/hls_range_redux.h:426]   --->   Operation 27 'load' 'table_256_V' <Predicate = true> <Delay = 2.66> <CoreInst = "ROM">   --->   Core 95 'ROM' <Latency = 1> <II = 1> <Delay = 2.66> <Storage> <Opcode : 'load'> <Ports = 0> <Width = 256> <Depth = 10> <ROM>
ST_2 : Operation 28 [1/1] (0.00ns)   --->   "%zext_ln735 = zext i7 %trunc_ln628"   --->   Operation 28 'zext' 'zext_ln735' <Predicate = true> <Delay = 0.00>
ST_2 : Operation 29 [1/1] (2.94ns)   --->   "%r_2 = shl i256 %table_256_V, i256 %zext_ln735"   --->   Operation 29 'shl' 'r_2' <Predicate = true> <Delay = 2.94> <CoreInst = "Shifter">   --->   Core 75 'Shifter' <Latency = 0> <II = 1> <Delay = 2.90> <FuncUnit> <Opcode : 'shl' 'lshr' 'ashr'> <InPorts = 2> <OutPorts = 1>
ST_2 : Operation 30 [1/1] (0.00ns)   --->   "%Med_V = partselect i170 @_ssdm_op_PartSelect.i170.i256.i32.i32, i256 %r_2, i32 86, i32 255"   --->   Operation 30 'partselect' 'Med_V' <Predicate = true> <Delay = 0.00>

State 3 <SV = 2> <Delay = 8.51>
ST_3 : Operation 31 [1/1] (0.00ns)   --->   "%p_Result_22 = bitconcatenate i53 @_ssdm_op_BitConcatenate.i53.i1.i52, i1 1, i52 %tmp_15"   --->   Operation 31 'bitconcatenate' 'p_Result_22' <Predicate = true> <Delay = 0.00>
ST_3 : Operation 32 [1/1] (0.00ns)   --->   "%zext_ln1299 = zext i53 %p_Result_22"   --->   Operation 32 'zext' 'zext_ln1299' <Predicate = true> <Delay = 0.00>
ST_3 : Operation 33 [2/2] (8.51ns)   --->   "%ret = mul i170 %Med_V, i170 %zext_ln1299"   --->   Operation 33 'mul' 'ret' <Predicate = true> <Delay = 8.51> <CoreInst = "Multiplier">   --->   Core 3 'Multiplier' <Latency = 0> <II = 1> <Delay = 9.70> <FuncUnit> <Opcode : 'mul'> <InPorts = 2> <OutPorts = 1>
ST_3 : Operation 34 [1/1] (1.73ns)   --->   "%icmp_ln824_1 = icmp_eq  i52 %tmp_15, i52 0"   --->   Operation 34 'icmp' 'icmp_ln824_1' <Predicate = true> <Delay = 1.73> <CoreInst = "Cmp">   --->   Core 9 'Cmp' <Latency = 0> <II = 1> <Delay = 1.23> <FuncUnit> <Opcode : 'icmp'> <InPorts = 2> <OutPorts = 1>

State 4 <SV = 3> <Delay = 8.51>
ST_4 : Operation 35 [1/2] (8.51ns)   --->   "%ret = mul i170 %Med_V, i170 %zext_ln1299"   --->   Operation 35 'mul' 'ret' <Predicate = true> <Delay = 8.51> <CoreInst = "Multiplier">   --->   Core 3 'Multiplier' <Latency = 0> <II = 1> <Delay = 9.70> <FuncUnit> <Opcode : 'mul'> <InPorts = 2> <OutPorts = 1>
ST_4 : Operation 36 [1/1] (0.00ns)   --->   "%Mx_bits_V = partselect i124 @_ssdm_op_PartSelect.i124.i170.i32.i32, i170 %ret, i32 43, i32 166"   --->   Operation 36 'partselect' 'Mx_bits_V' <Predicate = true> <Delay = 0.00>
ST_4 : Operation 37 [1/1] (0.00ns)   --->   "%k_V = partselect i3 @_ssdm_op_PartSelect.i3.i170.i32.i32, i170 %ret, i32 167, i32 169"   --->   Operation 37 'partselect' 'k_V' <Predicate = (!closepath)> <Delay = 0.00>

State 5 <SV = 4> <Delay = 6.75>
ST_5 : Operation 38 [1/1] (1.46ns)   --->   "%Ex_V = add i11 %tmp_14, i11 1027"   --->   Operation 38 'add' 'Ex_V' <Predicate = (closepath)> <Delay = 1.46> <CoreInst = "Adder">   --->   Core 1 'Adder' <Latency = 0> <II = 1> <Delay = 1.63> <FuncUnit> <Opcode : 'add' 'sub'> <InPorts = 2> <OutPorts = 1>
ST_5 : Operation 39 [1/1] (0.00ns) (grouped into LUT with out node Ex_V_3)   --->   "%select_ln482 = select i1 %closepath, i11 %Ex_V, i11 0" [r:/ci/prod/2020.2/rdi_builds/continuous/2020_11_18_3064766/src/shared/hls/clib/hlsmath/include/FloatingPoint/hls_range_redux.h:482]   --->   Operation 39 'select' 'select_ln482' <Predicate = true> <Delay = 0.00> <CoreInst = "Sel">   --->   Core 73 'Sel' <Latency = 0> <II = 1> <Delay = 0.67> <FuncUnit> <Opcode : 'select'> <InPorts = 3> <OutPorts = 1>
ST_5 : Operation 40 [1/1] (0.00ns) (grouped into LUT with out node Mx_bits_V_3)   --->   "%tmp_10 = bitselect i1 @_ssdm_op_BitSelect.i1.i170.i32, i170 %ret, i32 167" [r:/ci/prod/2020.2/rdi_builds/continuous/2020_11_18_3064766/src/shared/hls/clib/hlsmath/include/FloatingPoint\hls_hotbm.h:259]   --->   Operation 40 'bitselect' 'tmp_10' <Predicate = (!closepath)> <Delay = 0.00>
ST_5 : Operation 41 [1/1] (2.86ns)   --->   "%Mx_bits_V_1 = sub i124 0, i124 %Mx_bits_V"   --->   Operation 41 'sub' 'Mx_bits_V_1' <Predicate = (!closepath)> <Delay = 2.86> <CoreInst = "Adder">   --->   Core 1 'Adder' <Latency = 0> <II = 1> <Delay = 1.63> <FuncUnit> <Opcode : 'add' 'sub'> <InPorts = 2> <OutPorts = 1>
ST_5 : Operation 42 [1/1] (0.00ns) (grouped into LUT with out node Mx_bits_V_3)   --->   "%select_ln520 = select i1 %tmp_10, i124 %Mx_bits_V_1, i124 %Mx_bits_V" [r:/ci/prod/2020.2/rdi_builds/continuous/2020_11_18_3064766/src/shared/hls/clib/hlsmath/include/FloatingPoint/hls_range_redux.h:520]   --->   Operation 42 'select' 'select_ln520' <Predicate = (!closepath)> <Delay = 0.00> <CoreInst = "Sel">   --->   Core 73 'Sel' <Latency = 0> <II = 1> <Delay = 0.67> <FuncUnit> <Opcode : 'select'> <InPorts = 3> <OutPorts = 1>
ST_5 : Operation 43 [1/1] (0.65ns)   --->   "%select_ln832 = select i1 %closepath, i3 0, i3 %k_V"   --->   Operation 43 'select' 'select_ln832' <Predicate = true> <Delay = 0.65> <CoreInst = "Sel">   --->   Core 73 'Sel' <Latency = 0> <II = 1> <Delay = 0.67> <FuncUnit> <Opcode : 'select'> <InPorts = 3> <OutPorts = 1>
ST_5 : Operation 44 [1/1] (0.95ns) (out node of the LUT)   --->   "%Mx_bits_V_3 = select i1 %closepath, i124 %Mx_bits_V, i124 %select_ln520"   --->   Operation 44 'select' 'Mx_bits_V_3' <Predicate = true> <Delay = 0.95> <CoreInst = "Sel">   --->   Core 73 'Sel' <Latency = 0> <II = 1> <Delay = 0.67> <FuncUnit> <Opcode : 'select'> <InPorts = 3> <OutPorts = 1>
ST_5 : Operation 45 [1/1] (0.00ns)   --->   "%p_Result_2 = partselect i61 @_ssdm_op_PartSelect.i61.i124.i32.i32, i124 %Mx_bits_V_3, i32 63, i32 123"   --->   Operation 45 'partselect' 'p_Result_2' <Predicate = true> <Delay = 0.00>
ST_5 : Operation 46 [1/1] (0.00ns)   --->   "%p_Result_23 = bitconcatenate i62 @_ssdm_op_BitConcatenate.i62.i61.i1, i61 %p_Result_2, i1 1"   --->   Operation 46 'bitconcatenate' 'p_Result_23' <Predicate = true> <Delay = 0.00>
ST_5 : Operation 47 [1/1] (0.00ns)   --->   "%p_Result_4 = partselect i62 @llvm.part.select.i62, i62 %p_Result_23, i32 61, i32 0"   --->   Operation 47 'partselect' 'p_Result_4' <Predicate = true> <Delay = 0.00>
ST_5 : Operation 48 [1/1] (0.00ns)   --->   "%p_Result_24 = bitconcatenate i64 @_ssdm_op_BitConcatenate.i64.i2.i62, i2 3, i62 %p_Result_4"   --->   Operation 48 'bitconcatenate' 'p_Result_24' <Predicate = true> <Delay = 0.00>
ST_5 : Operation 49 [1/1] (0.00ns)   --->   "%tmp = cttz i64 @llvm.cttz.i64, i64 %p_Result_24, i1 1"   --->   Operation 49 'cttz' 'tmp' <Predicate = true> <Delay = 0.00>
ST_5 : Operation 50 [1/1] (0.00ns)   --->   "%Mx_zeros = trunc i64 %tmp"   --->   Operation 50 'trunc' 'Mx_zeros' <Predicate = true> <Delay = 0.00>
ST_5 : Operation 51 [1/1] (0.00ns) (grouped into LUT with out node Ex_V_3)   --->   "%zext_ln646 = zext i7 %Mx_zeros"   --->   Operation 51 'zext' 'zext_ln646' <Predicate = true> <Delay = 0.00>
ST_5 : Operation 52 [1/1] (0.00ns)   --->   "%zext_ln1253 = zext i7 %Mx_zeros"   --->   Operation 52 'zext' 'zext_ln1253' <Predicate = true> <Delay = 0.00>
ST_5 : Operation 53 [1/1] (2.93ns)   --->   "%r = shl i124 %Mx_bits_V_3, i124 %zext_ln1253"   --->   Operation 53 'shl' 'r' <Predicate = true> <Delay = 2.93> <CoreInst = "Shifter">   --->   Core 75 'Shifter' <Latency = 0> <II = 1> <Delay = 2.90> <FuncUnit> <Opcode : 'shl' 'lshr' 'ashr'> <InPorts = 2> <OutPorts = 1>
ST_5 : Operation 54 [1/1] (0.00ns)   --->   "%Mx_V = partselect i63 @_ssdm_op_PartSelect.i63.i124.i32.i32, i124 %r, i32 61, i32 123"   --->   Operation 54 'partselect' 'Mx_V' <Predicate = true> <Delay = 0.00>
ST_5 : Operation 55 [1/1] (1.46ns) (out node of the LUT)   --->   "%Ex_V_3 = sub i11 %select_ln482, i11 %zext_ln646"   --->   Operation 55 'sub' 'Ex_V_3' <Predicate = true> <Delay = 1.46> <CoreInst = "Adder">   --->   Core 1 'Adder' <Latency = 0> <II = 1> <Delay = 1.63> <FuncUnit> <Opcode : 'add' 'sub'> <InPorts = 2> <OutPorts = 1>
ST_5 : Operation 56 [1/1] (0.00ns)   --->   "%isNeg = bitselect i1 @_ssdm_op_BitSelect.i1.i11.i32, i11 %Ex_V_3, i32 10"   --->   Operation 56 'bitselect' 'isNeg' <Predicate = true> <Delay = 0.00>
ST_5 : Operation 57 [1/1] (1.14ns)   --->   "%cos_basis = mux i1 @_ssdm_op_Mux.ap_auto.8i1.i3, i1 0, i1 1, i1 1, i1 0, i1 0, i1 1, i1 1, i1 0, i3 %select_ln832" [r:/ci/prod/2020.2/rdi_builds/continuous/2020_11_18_3064766/src/shared/hls/clib/hlsmath/include/FloatingPoint\hls_hotbm.h:271]   --->   Operation 57 'mux' 'cos_basis' <Predicate = true> <Delay = 1.14> <CoreInst = "Multiplexer">   --->   Core 76 'Multiplexer' <Latency = 0> <II = 1> <Delay = 1.14> <FuncUnit> <Opcode : 'mux'> <InPorts = 2> <OutPorts = 1>
ST_5 : Operation 58 [1/1] (0.00ns)   --->   "%p_Result_26 = bitconcatenate i4 @_ssdm_op_BitConcatenate.i4.i1.i3, i1 %p_Result_21, i3 %select_ln832"   --->   Operation 58 'bitconcatenate' 'p_Result_26' <Predicate = true> <Delay = 0.00>
ST_5 : Operation 59 [1/1] (0.00ns) (grouped into LUT with out node results_sign_V)   --->   "%tmp_s = mux i1 @_ssdm_op_Mux.ap_auto.16i1.i4, i1 0, i1 0, i1 0, i1 1, i1 1, i1 1, i1 1, i1 0, i1 0, i1 1, i1 1, i1 1, i1 1, i1 0, i1 0, i1 0, i4 %p_Result_26" [r:/ci/prod/2020.2/rdi_builds/continuous/2020_11_18_3064766/src/shared/hls/clib/hlsmath/include/FloatingPoint\hls_hotbm.h:296]   --->   Operation 59 'mux' 'tmp_s' <Predicate = true> <Delay = 0.00> <CoreInst = "Multiplexer">   --->   Core 76 'Multiplexer' <Latency = 0> <II = 1> <Delay = 1.28> <FuncUnit> <Opcode : 'mux'> <InPorts = 2> <OutPorts = 1>
ST_5 : Operation 60 [1/1] (0.00ns) (grouped into LUT with out node results_sign_V)   --->   "%tmp_1 = mux i1 @_ssdm_op_Mux.ap_auto.16i1.i4, i1 0, i1 0, i1 1, i1 0, i1 1, i1 1, i1 0, i1 1, i1 1, i1 0, i1 1, i1 1, i1 0, i1 1, i1 0, i1 0, i4 %p_Result_26" [r:/ci/prod/2020.2/rdi_builds/continuous/2020_11_18_3064766/src/shared/hls/clib/hlsmath/include/FloatingPoint\hls_hotbm.h:296]   --->   Operation 60 'mux' 'tmp_1' <Predicate = true> <Delay = 0.00> <CoreInst = "Multiplexer">   --->   Core 76 'Multiplexer' <Latency = 0> <II = 1> <Delay = 1.28> <FuncUnit> <Opcode : 'mux'> <InPorts = 2> <OutPorts = 1>
ST_5 : Operation 61 [1/1] (0.00ns) (grouped into LUT with out node results_sign_V)   --->   "%results_sign_V_1 = select i1 %cos_basis, i1 %tmp_s, i1 %tmp_1" [r:/ci/prod/2020.2/rdi_builds/continuous/2020_11_18_3064766/src/shared/hls/clib/hlsmath/include/FloatingPoint\hls_hotbm.h:271]   --->   Operation 61 'select' 'results_sign_V_1' <Predicate = true> <Delay = 0.00> <CoreInst = "Sel">   --->   Core 73 'Sel' <Latency = 0> <II = 1> <Delay = 0.67> <FuncUnit> <Opcode : 'select'> <InPorts = 3> <OutPorts = 1>
ST_5 : Operation 62 [1/1] (1.23ns)   --->   "%icmp_ln824 = icmp_eq  i11 %tmp_14, i11 0"   --->   Operation 62 'icmp' 'icmp_ln824' <Predicate = true> <Delay = 1.23> <CoreInst = "Cmp">   --->   Core 9 'Cmp' <Latency = 0> <II = 1> <Delay = 1.23> <FuncUnit> <Opcode : 'icmp'> <InPorts = 2> <OutPorts = 1>
ST_5 : Operation 63 [1/1] (0.61ns)   --->   "%and_ln300 = and i1 %icmp_ln824, i1 %icmp_ln824_1" [r:/ci/prod/2020.2/rdi_builds/continuous/2020_11_18_3064766/src/shared/hls/clib/hlsmath/include/FloatingPoint\hls_hotbm.h:300]   --->   Operation 63 'and' 'and_ln300' <Predicate = true> <Delay = 0.61> <CoreInst = "LogicGate">   --->   Core 74 'LogicGate' <Latency = 0> <II = 1> <Delay = 0.61> <FuncUnit> <Opcode : 'and' 'or' 'xor'> <InPorts = 2> <OutPorts = 1>
ST_5 : Operation 64 [1/1] (1.23ns)   --->   "%icmp_ln824_2 = icmp_eq  i11 %tmp_14, i11 2047"   --->   Operation 64 'icmp' 'icmp_ln824_2' <Predicate = true> <Delay = 1.23> <CoreInst = "Cmp">   --->   Core 9 'Cmp' <Latency = 0> <II = 1> <Delay = 1.23> <FuncUnit> <Opcode : 'icmp'> <InPorts = 2> <OutPorts = 1>
ST_5 : Operation 65 [1/1] (0.00ns) (grouped into LUT with out node results_sign_V)   --->   "%xor_ln311 = xor i1 %icmp_ln824_2, i1 1" [r:/ci/prod/2020.2/rdi_builds/continuous/2020_11_18_3064766/src/shared/hls/clib/hlsmath/include/FloatingPoint\hls_hotbm.h:311]   --->   Operation 65 'xor' 'xor_ln311' <Predicate = true> <Delay = 0.00> <CoreInst = "LogicGate">   --->   Core 74 'LogicGate' <Latency = 0> <II = 1> <Delay = 0.61> <FuncUnit> <Opcode : 'and' 'or' 'xor'> <InPorts = 2> <OutPorts = 1>
ST_5 : Operation 66 [1/1] (0.00ns) (grouped into LUT with out node results_sign_V)   --->   "%and_ln311 = and i1 %results_sign_V_1, i1 %xor_ln311" [r:/ci/prod/2020.2/rdi_builds/continuous/2020_11_18_3064766/src/shared/hls/clib/hlsmath/include/FloatingPoint\hls_hotbm.h:311]   --->   Operation 66 'and' 'and_ln311' <Predicate = true> <Delay = 0.00> <CoreInst = "LogicGate">   --->   Core 74 'LogicGate' <Latency = 0> <II = 1> <Delay = 0.61> <FuncUnit> <Opcode : 'and' 'or' 'xor'> <InPorts = 2> <OutPorts = 1>
ST_5 : Operation 67 [1/1] (1.28ns) (out node of the LUT)   --->   "%results_sign_V = select i1 %and_ln300, i1 %p_Result_21, i1 %and_ln311" [r:/ci/prod/2020.2/rdi_builds/continuous/2020_11_18_3064766/src/shared/hls/clib/hlsmath/include/FloatingPoint\hls_hotbm.h:300]   --->   Operation 67 'select' 'results_sign_V' <Predicate = true> <Delay = 1.28> <CoreInst = "Sel">   --->   Core 73 'Sel' <Latency = 0> <II = 1> <Delay = 0.67> <FuncUnit> <Opcode : 'select'> <InPorts = 3> <OutPorts = 1>

State 6 <SV = 5> <Delay = 6.56>
ST_6 : Operation 68 [1/1] (0.00ns)   --->   "%sext_ln1334 = sext i11 %Ex_V_3"   --->   Operation 68 'sext' 'sext_ln1334' <Predicate = true> <Delay = 0.00>
ST_6 : Operation 69 [1/1] (1.46ns)   --->   "%sub_ln1311 = sub i12 0, i12 %sext_ln1334"   --->   Operation 69 'sub' 'sub_ln1311' <Predicate = (isNeg)> <Delay = 1.46> <CoreInst = "Adder">   --->   Core 1 'Adder' <Latency = 0> <II = 1> <Delay = 1.63> <FuncUnit> <Opcode : 'add' 'sub'> <InPorts = 2> <OutPorts = 1>
ST_6 : Operation 70 [1/1] (0.76ns)   --->   "%ush = select i1 %isNeg, i12 %sub_ln1311, i12 %sext_ln1334"   --->   Operation 70 'select' 'ush' <Predicate = true> <Delay = 0.76> <CoreInst = "Sel">   --->   Core 73 'Sel' <Latency = 0> <II = 1> <Delay = 0.67> <FuncUnit> <Opcode : 'select'> <InPorts = 3> <OutPorts = 1>
ST_6 : Operation 71 [1/1] (0.00ns)   --->   "%sh_prom_i_i_i_i_cast_cast_cast = sext i12 %ush"   --->   Operation 71 'sext' 'sh_prom_i_i_i_i_cast_cast_cast' <Predicate = true> <Delay = 0.00>
ST_6 : Operation 72 [1/1] (0.00ns)   --->   "%sh_prom_i_i_i_i_cast_cast_cast_cast = zext i32 %sh_prom_i_i_i_i_cast_cast_cast"   --->   Operation 72 'zext' 'sh_prom_i_i_i_i_cast_cast_cast_cast' <Predicate = true> <Delay = 0.00>
ST_6 : Operation 73 [1/1] (0.00ns) (grouped into LUT with out node r_V_14)   --->   "%r_V = lshr i63 %Mx_V, i63 %sh_prom_i_i_i_i_cast_cast_cast_cast"   --->   Operation 73 'lshr' 'r_V' <Predicate = (isNeg)> <Delay = 0.00> <CoreInst = "Shifter">   --->   Core 75 'Shifter' <Latency = 0> <II = 1> <Delay = 2.90> <FuncUnit> <Opcode : 'shl' 'lshr' 'ashr'> <InPorts = 2> <OutPorts = 1>
ST_6 : Operation 74 [1/1] (0.00ns) (grouped into LUT with out node r_V_14)   --->   "%r_V_1 = shl i63 %Mx_V, i63 %sh_prom_i_i_i_i_cast_cast_cast_cast"   --->   Operation 74 'shl' 'r_V_1' <Predicate = (!isNeg)> <Delay = 0.00> <CoreInst = "Shifter">   --->   Core 75 'Shifter' <Latency = 0> <II = 1> <Delay = 2.90> <FuncUnit> <Opcode : 'shl' 'lshr' 'ashr'> <InPorts = 2> <OutPorts = 1>
ST_6 : Operation 75 [1/1] (2.90ns) (out node of the LUT)   --->   "%r_V_14 = select i1 %isNeg, i63 %r_V, i63 %r_V_1"   --->   Operation 75 'select' 'r_V_14' <Predicate = true> <Delay = 2.90> <CoreInst = "Sel">   --->   Core 73 'Sel' <Latency = 0> <II = 1> <Delay = 0.67> <FuncUnit> <Opcode : 'select'> <InPorts = 3> <OutPorts = 1>
ST_6 : Operation 76 [1/1] (0.00ns)   --->   "%p_Result_6 = partselect i7 @_ssdm_op_PartSelect.i7.i63.i32.i32, i63 %r_V_14, i32 56, i32 62"   --->   Operation 76 'partselect' 'p_Result_6' <Predicate = true> <Delay = 0.00>
ST_6 : Operation 77 [1/1] (0.00ns)   --->   "%B = trunc i63 %r_V_14"   --->   Operation 77 'trunc' 'B' <Predicate = true> <Delay = 0.00>
ST_6 : Operation 78 [1/1] (0.00ns)   --->   "%B_trunc = partselect i49 @_ssdm_op_PartSelect.i49.i63.i32.i32, i63 %r_V_14, i32 7, i32 55"   --->   Operation 78 'partselect' 'B_trunc' <Predicate = true> <Delay = 0.00>
ST_6 : Operation 79 [1/1] (0.61ns)   --->   "%sin_basis = xor i1 %cos_basis, i1 1" [r:/ci/prod/2020.2/rdi_builds/continuous/2020_11_18_3064766/src/shared/hls/clib/hlsmath/src/common/hls_hotbm_double.cpp:29]   --->   Operation 79 'xor' 'sin_basis' <Predicate = true> <Delay = 0.61> <CoreInst = "LogicGate">   --->   Core 74 'LogicGate' <Latency = 0> <II = 1> <Delay = 0.61> <FuncUnit> <Opcode : 'and' 'or' 'xor'> <InPorts = 2> <OutPorts = 1>
ST_6 : Operation 80 [1/1] (0.00ns)   --->   "%p_Result_25 = bitconcatenate i8 @_ssdm_op_BitConcatenate.i8.i1.i7, i1 %sin_basis, i7 %p_Result_6"   --->   Operation 80 'bitconcatenate' 'p_Result_25' <Predicate = true> <Delay = 0.00>
ST_6 : Operation 81 [1/1] (0.00ns)   --->   "%zext_ln488 = zext i8 %p_Result_25"   --->   Operation 81 'zext' 'zext_ln488' <Predicate = true> <Delay = 0.00>
ST_6 : Operation 82 [1/1] (0.00ns)   --->   "%fourth_order_double_sin_cos_K1_V_addr = getelementptr i52 %fourth_order_double_sin_cos_K1_V, i64 0, i64 %zext_ln488"   --->   Operation 82 'getelementptr' 'fourth_order_double_sin_cos_K1_V_addr' <Predicate = true> <Delay = 0.00>
ST_6 : Operation 83 [2/2] (1.42ns)   --->   "%fourth_order_double_sin_cos_K1_V_load = load i8 %fourth_order_double_sin_cos_K1_V_addr"   --->   Operation 83 'load' 'fourth_order_double_sin_cos_K1_V_load' <Predicate = true> <Delay = 1.42> <CoreInst = "ROM_1P_LUTRAM">   --->   Core 97 'ROM_1P_LUTRAM' <Latency = 1> <II = 1> <Delay = 1.42> <Storage> <Opcode : 'load'> <Ports = 1> <Width = 52> <Depth = 256> <ROM>

State 7 <SV = 6> <Delay = 8.22>
ST_7 : Operation 84 [1/1] (0.00ns)   --->   "%zext_ln1070 = zext i49 %B_trunc"   --->   Operation 84 'zext' 'zext_ln1070' <Predicate = true> <Delay = 0.00>
ST_7 : Operation 85 [1/1] (8.22ns)   --->   "%r_V_3 = mul i98 %zext_ln1070, i98 %zext_ln1070"   --->   Operation 85 'mul' 'r_V_3' <Predicate = true> <Delay = 8.22> <CoreInst = "Multiplier">   --->   Core 3 'Multiplier' <Latency = 0> <II = 1> <Delay = 9.70> <FuncUnit> <Opcode : 'mul'> <InPorts = 2> <OutPorts = 1>
ST_7 : Operation 86 [1/1] (0.00ns)   --->   "%B_squared = partselect i49 @_ssdm_op_PartSelect.i49.i98.i32.i32, i98 %r_V_3, i32 49, i32 97"   --->   Operation 86 'partselect' 'B_squared' <Predicate = true> <Delay = 0.00>
ST_7 : Operation 87 [1/2] (1.42ns)   --->   "%fourth_order_double_sin_cos_K1_V_load = load i8 %fourth_order_double_sin_cos_K1_V_addr"   --->   Operation 87 'load' 'fourth_order_double_sin_cos_K1_V_load' <Predicate = true> <Delay = 1.42> <CoreInst = "ROM_1P_LUTRAM">   --->   Core 97 'ROM_1P_LUTRAM' <Latency = 1> <II = 1> <Delay = 1.42> <Storage> <Opcode : 'load'> <Ports = 1> <Width = 52> <Depth = 256> <ROM>
ST_7 : Operation 88 [1/1] (0.00ns)   --->   "%fourth_order_double_sin_cos_K2_V_addr = getelementptr i44 %fourth_order_double_sin_cos_K2_V, i64 0, i64 %zext_ln488"   --->   Operation 88 'getelementptr' 'fourth_order_double_sin_cos_K2_V_addr' <Predicate = true> <Delay = 0.00>
ST_7 : Operation 89 [2/2] (1.42ns)   --->   "%fourth_order_double_sin_cos_K2_V_load = load i8 %fourth_order_double_sin_cos_K2_V_addr"   --->   Operation 89 'load' 'fourth_order_double_sin_cos_K2_V_load' <Predicate = true> <Delay = 1.42> <CoreInst = "ROM_1P_LUTRAM">   --->   Core 97 'ROM_1P_LUTRAM' <Latency = 1> <II = 1> <Delay = 1.42> <Storage> <Opcode : 'load'> <Ports = 1> <Width = 44> <Depth = 256> <ROM>

State 8 <SV = 7> <Delay = 9.65>
ST_8 : Operation 90 [1/1] (0.00ns)   --->   "%zext_ln662_1 = zext i49 %B_squared"   --->   Operation 90 'zext' 'zext_ln662_1' <Predicate = true> <Delay = 0.00>
ST_8 : Operation 91 [1/1] (8.22ns)   --->   "%r_V_4 = mul i98 %zext_ln662_1, i98 %zext_ln1070"   --->   Operation 91 'mul' 'r_V_4' <Predicate = true> <Delay = 8.22> <CoreInst = "Multiplier">   --->   Core 3 'Multiplier' <Latency = 0> <II = 1> <Delay = 9.70> <FuncUnit> <Opcode : 'mul'> <InPorts = 2> <OutPorts = 1>
ST_8 : Operation 92 [1/1] (8.22ns)   --->   "%r_V_6 = mul i98 %zext_ln662_1, i98 %zext_ln662_1"   --->   Operation 92 'mul' 'r_V_6' <Predicate = true> <Delay = 8.22> <CoreInst = "Multiplier">   --->   Core 3 'Multiplier' <Latency = 0> <II = 1> <Delay = 9.70> <FuncUnit> <Opcode : 'mul'> <InPorts = 2> <OutPorts = 1>
ST_8 : Operation 93 [1/1] (0.00ns)   --->   "%fourth_order_double_sin_cos_K0_V_addr = getelementptr i59 %fourth_order_double_sin_cos_K0_V, i64 0, i64 %zext_ln488"   --->   Operation 93 'getelementptr' 'fourth_order_double_sin_cos_K0_V_addr' <Predicate = true> <Delay = 0.00>
ST_8 : Operation 94 [2/2] (1.42ns)   --->   "%fourth_order_double_sin_cos_K0_V_load = load i8 %fourth_order_double_sin_cos_K0_V_addr"   --->   Operation 94 'load' 'fourth_order_double_sin_cos_K0_V_load' <Predicate = true> <Delay = 1.42> <CoreInst = "ROM_1P_LUTRAM">   --->   Core 97 'ROM_1P_LUTRAM' <Latency = 1> <II = 1> <Delay = 1.42> <Storage> <Opcode : 'load'> <Ports = 1> <Width = 59> <Depth = 256> <ROM>
ST_8 : Operation 95 [1/1] (0.00ns)   --->   "%zext_ln1070_1 = zext i56 %B"   --->   Operation 95 'zext' 'zext_ln1070_1' <Predicate = true> <Delay = 0.00>
ST_8 : Operation 96 [1/1] (0.00ns)   --->   "%sext_ln1072 = sext i52 %fourth_order_double_sin_cos_K1_V_load"   --->   Operation 96 'sext' 'sext_ln1072' <Predicate = true> <Delay = 0.00>
ST_8 : Operation 97 [1/1] (9.08ns)   --->   "%r_V_8 = mul i108 %zext_ln1070_1, i108 %sext_ln1072"   --->   Operation 97 'mul' 'r_V_8' <Predicate = true> <Delay = 9.08> <CoreInst = "Multiplier">   --->   Core 3 'Multiplier' <Latency = 0> <II = 1> <Delay = 9.70> <FuncUnit> <Opcode : 'mul'> <InPorts = 2> <OutPorts = 1>
ST_8 : Operation 98 [1/1] (0.00ns)   --->   "%rhs_1 = partselect i56 @_ssdm_op_PartSelect.i56.i108.i32.i32, i108 %r_V_8, i32 52, i32 107"   --->   Operation 98 'partselect' 'rhs_1' <Predicate = true> <Delay = 0.00>
ST_8 : Operation 99 [1/1] (0.00ns)   --->   "%zext_ln1070_2 = zext i49 %B_squared"   --->   Operation 99 'zext' 'zext_ln1070_2' <Predicate = true> <Delay = 0.00>
ST_8 : Operation 100 [1/2] (1.42ns)   --->   "%fourth_order_double_sin_cos_K2_V_load = load i8 %fourth_order_double_sin_cos_K2_V_addr"   --->   Operation 100 'load' 'fourth_order_double_sin_cos_K2_V_load' <Predicate = true> <Delay = 1.42> <CoreInst = "ROM_1P_LUTRAM">   --->   Core 97 'ROM_1P_LUTRAM' <Latency = 1> <II = 1> <Delay = 1.42> <Storage> <Opcode : 'load'> <Ports = 1> <Width = 44> <Depth = 256> <ROM>
ST_8 : Operation 101 [1/1] (0.00ns)   --->   "%sext_ln1072_1 = sext i44 %fourth_order_double_sin_cos_K2_V_load"   --->   Operation 101 'sext' 'sext_ln1072_1' <Predicate = true> <Delay = 0.00>
ST_8 : Operation 102 [1/1] (8.22ns)   --->   "%r_V_9 = mul i93 %zext_ln1070_2, i93 %sext_ln1072_1"   --->   Operation 102 'mul' 'r_V_9' <Predicate = true> <Delay = 8.22> <CoreInst = "Multiplier">   --->   Core 3 'Multiplier' <Latency = 0> <II = 1> <Delay = 9.70> <FuncUnit> <Opcode : 'mul'> <InPorts = 2> <OutPorts = 1>
ST_8 : Operation 103 [1/1] (0.00ns)   --->   "%rhs_2 = partselect i48 @_ssdm_op_PartSelect.i48.i93.i32.i32, i93 %r_V_9, i32 45, i32 92"   --->   Operation 103 'partselect' 'rhs_2' <Predicate = true> <Delay = 0.00>
ST_8 : Operation 104 [1/1] (0.00ns)   --->   "%trunc_ln1 = partselect i42 @_ssdm_op_PartSelect.i42.i98.i32.i32, i98 %r_V_4, i32 56, i32 97"   --->   Operation 104 'partselect' 'trunc_ln1' <Predicate = true> <Delay = 0.00>
ST_8 : Operation 105 [1/1] (0.00ns)   --->   "%fourth_order_double_sin_cos_K3_V_addr = getelementptr i33 %fourth_order_double_sin_cos_K3_V, i64 0, i64 %zext_ln488"   --->   Operation 105 'getelementptr' 'fourth_order_double_sin_cos_K3_V_addr' <Predicate = true> <Delay = 0.00>
ST_8 : Operation 106 [2/2] (1.42ns)   --->   "%fourth_order_double_sin_cos_K3_V_load = load i8 %fourth_order_double_sin_cos_K3_V_addr"   --->   Operation 106 'load' 'fourth_order_double_sin_cos_K3_V_load' <Predicate = true> <Delay = 1.42> <CoreInst = "ROM_1P_LUTRAM">   --->   Core 97 'ROM_1P_LUTRAM' <Latency = 1> <II = 1> <Delay = 1.42> <Storage> <Opcode : 'load'> <Ports = 1> <Width = 33> <Depth = 256> <ROM>
ST_8 : Operation 107 [1/1] (0.00ns)   --->   "%trunc_ln1069_1 = partselect i35 @_ssdm_op_PartSelect.i35.i98.i32.i32, i98 %r_V_6, i32 63, i32 97"   --->   Operation 107 'partselect' 'trunc_ln1069_1' <Predicate = true> <Delay = 0.00>
ST_8 : Operation 108 [1/1] (0.00ns)   --->   "%fourth_order_double_sin_cos_K4_V_addr = getelementptr i25 %fourth_order_double_sin_cos_K4_V, i64 0, i64 %zext_ln488"   --->   Operation 108 'getelementptr' 'fourth_order_double_sin_cos_K4_V_addr' <Predicate = true> <Delay = 0.00>
ST_8 : Operation 109 [2/2] (1.42ns)   --->   "%fourth_order_double_sin_cos_K4_V_load = load i8 %fourth_order_double_sin_cos_K4_V_addr"   --->   Operation 109 'load' 'fourth_order_double_sin_cos_K4_V_load' <Predicate = true> <Delay = 1.42> <CoreInst = "ROM_1P_LUTRAM">   --->   Core 97 'ROM_1P_LUTRAM' <Latency = 1> <II = 1> <Delay = 1.42> <Storage> <Opcode : 'load'> <Ports = 1> <Width = 25> <Depth = 256> <ROM>

State 9 <SV = 8> <Delay = 8.78>
ST_9 : Operation 110 [1/2] (1.42ns)   --->   "%fourth_order_double_sin_cos_K0_V_load = load i8 %fourth_order_double_sin_cos_K0_V_addr"   --->   Operation 110 'load' 'fourth_order_double_sin_cos_K0_V_load' <Predicate = true> <Delay = 1.42> <CoreInst = "ROM_1P_LUTRAM">   --->   Core 97 'ROM_1P_LUTRAM' <Latency = 1> <II = 1> <Delay = 1.42> <Storage> <Opcode : 'load'> <Ports = 1> <Width = 59> <Depth = 256> <ROM>
ST_9 : Operation 111 [1/1] (0.00ns)   --->   "%t1 = bitconcatenate i63 @_ssdm_op_BitConcatenate.i63.i59.i4, i59 %fourth_order_double_sin_cos_K0_V_load, i4 0"   --->   Operation 111 'bitconcatenate' 't1' <Predicate = true> <Delay = 0.00>
ST_9 : Operation 112 [1/1] (0.00ns)   --->   "%zext_ln1069 = zext i42 %trunc_ln1"   --->   Operation 112 'zext' 'zext_ln1069' <Predicate = true> <Delay = 0.00>
ST_9 : Operation 113 [1/2] (1.42ns)   --->   "%fourth_order_double_sin_cos_K3_V_load = load i8 %fourth_order_double_sin_cos_K3_V_addr"   --->   Operation 113 'load' 'fourth_order_double_sin_cos_K3_V_load' <Predicate = true> <Delay = 1.42> <CoreInst = "ROM_1P_LUTRAM">   --->   Core 97 'ROM_1P_LUTRAM' <Latency = 1> <II = 1> <Delay = 1.42> <Storage> <Opcode : 'load'> <Ports = 1> <Width = 33> <Depth = 256> <ROM>
ST_9 : Operation 114 [1/1] (0.00ns)   --->   "%zext_ln1072 = zext i33 %fourth_order_double_sin_cos_K3_V_load"   --->   Operation 114 'zext' 'zext_ln1072' <Predicate = true> <Delay = 0.00>
ST_9 : Operation 115 [1/1] (7.36ns)   --->   "%r_V_10 = mul i75 %zext_ln1069, i75 %zext_ln1072"   --->   Operation 115 'mul' 'r_V_10' <Predicate = true> <Delay = 7.36> <CoreInst = "Multiplier">   --->   Core 3 'Multiplier' <Latency = 0> <II = 1> <Delay = 9.70> <FuncUnit> <Opcode : 'mul'> <InPorts = 2> <OutPorts = 1>
ST_9 : Operation 116 [1/1] (0.00ns)   --->   "%zext_ln1069_1 = zext i35 %trunc_ln1069_1"   --->   Operation 116 'zext' 'zext_ln1069_1' <Predicate = true> <Delay = 0.00>
ST_9 : Operation 117 [1/2] (1.42ns)   --->   "%fourth_order_double_sin_cos_K4_V_load = load i8 %fourth_order_double_sin_cos_K4_V_addr"   --->   Operation 117 'load' 'fourth_order_double_sin_cos_K4_V_load' <Predicate = true> <Delay = 1.42> <CoreInst = "ROM_1P_LUTRAM">   --->   Core 97 'ROM_1P_LUTRAM' <Latency = 1> <II = 1> <Delay = 1.42> <Storage> <Opcode : 'load'> <Ports = 1> <Width = 25> <Depth = 256> <ROM>
ST_9 : Operation 118 [1/1] (0.00ns)   --->   "%zext_ln1072_1 = zext i25 %fourth_order_double_sin_cos_K4_V_load"   --->   Operation 118 'zext' 'zext_ln1072_1' <Predicate = true> <Delay = 0.00>
ST_9 : Operation 119 [1/1] (6.64ns)   --->   "%r_V_11 = mul i60 %zext_ln1069_1, i60 %zext_ln1072_1"   --->   Operation 119 'mul' 'r_V_11' <Predicate = true> <Delay = 6.64> <CoreInst = "Multiplier">   --->   Core 3 'Multiplier' <Latency = 0> <II = 1> <Delay = 9.70> <FuncUnit> <Opcode : 'mul'> <InPorts = 2> <OutPorts = 1>
ST_9 : Operation 120 [1/1] (0.00ns)   --->   "%rhs_4 = partselect i29 @_ssdm_op_PartSelect.i29.i60.i32.i32, i60 %r_V_11, i32 31, i32 59"   --->   Operation 120 'partselect' 'rhs_4' <Predicate = true> <Delay = 0.00>
ST_9 : Operation 121 [1/1] (0.00ns)   --->   "%sext_ln657 = sext i63 %t1"   --->   Operation 121 'sext' 'sext_ln657' <Predicate = true> <Delay = 0.00>
ST_9 : Operation 122 [1/1] (0.00ns)   --->   "%sext_ln657_1 = sext i56 %rhs_1"   --->   Operation 122 'sext' 'sext_ln657_1' <Predicate = true> <Delay = 0.00>
ST_9 : Operation 123 [1/1] (0.00ns) (grouped into TernaryAdder)   --->   "%ret_V_4 = add i64 %sext_ln657, i64 %sext_ln657_1"   --->   Operation 123 'add' 'ret_V_4' <Predicate = true> <Delay = 0.00> <CoreInst = "TAddSub">   --->   Core 10 'TAddSub' <Latency = 0> <II = 1> <Delay = 1.61> <IPBlock> <Opcode : 'add' 'sub'> <InPorts = 3> <OutPorts = 1> <Sync>
ST_9 : Operation 124 [1/1] (0.00ns)   --->   "%sext_ln1146 = sext i48 %rhs_2"   --->   Operation 124 'sext' 'sext_ln1146' <Predicate = true> <Delay = 0.00>
ST_9 : Operation 125 [1/1] (3.23ns) (root node of TernaryAdder)   --->   "%ret_V_5 = add i64 %ret_V_4, i64 %sext_ln1146"   --->   Operation 125 'add' 'ret_V_5' <Predicate = true> <Delay = 3.23> <CoreInst = "TAddSub">   --->   Core 10 'TAddSub' <Latency = 0> <II = 1> <Delay = 1.61> <IPBlock> <Opcode : 'add' 'sub'> <InPorts = 3> <OutPorts = 1> <Sync>
ST_9 : Operation 126 [1/1] (0.00ns)   --->   "%trunc_ln2 = partselect i37 @_ssdm_op_PartSelect.i37.i75.i32.i32, i75 %r_V_10, i32 38, i32 74"   --->   Operation 126 'partselect' 'trunc_ln2' <Predicate = true> <Delay = 0.00>

State 10 <SV = 9> <Delay = 3.23>
ST_10 : Operation 127 [1/1] (0.75ns)   --->   "%Mx_V_2 = select i1 %cos_basis, i63 9223372036854775807, i63 %Mx_V" [r:/ci/prod/2020.2/rdi_builds/continuous/2020_11_18_3064766/src/shared/hls/clib/hlsmath/include/FloatingPoint\hls_hotbm.h:272]   --->   Operation 127 'select' 'Mx_V_2' <Predicate = true> <Delay = 0.75> <CoreInst = "Sel">   --->   Core 73 'Sel' <Latency = 0> <II = 1> <Delay = 0.67> <FuncUnit> <Opcode : 'select'> <InPorts = 3> <OutPorts = 1>
ST_10 : Operation 128 [1/1] (0.00ns)   --->   "%zext_ln1146 = zext i37 %trunc_ln2"   --->   Operation 128 'zext' 'zext_ln1146' <Predicate = true> <Delay = 0.00>
ST_10 : Operation 129 [1/1] (0.00ns) (grouped into TernaryAdder)   --->   "%ret_V_6 = add i64 %ret_V_5, i64 %zext_ln1146"   --->   Operation 129 'add' 'ret_V_6' <Predicate = true> <Delay = 0.00> <CoreInst = "TAddSub">   --->   Core 10 'TAddSub' <Latency = 0> <II = 1> <Delay = 1.61> <IPBlock> <Opcode : 'add' 'sub'> <InPorts = 3> <OutPorts = 1> <Sync>
ST_10 : Operation 130 [1/1] (0.00ns)   --->   "%zext_ln1146_1 = zext i29 %rhs_4"   --->   Operation 130 'zext' 'zext_ln1146_1' <Predicate = true> <Delay = 0.00>
ST_10 : Operation 131 [1/1] (3.23ns) (root node of TernaryAdder)   --->   "%ret_V = add i64 %ret_V_6, i64 %zext_ln1146_1"   --->   Operation 131 'add' 'ret_V' <Predicate = true> <Delay = 3.23> <CoreInst = "TAddSub">   --->   Core 10 'TAddSub' <Latency = 0> <II = 1> <Delay = 1.61> <IPBlock> <Opcode : 'add' 'sub'> <InPorts = 3> <OutPorts = 1> <Sync>

State 11 <SV = 10> <Delay = 9.70>
ST_11 : Operation 132 [1/1] (0.00ns)   --->   "%zext_ln1069_2 = zext i63 %Mx_V_2"   --->   Operation 132 'zext' 'zext_ln1069_2' <Predicate = true> <Delay = 0.00>
ST_11 : Operation 133 [1/1] (0.00ns)   --->   "%sext_ln1072_2 = sext i64 %ret_V"   --->   Operation 133 'sext' 'sext_ln1072_2' <Predicate = true> <Delay = 0.00>
ST_11 : Operation 134 [1/1] (9.70ns)   --->   "%r_V_13 = mul i126 %sext_ln1072_2, i126 %zext_ln1069_2"   --->   Operation 134 'mul' 'r_V_13' <Predicate = true> <Delay = 9.70> <CoreInst = "Multiplier">   --->   Core 3 'Multiplier' <Latency = 0> <II = 1> <Delay = 9.70> <FuncUnit> <Opcode : 'mul'> <InPorts = 2> <OutPorts = 1>
ST_11 : Operation 135 [1/1] (0.00ns)   --->   "%result_V = partselect i63 @_ssdm_op_PartSelect.i63.i126.i32.i32, i126 %r_V_13, i32 63, i32 125"   --->   Operation 135 'partselect' 'result_V' <Predicate = true> <Delay = 0.00>
ST_11 : Operation 136 [1/1] (0.00ns)   --->   "%p_Result_15_i = partselect i16 @_ssdm_op_PartSelect.i16.i126.i32.i32, i126 %r_V_13, i32 110, i32 125"   --->   Operation 136 'partselect' 'p_Result_15_i' <Predicate = true> <Delay = 0.00>
ST_11 : Operation 137 [1/1] (0.00ns)   --->   "%p_Result_15_1_i = partselect i16 @_ssdm_op_PartSelect.i16.i126.i32.i32, i126 %r_V_13, i32 94, i32 109"   --->   Operation 137 'partselect' 'p_Result_15_1_i' <Predicate = true> <Delay = 0.00>
ST_11 : Operation 138 [1/1] (0.00ns)   --->   "%p_Result_15_2_i = partselect i16 @_ssdm_op_PartSelect.i16.i126.i32.i32, i126 %r_V_13, i32 78, i32 93"   --->   Operation 138 'partselect' 'p_Result_15_2_i' <Predicate = true> <Delay = 0.00>
ST_11 : Operation 139 [1/1] (0.00ns)   --->   "%p_Result_i = partselect i15 @_ssdm_op_PartSelect.i15.i126.i32.i32, i126 %r_V_13, i32 63, i32 77"   --->   Operation 139 'partselect' 'p_Result_i' <Predicate = true> <Delay = 0.00>

State 12 <SV = 11> <Delay = 8.46>
ST_12 : Operation 140 [1/1] (0.00ns) (grouped into LUT with out node add_ln461)   --->   "%Ex_V_4 = select i1 %cos_basis, i11 0, i11 %Ex_V_3" [r:/ci/prod/2020.2/rdi_builds/continuous/2020_11_18_3064766/src/shared/hls/clib/hlsmath/include/FloatingPoint\hls_hotbm.h:272]   --->   Operation 140 'select' 'Ex_V_4' <Predicate = true> <Delay = 0.00> <CoreInst = "Sel">   --->   Core 73 'Sel' <Latency = 0> <II = 1> <Delay = 0.67> <FuncUnit> <Opcode : 'select'> <InPorts = 3> <OutPorts = 1>
ST_12 : Operation 141 [1/1] (0.00ns) (grouped into LUT with out node add_ln461)   --->   "%sext_ln169 = sext i11 %Ex_V_4"   --->   Operation 141 'sext' 'sext_ln169' <Predicate = true> <Delay = 0.00>
ST_12 : Operation 142 [1/1] (0.00ns)   --->   "%p_Result_3_i = bitconcatenate i32 @_ssdm_op_BitConcatenate.i32.i16.i16, i16 %p_Result_15_i, i16 32768"   --->   Operation 142 'bitconcatenate' 'p_Result_3_i' <Predicate = true> <Delay = 0.00>
ST_12 : Operation 143 [1/1] (0.00ns)   --->   "%p_Result_3_1_i = bitconcatenate i32 @_ssdm_op_BitConcatenate.i32.i16.i16, i16 %p_Result_15_1_i, i16 32768"   --->   Operation 143 'bitconcatenate' 'p_Result_3_1_i' <Predicate = true> <Delay = 0.00>
ST_12 : Operation 144 [1/1] (0.00ns)   --->   "%p_Result_3_2_i = bitconcatenate i32 @_ssdm_op_BitConcatenate.i32.i16.i16, i16 %p_Result_15_2_i, i16 32768"   --->   Operation 144 'bitconcatenate' 'p_Result_3_2_i' <Predicate = true> <Delay = 0.00>
ST_12 : Operation 145 [1/1] (0.00ns)   --->   "%p_Result_8 = bitconcatenate i32 @_ssdm_op_BitConcatenate.i32.i15.i17, i15 %p_Result_i, i17 65536"   --->   Operation 145 'bitconcatenate' 'p_Result_8' <Predicate = true> <Delay = 0.00>
ST_12 : Operation 146 [1/1] (0.00ns)   --->   "%p_Result_20_i = partselect i32 @_ssdm_op_PartSelect.i32.i32.i32.i32, i32 %p_Result_3_i, i32 31, i32 0"   --->   Operation 146 'partselect' 'p_Result_20_i' <Predicate = true> <Delay = 0.00>
ST_12 : Operation 147 [1/1] (0.00ns)   --->   "%tmp_i = cttz i32 @llvm.cttz.i32, i32 %p_Result_20_i, i1 1"   --->   Operation 147 'cttz' 'tmp_i' <Predicate = true> <Delay = 0.00>
ST_12 : Operation 148 [1/1] (0.00ns)   --->   "%p_Result_20_1_i = partselect i32 @_ssdm_op_PartSelect.i32.i32.i32.i32, i32 %p_Result_3_1_i, i32 31, i32 0"   --->   Operation 148 'partselect' 'p_Result_20_1_i' <Predicate = true> <Delay = 0.00>
ST_12 : Operation 149 [1/1] (0.00ns)   --->   "%tmp_1_i = cttz i32 @llvm.cttz.i32, i32 %p_Result_20_1_i, i1 1"   --->   Operation 149 'cttz' 'tmp_1_i' <Predicate = true> <Delay = 0.00>
ST_12 : Operation 150 [1/1] (0.00ns)   --->   "%p_Result_20_2_i = partselect i32 @_ssdm_op_PartSelect.i32.i32.i32.i32, i32 %p_Result_3_2_i, i32 31, i32 0"   --->   Operation 150 'partselect' 'p_Result_20_2_i' <Predicate = true> <Delay = 0.00>
ST_12 : Operation 151 [1/1] (0.00ns)   --->   "%tmp_2_i = cttz i32 @llvm.cttz.i32, i32 %p_Result_20_2_i, i1 1"   --->   Operation 151 'cttz' 'tmp_2_i' <Predicate = true> <Delay = 0.00>
ST_12 : Operation 152 [1/1] (0.00ns)   --->   "%p_Result_20_3_i = partselect i32 @_ssdm_op_PartSelect.i32.i32.i32.i32, i32 %p_Result_8, i32 31, i32 0"   --->   Operation 152 'partselect' 'p_Result_20_3_i' <Predicate = true> <Delay = 0.00>
ST_12 : Operation 153 [1/1] (0.00ns)   --->   "%tmp_3_i = cttz i32 @llvm.cttz.i32, i32 %p_Result_20_3_i, i1 1"   --->   Operation 153 'cttz' 'tmp_3_i' <Predicate = true> <Delay = 0.00>
ST_12 : Operation 154 [1/1] (0.00ns)   --->   "%sh_prom_i_i_0_i = zext i32 %tmp_i"   --->   Operation 154 'zext' 'sh_prom_i_i_0_i' <Predicate = true> <Delay = 0.00>
ST_12 : Operation 155 [1/1] (2.90ns)   --->   "%shl_ln1253 = shl i63 %result_V, i63 %sh_prom_i_i_0_i"   --->   Operation 155 'shl' 'shl_ln1253' <Predicate = true> <Delay = 2.90> <CoreInst = "Shifter">   --->   Core 75 'Shifter' <Latency = 0> <II = 1> <Delay = 2.90> <FuncUnit> <Opcode : 'shl' 'lshr' 'ashr'> <InPorts = 2> <OutPorts = 1>
ST_12 : Operation 156 [1/1] (1.57ns)   --->   "%icmp_ln453 = icmp_eq  i32 %tmp_i, i32 16" [r:/ci/prod/2020.2/rdi_builds/continuous/2020_11_18_3064766/src/shared/hls/clib/src/hls\utils/x_hls_float_utils.h:453->r:/ci/prod/2020.2/rdi_builds/continuous/2020_11_18_3064766/src/shared/hls/clib/hlsmath/include/FloatingPoint\hls_hotbm.h:281]   --->   Operation 156 'icmp' 'icmp_ln453' <Predicate = true> <Delay = 1.57> <CoreInst = "Cmp">   --->   Core 9 'Cmp' <Latency = 0> <II = 1> <Delay = 1.23> <FuncUnit> <Opcode : 'icmp'> <InPorts = 2> <OutPorts = 1>
ST_12 : Operation 157 [1/1] (1.63ns)   --->   "%add_ln451 = add i32 %tmp_1_i, i32 16" [r:/ci/prod/2020.2/rdi_builds/continuous/2020_11_18_3064766/src/shared/hls/clib/src/hls\utils/x_hls_float_utils.h:451->r:/ci/prod/2020.2/rdi_builds/continuous/2020_11_18_3064766/src/shared/hls/clib/hlsmath/include/FloatingPoint\hls_hotbm.h:281]   --->   Operation 157 'add' 'add_ln451' <Predicate = true> <Delay = 1.63> <CoreInst = "Adder">   --->   Core 1 'Adder' <Latency = 0> <II = 1> <Delay = 1.63> <FuncUnit> <Opcode : 'add' 'sub'> <InPorts = 2> <OutPorts = 1>
ST_12 : Operation 158 [1/1] (0.00ns)   --->   "%sh_prom_i_i_1_i = zext i32 %tmp_1_i"   --->   Operation 158 'zext' 'sh_prom_i_i_1_i' <Predicate = true> <Delay = 0.00>
ST_12 : Operation 159 [1/1] (2.90ns)   --->   "%shl_ln1253_1 = shl i63 %shl_ln1253, i63 %sh_prom_i_i_1_i"   --->   Operation 159 'shl' 'shl_ln1253_1' <Predicate = true> <Delay = 2.90> <CoreInst = "Shifter">   --->   Core 75 'Shifter' <Latency = 0> <II = 1> <Delay = 2.90> <FuncUnit> <Opcode : 'shl' 'lshr' 'ashr'> <InPorts = 2> <OutPorts = 1>
ST_12 : Operation 160 [1/1] (1.57ns)   --->   "%icmp_ln453_1 = icmp_eq  i32 %tmp_1_i, i32 16" [r:/ci/prod/2020.2/rdi_builds/continuous/2020_11_18_3064766/src/shared/hls/clib/src/hls\utils/x_hls_float_utils.h:453->r:/ci/prod/2020.2/rdi_builds/continuous/2020_11_18_3064766/src/shared/hls/clib/hlsmath/include/FloatingPoint\hls_hotbm.h:281]   --->   Operation 160 'icmp' 'icmp_ln453_1' <Predicate = true> <Delay = 1.57> <CoreInst = "Cmp">   --->   Core 9 'Cmp' <Latency = 0> <II = 1> <Delay = 1.23> <FuncUnit> <Opcode : 'icmp'> <InPorts = 2> <OutPorts = 1>
ST_12 : Operation 161 [1/1] (1.63ns)   --->   "%add_ln451_1 = add i32 %tmp_2_i, i32 %add_ln451" [r:/ci/prod/2020.2/rdi_builds/continuous/2020_11_18_3064766/src/shared/hls/clib/src/hls\utils/x_hls_float_utils.h:451->r:/ci/prod/2020.2/rdi_builds/continuous/2020_11_18_3064766/src/shared/hls/clib/hlsmath/include/FloatingPoint\hls_hotbm.h:281]   --->   Operation 161 'add' 'add_ln451_1' <Predicate = true> <Delay = 1.63> <CoreInst = "Adder">   --->   Core 1 'Adder' <Latency = 0> <II = 1> <Delay = 1.63> <FuncUnit> <Opcode : 'add' 'sub'> <InPorts = 2> <OutPorts = 1>
ST_12 : Operation 162 [1/1] (1.57ns)   --->   "%icmp_ln453_2 = icmp_eq  i32 %tmp_2_i, i32 16" [r:/ci/prod/2020.2/rdi_builds/continuous/2020_11_18_3064766/src/shared/hls/clib/src/hls\utils/x_hls_float_utils.h:453->r:/ci/prod/2020.2/rdi_builds/continuous/2020_11_18_3064766/src/shared/hls/clib/hlsmath/include/FloatingPoint\hls_hotbm.h:281]   --->   Operation 162 'icmp' 'icmp_ln453_2' <Predicate = true> <Delay = 1.57> <CoreInst = "Cmp">   --->   Core 9 'Cmp' <Latency = 0> <II = 1> <Delay = 1.23> <FuncUnit> <Opcode : 'icmp'> <InPorts = 2> <OutPorts = 1>
ST_12 : Operation 163 [1/1] (1.63ns)   --->   "%add_ln451_2 = add i32 %tmp_3_i, i32 %add_ln451_1" [r:/ci/prod/2020.2/rdi_builds/continuous/2020_11_18_3064766/src/shared/hls/clib/src/hls\utils/x_hls_float_utils.h:451->r:/ci/prod/2020.2/rdi_builds/continuous/2020_11_18_3064766/src/shared/hls/clib/hlsmath/include/FloatingPoint\hls_hotbm.h:281]   --->   Operation 163 'add' 'add_ln451_2' <Predicate = true> <Delay = 1.63> <CoreInst = "Adder">   --->   Core 1 'Adder' <Latency = 0> <II = 1> <Delay = 1.63> <FuncUnit> <Opcode : 'add' 'sub'> <InPorts = 2> <OutPorts = 1>
ST_12 : Operation 164 [1/1] (0.00ns) (grouped into LUT with out node and_ln453)   --->   "%xor_ln453 = xor i1 %icmp_ln453_1, i1 1" [r:/ci/prod/2020.2/rdi_builds/continuous/2020_11_18_3064766/src/shared/hls/clib/src/hls\utils/x_hls_float_utils.h:453->r:/ci/prod/2020.2/rdi_builds/continuous/2020_11_18_3064766/src/shared/hls/clib/hlsmath/include/FloatingPoint\hls_hotbm.h:281]   --->   Operation 164 'xor' 'xor_ln453' <Predicate = true> <Delay = 0.00> <CoreInst = "LogicGate">   --->   Core 74 'LogicGate' <Latency = 0> <II = 1> <Delay = 0.61> <FuncUnit> <Opcode : 'and' 'or' 'xor'> <InPorts = 2> <OutPorts = 1>
ST_12 : Operation 165 [1/1] (0.61ns) (out node of the LUT)   --->   "%and_ln453 = and i1 %icmp_ln453, i1 %xor_ln453" [r:/ci/prod/2020.2/rdi_builds/continuous/2020_11_18_3064766/src/shared/hls/clib/src/hls\utils/x_hls_float_utils.h:453->r:/ci/prod/2020.2/rdi_builds/continuous/2020_11_18_3064766/src/shared/hls/clib/hlsmath/include/FloatingPoint\hls_hotbm.h:281]   --->   Operation 165 'and' 'and_ln453' <Predicate = true> <Delay = 0.61> <CoreInst = "LogicGate">   --->   Core 74 'LogicGate' <Latency = 0> <II = 1> <Delay = 0.61> <FuncUnit> <Opcode : 'and' 'or' 'xor'> <InPorts = 2> <OutPorts = 1>
ST_12 : Operation 166 [1/1] (0.00ns) (grouped into LUT with out node and_ln453_2)   --->   "%and_ln453_1 = and i1 %icmp_ln453_1, i1 %icmp_ln453_2" [r:/ci/prod/2020.2/rdi_builds/continuous/2020_11_18_3064766/src/shared/hls/clib/src/hls\utils/x_hls_float_utils.h:453->r:/ci/prod/2020.2/rdi_builds/continuous/2020_11_18_3064766/src/shared/hls/clib/hlsmath/include/FloatingPoint\hls_hotbm.h:281]   --->   Operation 166 'and' 'and_ln453_1' <Predicate = true> <Delay = 0.00> <CoreInst = "LogicGate">   --->   Core 74 'LogicGate' <Latency = 0> <II = 1> <Delay = 0.61> <FuncUnit> <Opcode : 'and' 'or' 'xor'> <InPorts = 2> <OutPorts = 1>
ST_12 : Operation 167 [1/1] (0.61ns) (out node of the LUT)   --->   "%and_ln453_2 = and i1 %and_ln453_1, i1 %icmp_ln453" [r:/ci/prod/2020.2/rdi_builds/continuous/2020_11_18_3064766/src/shared/hls/clib/src/hls\utils/x_hls_float_utils.h:453->r:/ci/prod/2020.2/rdi_builds/continuous/2020_11_18_3064766/src/shared/hls/clib/hlsmath/include/FloatingPoint\hls_hotbm.h:281]   --->   Operation 167 'and' 'and_ln453_2' <Predicate = true> <Delay = 0.61> <CoreInst = "LogicGate">   --->   Core 74 'LogicGate' <Latency = 0> <II = 1> <Delay = 0.61> <FuncUnit> <Opcode : 'and' 'or' 'xor'> <InPorts = 2> <OutPorts = 1>
ST_12 : Operation 168 [1/1] (0.00ns) (grouped into LUT with out node select_ln453_2)   --->   "%select_ln453 = select i1 %and_ln453_2, i32 %add_ln451_2, i32 %add_ln451" [r:/ci/prod/2020.2/rdi_builds/continuous/2020_11_18_3064766/src/shared/hls/clib/src/hls\utils/x_hls_float_utils.h:453->r:/ci/prod/2020.2/rdi_builds/continuous/2020_11_18_3064766/src/shared/hls/clib/hlsmath/include/FloatingPoint\hls_hotbm.h:281]   --->   Operation 168 'select' 'select_ln453' <Predicate = true> <Delay = 0.00> <CoreInst = "Sel">   --->   Core 73 'Sel' <Latency = 0> <II = 1> <Delay = 0.67> <FuncUnit> <Opcode : 'select'> <InPorts = 3> <OutPorts = 1>
ST_12 : Operation 169 [1/1] (0.00ns) (grouped into LUT with out node select_ln453_2)   --->   "%or_ln453 = or i1 %and_ln453_2, i1 %and_ln453" [r:/ci/prod/2020.2/rdi_builds/continuous/2020_11_18_3064766/src/shared/hls/clib/src/hls\utils/x_hls_float_utils.h:453->r:/ci/prod/2020.2/rdi_builds/continuous/2020_11_18_3064766/src/shared/hls/clib/hlsmath/include/FloatingPoint\hls_hotbm.h:281]   --->   Operation 169 'or' 'or_ln453' <Predicate = true> <Delay = 0.00> <CoreInst = "LogicGate">   --->   Core 74 'LogicGate' <Latency = 0> <II = 1> <Delay = 0.61> <FuncUnit> <Opcode : 'and' 'or' 'xor'> <InPorts = 2> <OutPorts = 1>
ST_12 : Operation 170 [1/1] (0.61ns) (out node of the LUT)   --->   "%select_ln453_1 = select i1 %icmp_ln453, i32 %add_ln451_1, i32 %tmp_i" [r:/ci/prod/2020.2/rdi_builds/continuous/2020_11_18_3064766/src/shared/hls/clib/src/hls\utils/x_hls_float_utils.h:453->r:/ci/prod/2020.2/rdi_builds/continuous/2020_11_18_3064766/src/shared/hls/clib/hlsmath/include/FloatingPoint\hls_hotbm.h:281]   --->   Operation 170 'select' 'select_ln453_1' <Predicate = true> <Delay = 0.61> <CoreInst = "Sel">   --->   Core 73 'Sel' <Latency = 0> <II = 1> <Delay = 0.67> <FuncUnit> <Opcode : 'select'> <InPorts = 3> <OutPorts = 1>
ST_12 : Operation 171 [1/1] (0.61ns) (out node of the LUT)   --->   "%select_ln453_2 = select i1 %or_ln453, i32 %select_ln453, i32 %select_ln453_1" [r:/ci/prod/2020.2/rdi_builds/continuous/2020_11_18_3064766/src/shared/hls/clib/src/hls\utils/x_hls_float_utils.h:453->r:/ci/prod/2020.2/rdi_builds/continuous/2020_11_18_3064766/src/shared/hls/clib/hlsmath/include/FloatingPoint\hls_hotbm.h:281]   --->   Operation 171 'select' 'select_ln453_2' <Predicate = true> <Delay = 0.61> <CoreInst = "Sel">   --->   Core 73 'Sel' <Latency = 0> <II = 1> <Delay = 0.67> <FuncUnit> <Opcode : 'select'> <InPorts = 3> <OutPorts = 1>
ST_12 : Operation 172 [1/1] (1.46ns) (out node of the LUT)   --->   "%add_ln461 = add i12 %sext_ln169, i12 1023" [r:/ci/prod/2020.2/rdi_builds/continuous/2020_11_18_3064766/src/shared/hls/clib/src/hls\utils/x_hls_float_utils.h:461->r:/ci/prod/2020.2/rdi_builds/continuous/2020_11_18_3064766/src/shared/hls/clib/hlsmath/include/FloatingPoint\hls_hotbm.h:281]   --->   Operation 172 'add' 'add_ln461' <Predicate = true> <Delay = 1.46> <CoreInst = "Adder">   --->   Core 1 'Adder' <Latency = 0> <II = 1> <Delay = 1.63> <FuncUnit> <Opcode : 'add' 'sub'> <InPorts = 2> <OutPorts = 1>
ST_12 : Operation 173 [1/1] (0.00ns) (grouped into LUT with out node newexp)   --->   "%sext_ln461 = sext i12 %add_ln461" [r:/ci/prod/2020.2/rdi_builds/continuous/2020_11_18_3064766/src/shared/hls/clib/src/hls\utils/x_hls_float_utils.h:461->r:/ci/prod/2020.2/rdi_builds/continuous/2020_11_18_3064766/src/shared/hls/clib/hlsmath/include/FloatingPoint\hls_hotbm.h:281]   --->   Operation 173 'sext' 'sext_ln461' <Predicate = true> <Delay = 0.00>
ST_12 : Operation 174 [1/1] (1.63ns) (out node of the LUT)   --->   "%newexp = sub i32 %sext_ln461, i32 %select_ln453_2" [r:/ci/prod/2020.2/rdi_builds/continuous/2020_11_18_3064766/src/shared/hls/clib/src/hls\utils/x_hls_float_utils.h:461->r:/ci/prod/2020.2/rdi_builds/continuous/2020_11_18_3064766/src/shared/hls/clib/hlsmath/include/FloatingPoint\hls_hotbm.h:281]   --->   Operation 174 'sub' 'newexp' <Predicate = true> <Delay = 1.63> <CoreInst = "Adder">   --->   Core 1 'Adder' <Latency = 0> <II = 1> <Delay = 1.63> <FuncUnit> <Opcode : 'add' 'sub'> <InPorts = 2> <OutPorts = 1>
ST_12 : Operation 175 [1/1] (0.00ns)   --->   "%tmp_12 = bitselect i1 @_ssdm_op_BitSelect.i1.i32.i32, i32 %newexp, i32 31" [r:/ci/prod/2020.2/rdi_builds/continuous/2020_11_18_3064766/src/shared/hls/clib/src/hls\utils/x_hls_float_utils.h:462->r:/ci/prod/2020.2/rdi_builds/continuous/2020_11_18_3064766/src/shared/hls/clib/hlsmath/include/FloatingPoint\hls_hotbm.h:281]   --->   Operation 175 'bitselect' 'tmp_12' <Predicate = true> <Delay = 0.00>
ST_12 : Operation 176 [1/1] (1.69ns)   --->   "%icmp_ln1452 = icmp_eq  i63 %result_V, i63 0"   --->   Operation 176 'icmp' 'icmp_ln1452' <Predicate = true> <Delay = 1.69> <CoreInst = "Cmp">   --->   Core 9 'Cmp' <Latency = 0> <II = 1> <Delay = 1.23> <FuncUnit> <Opcode : 'icmp'> <InPorts = 2> <OutPorts = 1>
ST_12 : Operation 177 [1/1] (0.61ns)   --->   "%or_ln462 = or i1 %tmp_12, i1 %icmp_ln1452" [r:/ci/prod/2020.2/rdi_builds/continuous/2020_11_18_3064766/src/shared/hls/clib/src/hls\utils/x_hls_float_utils.h:462->r:/ci/prod/2020.2/rdi_builds/continuous/2020_11_18_3064766/src/shared/hls/clib/hlsmath/include/FloatingPoint\hls_hotbm.h:281]   --->   Operation 177 'or' 'or_ln462' <Predicate = true> <Delay = 0.61> <CoreInst = "LogicGate">   --->   Core 74 'LogicGate' <Latency = 0> <II = 1> <Delay = 0.61> <FuncUnit> <Opcode : 'and' 'or' 'xor'> <InPorts = 2> <OutPorts = 1>
ST_12 : Operation 178 [1/1] (0.00ns) (grouped into LUT with out node results_exp_V)   --->   "%trunc_ln255 = trunc i32 %newexp"   --->   Operation 178 'trunc' 'trunc_ln255' <Predicate = (!and_ln300)> <Delay = 0.00>
ST_12 : Operation 179 [1/1] (0.00ns) (grouped into LUT with out node results_exp_V)   --->   "%select_ln311_1 = select i1 %icmp_ln824_2, i11 2047, i11 0" [r:/ci/prod/2020.2/rdi_builds/continuous/2020_11_18_3064766/src/shared/hls/clib/hlsmath/include/FloatingPoint\hls_hotbm.h:311]   --->   Operation 179 'select' 'select_ln311_1' <Predicate = (!and_ln300)> <Delay = 0.00> <CoreInst = "Sel">   --->   Core 73 'Sel' <Latency = 0> <II = 1> <Delay = 0.67> <FuncUnit> <Opcode : 'select'> <InPorts = 3> <OutPorts = 1>
ST_12 : Operation 180 [1/1] (0.00ns) (grouped into LUT with out node results_exp_V)   --->   "%or_ln311 = or i1 %icmp_ln824_2, i1 %or_ln462" [r:/ci/prod/2020.2/rdi_builds/continuous/2020_11_18_3064766/src/shared/hls/clib/hlsmath/include/FloatingPoint\hls_hotbm.h:311]   --->   Operation 180 'or' 'or_ln311' <Predicate = (!and_ln300)> <Delay = 0.00> <CoreInst = "LogicGate">   --->   Core 74 'LogicGate' <Latency = 0> <II = 1> <Delay = 0.61> <FuncUnit> <Opcode : 'and' 'or' 'xor'> <InPorts = 2> <OutPorts = 1>
ST_12 : Operation 181 [1/1] (0.00ns) (grouped into LUT with out node results_exp_V)   --->   "%select_ln311 = select i1 %or_ln311, i11 %select_ln311_1, i11 %trunc_ln255" [r:/ci/prod/2020.2/rdi_builds/continuous/2020_11_18_3064766/src/shared/hls/clib/hlsmath/include/FloatingPoint\hls_hotbm.h:311]   --->   Operation 181 'select' 'select_ln311' <Predicate = (!and_ln300)> <Delay = 0.00> <CoreInst = "Sel">   --->   Core 73 'Sel' <Latency = 0> <II = 1> <Delay = 0.67> <FuncUnit> <Opcode : 'select'> <InPorts = 3> <OutPorts = 1>
ST_12 : Operation 182 [1/1] (0.71ns) (out node of the LUT)   --->   "%results_exp_V = select i1 %and_ln300, i11 0, i11 %select_ln311" [r:/ci/prod/2020.2/rdi_builds/continuous/2020_11_18_3064766/src/shared/hls/clib/hlsmath/include/FloatingPoint\hls_hotbm.h:300]   --->   Operation 182 'select' 'results_exp_V' <Predicate = true> <Delay = 0.71> <CoreInst = "Sel">   --->   Core 73 'Sel' <Latency = 0> <II = 1> <Delay = 0.67> <FuncUnit> <Opcode : 'select'> <InPorts = 3> <OutPorts = 1>

State 13 <SV = 12> <Delay = 7.83>
ST_13 : Operation 183 [1/1] (0.00ns)   --->   "%specmemcore_ln15 = specmemcore void @_ssdm_op_SpecMemCore, i59 %fourth_order_double_sin_cos_K0_V, i64 666, i64 34, i64 18446744073709551615" [r:/ci/prod/2020.2/rdi_builds/continuous/2020_11_18_3064766/src/shared/hls/clib/hlsmath/src/common/hls_hotbm_double.cpp:15]   --->   Operation 183 'specmemcore' 'specmemcore_ln15' <Predicate = true> <Delay = 0.00>
ST_13 : Operation 184 [1/1] (0.00ns)   --->   "%specmemcore_ln16 = specmemcore void @_ssdm_op_SpecMemCore, i52 %fourth_order_double_sin_cos_K1_V, i64 666, i64 34, i64 18446744073709551615" [r:/ci/prod/2020.2/rdi_builds/continuous/2020_11_18_3064766/src/shared/hls/clib/hlsmath/src/common/hls_hotbm_double.cpp:16]   --->   Operation 184 'specmemcore' 'specmemcore_ln16' <Predicate = true> <Delay = 0.00>
ST_13 : Operation 185 [1/1] (0.00ns)   --->   "%specmemcore_ln17 = specmemcore void @_ssdm_op_SpecMemCore, i44 %fourth_order_double_sin_cos_K2_V, i64 666, i64 34, i64 18446744073709551615" [r:/ci/prod/2020.2/rdi_builds/continuous/2020_11_18_3064766/src/shared/hls/clib/hlsmath/src/common/hls_hotbm_double.cpp:17]   --->   Operation 185 'specmemcore' 'specmemcore_ln17' <Predicate = true> <Delay = 0.00>
ST_13 : Operation 186 [1/1] (0.00ns)   --->   "%specmemcore_ln18 = specmemcore void @_ssdm_op_SpecMemCore, i33 %fourth_order_double_sin_cos_K3_V, i64 666, i64 34, i64 18446744073709551615" [r:/ci/prod/2020.2/rdi_builds/continuous/2020_11_18_3064766/src/shared/hls/clib/hlsmath/src/common/hls_hotbm_double.cpp:18]   --->   Operation 186 'specmemcore' 'specmemcore_ln18' <Predicate = true> <Delay = 0.00>
ST_13 : Operation 187 [1/1] (0.00ns)   --->   "%specmemcore_ln19 = specmemcore void @_ssdm_op_SpecMemCore, i25 %fourth_order_double_sin_cos_K4_V, i64 666, i64 34, i64 18446744073709551615" [r:/ci/prod/2020.2/rdi_builds/continuous/2020_11_18_3064766/src/shared/hls/clib/hlsmath/src/common/hls_hotbm_double.cpp:19]   --->   Operation 187 'specmemcore' 'specmemcore_ln19' <Predicate = true> <Delay = 0.00>
ST_13 : Operation 188 [1/1] (0.00ns)   --->   "%sh_prom_i_i_2_i = zext i32 %tmp_2_i"   --->   Operation 188 'zext' 'sh_prom_i_i_2_i' <Predicate = true> <Delay = 0.00>
ST_13 : Operation 189 [1/1] (2.90ns)   --->   "%shl_ln1253_2 = shl i63 %shl_ln1253_1, i63 %sh_prom_i_i_2_i"   --->   Operation 189 'shl' 'shl_ln1253_2' <Predicate = true> <Delay = 2.90> <CoreInst = "Shifter">   --->   Core 75 'Shifter' <Latency = 0> <II = 1> <Delay = 2.90> <FuncUnit> <Opcode : 'shl' 'lshr' 'ashr'> <InPorts = 2> <OutPorts = 1>
ST_13 : Operation 190 [1/1] (0.00ns) (grouped into LUT with out node select_ln462)   --->   "%sh_prom_i_i_3_i = zext i32 %tmp_3_i"   --->   Operation 190 'zext' 'sh_prom_i_i_3_i' <Predicate = (!or_ln462)> <Delay = 0.00>
ST_13 : Operation 191 [1/1] (0.00ns) (grouped into LUT with out node select_ln462)   --->   "%shl_ln1253_3 = shl i63 %shl_ln1253_2, i63 %sh_prom_i_i_3_i"   --->   Operation 191 'shl' 'shl_ln1253_3' <Predicate = (!or_ln462)> <Delay = 0.00> <CoreInst = "Shifter">   --->   Core 75 'Shifter' <Latency = 0> <II = 1> <Delay = 2.90> <FuncUnit> <Opcode : 'shl' 'lshr' 'ashr'> <InPorts = 2> <OutPorts = 1>
ST_13 : Operation 192 [1/1] (0.00ns) (grouped into LUT with out node select_ln462_2)   --->   "%or_ln462_1 = or i1 %or_ln462, i1 %and_ln453_2" [r:/ci/prod/2020.2/rdi_builds/continuous/2020_11_18_3064766/src/shared/hls/clib/src/hls\utils/x_hls_float_utils.h:462->r:/ci/prod/2020.2/rdi_builds/continuous/2020_11_18_3064766/src/shared/hls/clib/hlsmath/include/FloatingPoint\hls_hotbm.h:281]   --->   Operation 192 'or' 'or_ln462_1' <Predicate = true> <Delay = 0.00> <CoreInst = "LogicGate">   --->   Core 74 'LogicGate' <Latency = 0> <II = 1> <Delay = 0.61> <FuncUnit> <Opcode : 'and' 'or' 'xor'> <InPorts = 2> <OutPorts = 1>
ST_13 : Operation 193 [1/1] (0.00ns) (grouped into LUT with out node significand)   --->   "%or_ln462_2 = or i1 %or_ln462, i1 %icmp_ln453" [r:/ci/prod/2020.2/rdi_builds/continuous/2020_11_18_3064766/src/shared/hls/clib/src/hls\utils/x_hls_float_utils.h:462->r:/ci/prod/2020.2/rdi_builds/continuous/2020_11_18_3064766/src/shared/hls/clib/hlsmath/include/FloatingPoint\hls_hotbm.h:281]   --->   Operation 193 'or' 'or_ln462_2' <Predicate = true> <Delay = 0.00> <CoreInst = "LogicGate">   --->   Core 74 'LogicGate' <Latency = 0> <II = 1> <Delay = 0.61> <FuncUnit> <Opcode : 'and' 'or' 'xor'> <InPorts = 2> <OutPorts = 1>
ST_13 : Operation 194 [1/1] (0.00ns) (grouped into LUT with out node select_ln462)   --->   "%tmp_4 = partselect i52 @_ssdm_op_PartSelect.i52.i63.i32.i32, i63 %shl_ln1253_3, i32 10, i32 61"   --->   Operation 194 'partselect' 'tmp_4' <Predicate = (!or_ln462)> <Delay = 0.00>
ST_13 : Operation 195 [1/1] (2.90ns) (out node of the LUT)   --->   "%select_ln462 = select i1 %or_ln462, i52 0, i52 %tmp_4" [r:/ci/prod/2020.2/rdi_builds/continuous/2020_11_18_3064766/src/shared/hls/clib/src/hls\utils/x_hls_float_utils.h:462->r:/ci/prod/2020.2/rdi_builds/continuous/2020_11_18_3064766/src/shared/hls/clib/hlsmath/include/FloatingPoint\hls_hotbm.h:281]   --->   Operation 195 'select' 'select_ln462' <Predicate = true> <Delay = 2.90> <CoreInst = "Sel">   --->   Core 73 'Sel' <Latency = 0> <II = 1> <Delay = 0.67> <FuncUnit> <Opcode : 'select'> <InPorts = 3> <OutPorts = 1>
ST_13 : Operation 196 [1/1] (0.00ns) (grouped into LUT with out node select_ln462_2)   --->   "%tmp_5 = partselect i52 @_ssdm_op_PartSelect.i52.i63.i32.i32, i63 %shl_ln1253_1, i32 10, i32 61"   --->   Operation 196 'partselect' 'tmp_5' <Predicate = (and_ln453)> <Delay = 0.00>
ST_13 : Operation 197 [1/1] (0.00ns) (grouped into LUT with out node select_ln462_2)   --->   "%tmp_6 = partselect i52 @_ssdm_op_PartSelect.i52.i63.i32.i32, i63 %shl_ln1253_2, i32 10, i32 61"   --->   Operation 197 'partselect' 'tmp_6' <Predicate = (!and_ln453)> <Delay = 0.00>
ST_13 : Operation 198 [1/1] (0.00ns) (grouped into LUT with out node select_ln462_2)   --->   "%select_ln462_1 = select i1 %and_ln453, i52 %tmp_5, i52 %tmp_6" [r:/ci/prod/2020.2/rdi_builds/continuous/2020_11_18_3064766/src/shared/hls/clib/src/hls\utils/x_hls_float_utils.h:462->r:/ci/prod/2020.2/rdi_builds/continuous/2020_11_18_3064766/src/shared/hls/clib/hlsmath/include/FloatingPoint\hls_hotbm.h:281]   --->   Operation 198 'select' 'select_ln462_1' <Predicate = true> <Delay = 0.00> <CoreInst = "Sel">   --->   Core 73 'Sel' <Latency = 0> <II = 1> <Delay = 0.67> <FuncUnit> <Opcode : 'select'> <InPorts = 3> <OutPorts = 1>
ST_13 : Operation 199 [1/1] (0.67ns) (out node of the LUT)   --->   "%select_ln462_2 = select i1 %or_ln462_1, i52 %select_ln462, i52 %select_ln462_1" [r:/ci/prod/2020.2/rdi_builds/continuous/2020_11_18_3064766/src/shared/hls/clib/src/hls\utils/x_hls_float_utils.h:462->r:/ci/prod/2020.2/rdi_builds/continuous/2020_11_18_3064766/src/shared/hls/clib/hlsmath/include/FloatingPoint\hls_hotbm.h:281]   --->   Operation 199 'select' 'select_ln462_2' <Predicate = true> <Delay = 0.67> <CoreInst = "Sel">   --->   Core 73 'Sel' <Latency = 0> <II = 1> <Delay = 0.67> <FuncUnit> <Opcode : 'select'> <InPorts = 3> <OutPorts = 1>
ST_13 : Operation 200 [1/1] (0.00ns) (grouped into LUT with out node significand)   --->   "%tmp_7 = partselect i52 @_ssdm_op_PartSelect.i52.i63.i32.i32, i63 %shl_ln1253, i32 10, i32 61"   --->   Operation 200 'partselect' 'tmp_7' <Predicate = true> <Delay = 0.00>
ST_13 : Operation 201 [1/1] (0.67ns) (out node of the LUT)   --->   "%significand = select i1 %or_ln462_2, i52 %select_ln462_2, i52 %tmp_7" [r:/ci/prod/2020.2/rdi_builds/continuous/2020_11_18_3064766/src/shared/hls/clib/src/hls\utils/x_hls_float_utils.h:462->r:/ci/prod/2020.2/rdi_builds/continuous/2020_11_18_3064766/src/shared/hls/clib/hlsmath/include/FloatingPoint\hls_hotbm.h:281]   --->   Operation 201 'select' 'significand' <Predicate = true> <Delay = 0.67> <CoreInst = "Sel">   --->   Core 73 'Sel' <Latency = 0> <II = 1> <Delay = 0.67> <FuncUnit> <Opcode : 'select'> <InPorts = 3> <OutPorts = 1>
ST_13 : Operation 202 [1/1] (0.00ns) (grouped into LUT with out node results_sig_V)   --->   "%and_ln300_1 = and i1 %icmp_ln824, i1 %icmp_ln824_1" [r:/ci/prod/2020.2/rdi_builds/continuous/2020_11_18_3064766/src/shared/hls/clib/hlsmath/include/FloatingPoint\hls_hotbm.h:300]   --->   Operation 202 'and' 'and_ln300_1' <Predicate = true> <Delay = 0.00> <CoreInst = "LogicGate">   --->   Core 74 'LogicGate' <Latency = 0> <II = 1> <Delay = 0.61> <FuncUnit> <Opcode : 'and' 'or' 'xor'> <InPorts = 2> <OutPorts = 1>
ST_13 : Operation 203 [1/1] (0.00ns) (grouped into LUT with out node results_sig_V)   --->   "%xor_ln300 = xor i1 %and_ln300_1, i1 1" [r:/ci/prod/2020.2/rdi_builds/continuous/2020_11_18_3064766/src/shared/hls/clib/hlsmath/include/FloatingPoint\hls_hotbm.h:300]   --->   Operation 203 'xor' 'xor_ln300' <Predicate = true> <Delay = 0.00> <CoreInst = "LogicGate">   --->   Core 74 'LogicGate' <Latency = 0> <II = 1> <Delay = 0.61> <FuncUnit> <Opcode : 'and' 'or' 'xor'> <InPorts = 2> <OutPorts = 1>
ST_13 : Operation 204 [1/1] (0.00ns) (grouped into LUT with out node results_sig_V)   --->   "%select_ln300_2 = select i1 %xor_ln300, i52 4503599627370495, i52 0" [r:/ci/prod/2020.2/rdi_builds/continuous/2020_11_18_3064766/src/shared/hls/clib/hlsmath/include/FloatingPoint\hls_hotbm.h:300]   --->   Operation 204 'select' 'select_ln300_2' <Predicate = true> <Delay = 0.00> <CoreInst = "Sel">   --->   Core 73 'Sel' <Latency = 0> <II = 1> <Delay = 0.67> <FuncUnit> <Opcode : 'select'> <InPorts = 3> <OutPorts = 1>
ST_13 : Operation 205 [1/1] (0.00ns) (grouped into LUT with out node results_sig_V)   --->   "%or_ln300 = or i1 %and_ln300, i1 %icmp_ln824_2" [r:/ci/prod/2020.2/rdi_builds/continuous/2020_11_18_3064766/src/shared/hls/clib/hlsmath/include/FloatingPoint\hls_hotbm.h:300]   --->   Operation 205 'or' 'or_ln300' <Predicate = true> <Delay = 0.00> <CoreInst = "LogicGate">   --->   Core 74 'LogicGate' <Latency = 0> <II = 1> <Delay = 0.61> <FuncUnit> <Opcode : 'and' 'or' 'xor'> <InPorts = 2> <OutPorts = 1>
ST_13 : Operation 206 [1/1] (0.67ns) (out node of the LUT)   --->   "%results_sig_V = select i1 %or_ln300, i52 %select_ln300_2, i52 %significand" [r:/ci/prod/2020.2/rdi_builds/continuous/2020_11_18_3064766/src/shared/hls/clib/hlsmath/include/FloatingPoint\hls_hotbm.h:300]   --->   Operation 206 'select' 'results_sig_V' <Predicate = true> <Delay = 0.67> <CoreInst = "Sel">   --->   Core 73 'Sel' <Latency = 0> <II = 1> <Delay = 0.67> <FuncUnit> <Opcode : 'select'> <InPorts = 3> <OutPorts = 1>
ST_13 : Operation 207 [1/1] (0.00ns)   --->   "%p_Result_27 = bitconcatenate i64 @_ssdm_op_BitConcatenate.i64.i1.i11.i52, i1 %results_sign_V, i11 %results_exp_V, i52 %results_sig_V"   --->   Operation 207 'bitconcatenate' 'p_Result_27' <Predicate = true> <Delay = 0.00>
ST_13 : Operation 208 [1/1] (0.00ns)   --->   "%bitcast_ln521 = bitcast i64 %p_Result_27" [r:/ci/prod/2020.2/rdi_builds/continuous/2020_11_18_3064766/src/shared/hls/clib/src/hls\utils/x_hls_utils.h:521]   --->   Operation 208 'bitcast' 'bitcast_ln521' <Predicate = true> <Delay = 0.00>
ST_13 : Operation 209 [1/1] (0.00ns)   --->   "%ret_ln316 = ret i64 %bitcast_ln521" [r:/ci/prod/2020.2/rdi_builds/continuous/2020_11_18_3064766/src/shared/hls/clib/hlsmath/include/FloatingPoint\hls_hotbm.h:316]   --->   Operation 209 'ret' 'ret_ln316' <Predicate = true> <Delay = 0.00>


============================================================
+ Verbose Summary: Timing violations
============================================================
Target clock period: 10ns, clock uncertainty: 0.2ns.

 <State 1>: 4.84ns
The critical path consists of the following:
	wire read on port 't_in' (r:/ci/prod/2020.2/rdi_builds/continuous/2020_11_18_3064766/src/shared/hls/clib/src/hls\utils/x_hls_utils.h:483) [14]  (0 ns)
	'add' operation ('add_ln116') [23]  (1.47 ns)
	'select' operation ('addr') [24]  (0.71 ns)
	'getelementptr' operation ('ref_4oPi_table_256_V_addr', r:/ci/prod/2020.2/rdi_builds/continuous/2020_11_18_3064766/src/shared/hls/clib/hlsmath/include/FloatingPoint/hls_range_redux.h:426) [27]  (0 ns)
	'load' operation ('table_256.V', r:/ci/prod/2020.2/rdi_builds/continuous/2020_11_18_3064766/src/shared/hls/clib/hlsmath/include/FloatingPoint/hls_range_redux.h:426) on array 'ref_4oPi_table_256_V' [28]  (2.66 ns)

 <State 2>: 5.61ns
The critical path consists of the following:
	'load' operation ('table_256.V', r:/ci/prod/2020.2/rdi_builds/continuous/2020_11_18_3064766/src/shared/hls/clib/hlsmath/include/FloatingPoint/hls_range_redux.h:426) on array 'ref_4oPi_table_256_V' [28]  (2.66 ns)
	'shl' operation ('r') [31]  (2.95 ns)

 <State 3>: 8.52ns
The critical path consists of the following:
	'mul' operation ('ret') [34]  (8.52 ns)

 <State 4>: 8.52ns
The critical path consists of the following:
	'mul' operation ('ret') [34]  (8.52 ns)

 <State 5>: 6.75ns
The critical path consists of the following:
	'sub' operation ('Mx_bits.V') [38]  (2.87 ns)
	'select' operation ('select_ln520', r:/ci/prod/2020.2/rdi_builds/continuous/2020_11_18_3064766/src/shared/hls/clib/hlsmath/include/FloatingPoint/hls_range_redux.h:520) [39]  (0 ns)
	'select' operation ('Mx_bits.V') [41]  (0.952 ns)
	'shl' operation ('r') [50]  (2.93 ns)

 <State 6>: 6.56ns
The critical path consists of the following:
	'sub' operation ('sub_ln1311') [55]  (1.47 ns)
	'select' operation ('ush') [56]  (0.76 ns)
	'shl' operation ('r.V') [60]  (0 ns)
	'select' operation ('r.V') [61]  (2.91 ns)
	'getelementptr' operation ('fourth_order_double_sin_cos_K1_V_addr') [86]  (0 ns)
	'load' operation ('fourth_order_double_sin_cos_K1_V_load') on array 'fourth_order_double_sin_cos_K1_V' [87]  (1.43 ns)

 <State 7>: 8.23ns
The critical path consists of the following:
	'mul' operation ('r.V') [74]  (8.23 ns)

 <State 8>: 9.65ns
The critical path consists of the following:
	'load' operation ('fourth_order_double_sin_cos_K2_V_load') on array 'fourth_order_double_sin_cos_K2_V' [93]  (1.43 ns)
	'mul' operation ('r.V') [95]  (8.23 ns)

 <State 9>: 8.79ns
The critical path consists of the following:
	'load' operation ('fourth_order_double_sin_cos_K3_V_load') on array 'fourth_order_double_sin_cos_K3_V' [100]  (1.43 ns)
	'mul' operation ('r.V') [102]  (7.36 ns)

 <State 10>: 3.24ns
The critical path consists of the following:
	'add' operation ('ret.V') [117]  (0 ns)
	'add' operation ('ret.V') [119]  (3.24 ns)

 <State 11>: 9.7ns
The critical path consists of the following:
	'mul' operation ('r.V') [122]  (9.7 ns)

 <State 12>: 8.47ns
The critical path consists of the following:
	'cttz' operation ('tmp_1_i') [136]  (0 ns)
	'add' operation ('add_ln451', r:/ci/prod/2020.2/rdi_builds/continuous/2020_11_18_3064766/src/shared/hls/clib/src/hls\utils/x_hls_float_utils.h:451->r:/ci/prod/2020.2/rdi_builds/continuous/2020_11_18_3064766/src/shared/hls/clib/hlsmath/include/FloatingPoint\hls_hotbm.h:281) [144]  (1.63 ns)
	'add' operation ('add_ln451_1', r:/ci/prod/2020.2/rdi_builds/continuous/2020_11_18_3064766/src/shared/hls/clib/src/hls\utils/x_hls_float_utils.h:451->r:/ci/prod/2020.2/rdi_builds/continuous/2020_11_18_3064766/src/shared/hls/clib/hlsmath/include/FloatingPoint\hls_hotbm.h:281) [148]  (1.63 ns)
	'add' operation ('add_ln451_2', r:/ci/prod/2020.2/rdi_builds/continuous/2020_11_18_3064766/src/shared/hls/clib/src/hls\utils/x_hls_float_utils.h:451->r:/ci/prod/2020.2/rdi_builds/continuous/2020_11_18_3064766/src/shared/hls/clib/hlsmath/include/FloatingPoint\hls_hotbm.h:281) [152]  (1.63 ns)
	'select' operation ('select_ln453', r:/ci/prod/2020.2/rdi_builds/continuous/2020_11_18_3064766/src/shared/hls/clib/src/hls\utils/x_hls_float_utils.h:453->r:/ci/prod/2020.2/rdi_builds/continuous/2020_11_18_3064766/src/shared/hls/clib/hlsmath/include/FloatingPoint\hls_hotbm.h:281) [159]  (0 ns)
	'select' operation ('select_ln453_2', r:/ci/prod/2020.2/rdi_builds/continuous/2020_11_18_3064766/src/shared/hls/clib/src/hls\utils/x_hls_float_utils.h:453->r:/ci/prod/2020.2/rdi_builds/continuous/2020_11_18_3064766/src/shared/hls/clib/hlsmath/include/FloatingPoint\hls_hotbm.h:281) [162]  (0.616 ns)
	'sub' operation ('newexp', r:/ci/prod/2020.2/rdi_builds/continuous/2020_11_18_3064766/src/shared/hls/clib/src/hls\utils/x_hls_float_utils.h:461->r:/ci/prod/2020.2/rdi_builds/continuous/2020_11_18_3064766/src/shared/hls/clib/hlsmath/include/FloatingPoint\hls_hotbm.h:281) [165]  (1.63 ns)
	'or' operation ('or_ln462', r:/ci/prod/2020.2/rdi_builds/continuous/2020_11_18_3064766/src/shared/hls/clib/src/hls\utils/x_hls_float_utils.h:462->r:/ci/prod/2020.2/rdi_builds/continuous/2020_11_18_3064766/src/shared/hls/clib/hlsmath/include/FloatingPoint\hls_hotbm.h:281) [168]  (0.616 ns)
	'or' operation ('or_ln311', r:/ci/prod/2020.2/rdi_builds/continuous/2020_11_18_3064766/src/shared/hls/clib/hlsmath/include/FloatingPoint\hls_hotbm.h:311) [191]  (0 ns)
	'select' operation ('select_ln311', r:/ci/prod/2020.2/rdi_builds/continuous/2020_11_18_3064766/src/shared/hls/clib/hlsmath/include/FloatingPoint\hls_hotbm.h:311) [192]  (0 ns)
	'select' operation ('results.exp.V', r:/ci/prod/2020.2/rdi_builds/continuous/2020_11_18_3064766/src/shared/hls/clib/hlsmath/include/FloatingPoint\hls_hotbm.h:300) [194]  (0.71 ns)

 <State 13>: 7.84ns
The critical path consists of the following:
	'shl' operation ('shl_ln1253_2') [150]  (2.91 ns)
	'shl' operation ('shl_ln1253_3') [154]  (0 ns)
	'select' operation ('select_ln462', r:/ci/prod/2020.2/rdi_builds/continuous/2020_11_18_3064766/src/shared/hls/clib/src/hls\utils/x_hls_float_utils.h:462->r:/ci/prod/2020.2/rdi_builds/continuous/2020_11_18_3064766/src/shared/hls/clib/hlsmath/include/FloatingPoint\hls_hotbm.h:281) [172]  (2.91 ns)
	'select' operation ('select_ln462_2', r:/ci/prod/2020.2/rdi_builds/continuous/2020_11_18_3064766/src/shared/hls/clib/src/hls\utils/x_hls_float_utils.h:462->r:/ci/prod/2020.2/rdi_builds/continuous/2020_11_18_3064766/src/shared/hls/clib/hlsmath/include/FloatingPoint\hls_hotbm.h:281) [176]  (0.672 ns)
	'select' operation ('significand', r:/ci/prod/2020.2/rdi_builds/continuous/2020_11_18_3064766/src/shared/hls/clib/src/hls\utils/x_hls_float_utils.h:462->r:/ci/prod/2020.2/rdi_builds/continuous/2020_11_18_3064766/src/shared/hls/clib/hlsmath/include/FloatingPoint\hls_hotbm.h:281) [178]  (0.672 ns)
	'select' operation ('results.sig.V', r:/ci/prod/2020.2/rdi_builds/continuous/2020_11_18_3064766/src/shared/hls/clib/hlsmath/include/FloatingPoint\hls_hotbm.h:300) [199]  (0.672 ns)


============================================================
+ Verbose Summary: Binding
============================================================
N/A
* FSMD analyzer results:
  - Output states:
 - Input state : 
  - Chain level:
	State 1
	State 2
	State 3
	State 4
	State 5
	State 6
	State 7
	State 8
	State 9
	State 10
	State 11
	State 12
	State 13


============================================================
+ Verbose Summary: Datapath Resource usage 
============================================================
N/A
