

================================================================
== Vitis HLS Report for 'vetmat'
================================================================
* Date:           Sat Feb  6 16:57:10 2021

* Version:        2020.2 (Build 3064766 on Wed Nov 18 09:12:45 MST 2020)
* Project:        RLCADCungrounded_Vitis
* Solution:       solution1 (Vivado IP Flow Target)
* Product family: virtex7
* Target device:  xc7vx485t-ffg1157-1


================================================================
== Performance Estimates
================================================================
+ Timing: 
    * Summary: 
    +--------+----------+----------+------------+
    |  Clock |  Target  | Estimated| Uncertainty|
    +--------+----------+----------+------------+
    |ap_clk  |  10.00 ns|  8.440 ns|     0.20 ns|
    +--------+----------+----------+------------+

+ Latency: 
    * Summary: 
    +---------+---------+----------+----------+-----+-----+---------+
    |  Latency (cycles) |  Latency (absolute) |  Interval | Pipeline|
    |   min   |   max   |    min   |    max   | min | max |   Type  |
    +---------+---------+----------+----------+-----+-----+---------+
    |       14|       14|  0.140 us|  0.140 us|    1|    1|      yes|
    +---------+---------+----------+----------+-----+-----+---------+

    + Detail: 
        * Instance: 
        N/A

        * Loop: 
        N/A

============================================================
+ Verbose Summary: Synthesis Manager
============================================================
InlineROM: 1
ExposeGlobal: 0
============================================================
+ Verbose Summary: CDFG Model
============================================================
IsTopModel: 0
ResetActiveHigh: 1
IsCombinational: 0
IsDatapathOnly: 0
HasWiredReturn: 1
HasMFsm: 2
HasVarLatency: 0
IsPipeline: 1
IsRtlPipelined: 1
IsInstanceOverlapped: 0
IsDontTouch: 0
HasImplIP: 0
IsGatedGlobalClock: 0

+ Individual pipeline summary: 
  * Pipeline-0: initiation interval (II) = 1, depth = 15


============================================================
+ Verbose Summary: Schedule
============================================================
* Number of FSM states : 15
* Pipeline : 1
  Pipeline-0 : II = 1, D = 15, States = { 1 2 3 4 5 6 7 8 9 10 11 12 13 14 15 }
* Dataflow Pipeline: 0

* FSM state transitions: 
1 --> 2 
2 --> 3 
3 --> 4 
4 --> 5 
5 --> 6 
6 --> 7 
7 --> 8 
8 --> 9 
9 --> 10 
10 --> 11 
11 --> 12 
12 --> 13 
13 --> 14 
14 --> 15 
15 --> 

* FSM state operations: 

State 1 <SV = 0> <Delay = 8.44>
ST_1 : Operation 16 [1/1] (0.00ns)   --->   "%G_vec_I_0_load = load i32 %G_vec_I_0" [HLSfiles/main_core.cpp:63]   --->   Operation 16 'load' 'G_vec_I_0_load' <Predicate = true> <Delay = 0.00>
ST_1 : Operation 17 [3/3] (8.44ns)   --->   "%mul = fmul i32 %G_vec_I_0_load, i32 10" [HLSfiles/main_core.cpp:63]   --->   Operation 17 'fmul' 'mul' <Predicate = true> <Delay = 8.44> <CoreInst = "FMul_maxdsp">   --->   Core 30 'FMul_maxdsp' <Latency = 2> <II = 1> <Delay = 8.44> <FuncUnit> <Opcode : 'fmul'> <InPorts = 2> <OutPorts = 1>
ST_1 : Operation 18 [3/3] (8.44ns)   --->   "%mul_1 = fmul i32 %G_vec_I_0_load, i32 0" [HLSfiles/main_core.cpp:63]   --->   Operation 18 'fmul' 'mul_1' <Predicate = true> <Delay = 8.44> <CoreInst = "FMul_maxdsp">   --->   Core 30 'FMul_maxdsp' <Latency = 2> <II = 1> <Delay = 8.44> <FuncUnit> <Opcode : 'fmul'> <InPorts = 2> <OutPorts = 1>
ST_1 : Operation 19 [1/1] (0.00ns)   --->   "%store_ln65 = store i32 0, i32 %G_vec_I_0" [HLSfiles/main_core.cpp:65]   --->   Operation 19 'store' 'store_ln65' <Predicate = true> <Delay = 0.00>

State 2 <SV = 1> <Delay = 8.44>
ST_2 : Operation 20 [2/3] (8.44ns)   --->   "%mul = fmul i32 %G_vec_I_0_load, i32 10" [HLSfiles/main_core.cpp:63]   --->   Operation 20 'fmul' 'mul' <Predicate = true> <Delay = 8.44> <CoreInst = "FMul_maxdsp">   --->   Core 30 'FMul_maxdsp' <Latency = 2> <II = 1> <Delay = 8.44> <FuncUnit> <Opcode : 'fmul'> <InPorts = 2> <OutPorts = 1>
ST_2 : Operation 21 [2/3] (8.44ns)   --->   "%mul_1 = fmul i32 %G_vec_I_0_load, i32 0" [HLSfiles/main_core.cpp:63]   --->   Operation 21 'fmul' 'mul_1' <Predicate = true> <Delay = 8.44> <CoreInst = "FMul_maxdsp">   --->   Core 30 'FMul_maxdsp' <Latency = 2> <II = 1> <Delay = 8.44> <FuncUnit> <Opcode : 'fmul'> <InPorts = 2> <OutPorts = 1>

State 3 <SV = 2> <Delay = 8.44>
ST_3 : Operation 22 [1/3] (8.44ns)   --->   "%mul = fmul i32 %G_vec_I_0_load, i32 10" [HLSfiles/main_core.cpp:63]   --->   Operation 22 'fmul' 'mul' <Predicate = true> <Delay = 8.44> <CoreInst = "FMul_maxdsp">   --->   Core 30 'FMul_maxdsp' <Latency = 2> <II = 1> <Delay = 8.44> <FuncUnit> <Opcode : 'fmul'> <InPorts = 2> <OutPorts = 1>
ST_3 : Operation 23 [1/3] (8.44ns)   --->   "%mul_1 = fmul i32 %G_vec_I_0_load, i32 0" [HLSfiles/main_core.cpp:63]   --->   Operation 23 'fmul' 'mul_1' <Predicate = true> <Delay = 8.44> <CoreInst = "FMul_maxdsp">   --->   Core 30 'FMul_maxdsp' <Latency = 2> <II = 1> <Delay = 8.44> <FuncUnit> <Opcode : 'fmul'> <InPorts = 2> <OutPorts = 1>

State 4 <SV = 3> <Delay = 8.21>
ST_4 : Operation 24 [4/4] (8.21ns)   --->   "%acc_1 = fadd i32 %mul, i32 0" [HLSfiles/main_core.cpp:63]   --->   Operation 24 'fadd' 'acc_1' <Predicate = true> <Delay = 8.21> <CoreInst = "FAddSub_fulldsp">   --->   Core 18 'FAddSub_fulldsp' <Latency = 3> <II = 1> <Delay = 8.21> <FuncUnit> <Opcode : 'fadd' 'fsub'> <InPorts = 2> <OutPorts = 1>
ST_4 : Operation 25 [4/4] (8.21ns)   --->   "%acc_1_1 = fadd i32 %mul_1, i32 0" [HLSfiles/main_core.cpp:63]   --->   Operation 25 'fadd' 'acc_1_1' <Predicate = true> <Delay = 8.21> <CoreInst = "FAddSub_fulldsp">   --->   Core 18 'FAddSub_fulldsp' <Latency = 3> <II = 1> <Delay = 8.21> <FuncUnit> <Opcode : 'fadd' 'fsub'> <InPorts = 2> <OutPorts = 1>

State 5 <SV = 4> <Delay = 8.44>
ST_5 : Operation 26 [3/4] (8.21ns)   --->   "%acc_1 = fadd i32 %mul, i32 0" [HLSfiles/main_core.cpp:63]   --->   Operation 26 'fadd' 'acc_1' <Predicate = true> <Delay = 8.21> <CoreInst = "FAddSub_fulldsp">   --->   Core 18 'FAddSub_fulldsp' <Latency = 3> <II = 1> <Delay = 8.21> <FuncUnit> <Opcode : 'fadd' 'fsub'> <InPorts = 2> <OutPorts = 1>
ST_5 : Operation 27 [1/1] (0.00ns)   --->   "%G_vec_I_1_load = load i32 %G_vec_I_1" [HLSfiles/main_core.cpp:63]   --->   Operation 27 'load' 'G_vec_I_1_load' <Predicate = true> <Delay = 0.00>
ST_5 : Operation 28 [3/3] (8.44ns)   --->   "%mul_0_1 = fmul i32 %G_vec_I_1_load, i32 0" [HLSfiles/main_core.cpp:63]   --->   Operation 28 'fmul' 'mul_0_1' <Predicate = true> <Delay = 8.44> <CoreInst = "FMul_maxdsp">   --->   Core 30 'FMul_maxdsp' <Latency = 2> <II = 1> <Delay = 8.44> <FuncUnit> <Opcode : 'fmul'> <InPorts = 2> <OutPorts = 1>
ST_5 : Operation 29 [3/4] (8.21ns)   --->   "%acc_1_1 = fadd i32 %mul_1, i32 0" [HLSfiles/main_core.cpp:63]   --->   Operation 29 'fadd' 'acc_1_1' <Predicate = true> <Delay = 8.21> <CoreInst = "FAddSub_fulldsp">   --->   Core 18 'FAddSub_fulldsp' <Latency = 3> <II = 1> <Delay = 8.21> <FuncUnit> <Opcode : 'fadd' 'fsub'> <InPorts = 2> <OutPorts = 1>
ST_5 : Operation 30 [3/3] (8.44ns)   --->   "%mul_1_1 = fmul i32 %G_vec_I_1_load, i32 18.1818" [HLSfiles/main_core.cpp:63]   --->   Operation 30 'fmul' 'mul_1_1' <Predicate = true> <Delay = 8.44> <CoreInst = "FMul_maxdsp">   --->   Core 30 'FMul_maxdsp' <Latency = 2> <II = 1> <Delay = 8.44> <FuncUnit> <Opcode : 'fmul'> <InPorts = 2> <OutPorts = 1>
ST_5 : Operation 31 [1/1] (0.00ns)   --->   "%store_ln65 = store i32 0, i32 %G_vec_I_1" [HLSfiles/main_core.cpp:65]   --->   Operation 31 'store' 'store_ln65' <Predicate = true> <Delay = 0.00>

State 6 <SV = 5> <Delay = 8.44>
ST_6 : Operation 32 [2/4] (8.21ns)   --->   "%acc_1 = fadd i32 %mul, i32 0" [HLSfiles/main_core.cpp:63]   --->   Operation 32 'fadd' 'acc_1' <Predicate = true> <Delay = 8.21> <CoreInst = "FAddSub_fulldsp">   --->   Core 18 'FAddSub_fulldsp' <Latency = 3> <II = 1> <Delay = 8.21> <FuncUnit> <Opcode : 'fadd' 'fsub'> <InPorts = 2> <OutPorts = 1>
ST_6 : Operation 33 [2/3] (8.44ns)   --->   "%mul_0_1 = fmul i32 %G_vec_I_1_load, i32 0" [HLSfiles/main_core.cpp:63]   --->   Operation 33 'fmul' 'mul_0_1' <Predicate = true> <Delay = 8.44> <CoreInst = "FMul_maxdsp">   --->   Core 30 'FMul_maxdsp' <Latency = 2> <II = 1> <Delay = 8.44> <FuncUnit> <Opcode : 'fmul'> <InPorts = 2> <OutPorts = 1>
ST_6 : Operation 34 [2/4] (8.21ns)   --->   "%acc_1_1 = fadd i32 %mul_1, i32 0" [HLSfiles/main_core.cpp:63]   --->   Operation 34 'fadd' 'acc_1_1' <Predicate = true> <Delay = 8.21> <CoreInst = "FAddSub_fulldsp">   --->   Core 18 'FAddSub_fulldsp' <Latency = 3> <II = 1> <Delay = 8.21> <FuncUnit> <Opcode : 'fadd' 'fsub'> <InPorts = 2> <OutPorts = 1>
ST_6 : Operation 35 [2/3] (8.44ns)   --->   "%mul_1_1 = fmul i32 %G_vec_I_1_load, i32 18.1818" [HLSfiles/main_core.cpp:63]   --->   Operation 35 'fmul' 'mul_1_1' <Predicate = true> <Delay = 8.44> <CoreInst = "FMul_maxdsp">   --->   Core 30 'FMul_maxdsp' <Latency = 2> <II = 1> <Delay = 8.44> <FuncUnit> <Opcode : 'fmul'> <InPorts = 2> <OutPorts = 1>

State 7 <SV = 6> <Delay = 8.44>
ST_7 : Operation 36 [1/4] (8.21ns)   --->   "%acc_1 = fadd i32 %mul, i32 0" [HLSfiles/main_core.cpp:63]   --->   Operation 36 'fadd' 'acc_1' <Predicate = true> <Delay = 8.21> <CoreInst = "FAddSub_fulldsp">   --->   Core 18 'FAddSub_fulldsp' <Latency = 3> <II = 1> <Delay = 8.21> <FuncUnit> <Opcode : 'fadd' 'fsub'> <InPorts = 2> <OutPorts = 1>
ST_7 : Operation 37 [1/3] (8.44ns)   --->   "%mul_0_1 = fmul i32 %G_vec_I_1_load, i32 0" [HLSfiles/main_core.cpp:63]   --->   Operation 37 'fmul' 'mul_0_1' <Predicate = true> <Delay = 8.44> <CoreInst = "FMul_maxdsp">   --->   Core 30 'FMul_maxdsp' <Latency = 2> <II = 1> <Delay = 8.44> <FuncUnit> <Opcode : 'fmul'> <InPorts = 2> <OutPorts = 1>
ST_7 : Operation 38 [1/4] (8.21ns)   --->   "%acc_1_1 = fadd i32 %mul_1, i32 0" [HLSfiles/main_core.cpp:63]   --->   Operation 38 'fadd' 'acc_1_1' <Predicate = true> <Delay = 8.21> <CoreInst = "FAddSub_fulldsp">   --->   Core 18 'FAddSub_fulldsp' <Latency = 3> <II = 1> <Delay = 8.21> <FuncUnit> <Opcode : 'fadd' 'fsub'> <InPorts = 2> <OutPorts = 1>
ST_7 : Operation 39 [1/3] (8.44ns)   --->   "%mul_1_1 = fmul i32 %G_vec_I_1_load, i32 18.1818" [HLSfiles/main_core.cpp:63]   --->   Operation 39 'fmul' 'mul_1_1' <Predicate = true> <Delay = 8.44> <CoreInst = "FMul_maxdsp">   --->   Core 30 'FMul_maxdsp' <Latency = 2> <II = 1> <Delay = 8.44> <FuncUnit> <Opcode : 'fmul'> <InPorts = 2> <OutPorts = 1>

State 8 <SV = 7> <Delay = 8.21>
ST_8 : Operation 40 [4/4] (8.21ns)   --->   "%acc_1_0_1 = fadd i32 %acc_1, i32 %mul_0_1" [HLSfiles/main_core.cpp:63]   --->   Operation 40 'fadd' 'acc_1_0_1' <Predicate = true> <Delay = 8.21> <CoreInst = "FAddSub_fulldsp">   --->   Core 18 'FAddSub_fulldsp' <Latency = 3> <II = 1> <Delay = 8.21> <FuncUnit> <Opcode : 'fadd' 'fsub'> <InPorts = 2> <OutPorts = 1>
ST_8 : Operation 41 [4/4] (8.21ns)   --->   "%acc_1_1_1 = fadd i32 %acc_1_1, i32 %mul_1_1" [HLSfiles/main_core.cpp:63]   --->   Operation 41 'fadd' 'acc_1_1_1' <Predicate = true> <Delay = 8.21> <CoreInst = "FAddSub_fulldsp">   --->   Core 18 'FAddSub_fulldsp' <Latency = 3> <II = 1> <Delay = 8.21> <FuncUnit> <Opcode : 'fadd' 'fsub'> <InPorts = 2> <OutPorts = 1>

State 9 <SV = 8> <Delay = 8.44>
ST_9 : Operation 42 [3/4] (8.21ns)   --->   "%acc_1_0_1 = fadd i32 %acc_1, i32 %mul_0_1" [HLSfiles/main_core.cpp:63]   --->   Operation 42 'fadd' 'acc_1_0_1' <Predicate = true> <Delay = 8.21> <CoreInst = "FAddSub_fulldsp">   --->   Core 18 'FAddSub_fulldsp' <Latency = 3> <II = 1> <Delay = 8.21> <FuncUnit> <Opcode : 'fadd' 'fsub'> <InPorts = 2> <OutPorts = 1>
ST_9 : Operation 43 [1/1] (0.00ns)   --->   "%G_vec_I_2_load = load i32 %G_vec_I_2" [HLSfiles/main_core.cpp:63]   --->   Operation 43 'load' 'G_vec_I_2_load' <Predicate = true> <Delay = 0.00>
ST_9 : Operation 44 [3/3] (8.44ns)   --->   "%mul_0_2 = fmul i32 %G_vec_I_2_load, i32 0" [HLSfiles/main_core.cpp:63]   --->   Operation 44 'fmul' 'mul_0_2' <Predicate = true> <Delay = 8.44> <CoreInst = "FMul_maxdsp">   --->   Core 30 'FMul_maxdsp' <Latency = 2> <II = 1> <Delay = 8.44> <FuncUnit> <Opcode : 'fmul'> <InPorts = 2> <OutPorts = 1>
ST_9 : Operation 45 [3/4] (8.21ns)   --->   "%acc_1_1_1 = fadd i32 %acc_1_1, i32 %mul_1_1" [HLSfiles/main_core.cpp:63]   --->   Operation 45 'fadd' 'acc_1_1_1' <Predicate = true> <Delay = 8.21> <CoreInst = "FAddSub_fulldsp">   --->   Core 18 'FAddSub_fulldsp' <Latency = 3> <II = 1> <Delay = 8.21> <FuncUnit> <Opcode : 'fadd' 'fsub'> <InPorts = 2> <OutPorts = 1>
ST_9 : Operation 46 [3/3] (8.44ns)   --->   "%mul_1_2 = fmul i32 %G_vec_I_2_load, i32 18.1818" [HLSfiles/main_core.cpp:63]   --->   Operation 46 'fmul' 'mul_1_2' <Predicate = true> <Delay = 8.44> <CoreInst = "FMul_maxdsp">   --->   Core 30 'FMul_maxdsp' <Latency = 2> <II = 1> <Delay = 8.44> <FuncUnit> <Opcode : 'fmul'> <InPorts = 2> <OutPorts = 1>
ST_9 : Operation 47 [3/3] (8.44ns)   --->   "%mul_2_2 = fmul i32 %G_vec_I_2_load, i32 18.2318" [HLSfiles/main_core.cpp:63]   --->   Operation 47 'fmul' 'mul_2_2' <Predicate = true> <Delay = 8.44> <CoreInst = "FMul_maxdsp">   --->   Core 30 'FMul_maxdsp' <Latency = 2> <II = 1> <Delay = 8.44> <FuncUnit> <Opcode : 'fmul'> <InPorts = 2> <OutPorts = 1>
ST_9 : Operation 48 [1/1] (0.00ns)   --->   "%store_ln65 = store i32 0, i32 %G_vec_I_2" [HLSfiles/main_core.cpp:65]   --->   Operation 48 'store' 'store_ln65' <Predicate = true> <Delay = 0.00>

State 10 <SV = 9> <Delay = 8.44>
ST_10 : Operation 49 [2/4] (8.21ns)   --->   "%acc_1_0_1 = fadd i32 %acc_1, i32 %mul_0_1" [HLSfiles/main_core.cpp:63]   --->   Operation 49 'fadd' 'acc_1_0_1' <Predicate = true> <Delay = 8.21> <CoreInst = "FAddSub_fulldsp">   --->   Core 18 'FAddSub_fulldsp' <Latency = 3> <II = 1> <Delay = 8.21> <FuncUnit> <Opcode : 'fadd' 'fsub'> <InPorts = 2> <OutPorts = 1>
ST_10 : Operation 50 [2/3] (8.44ns)   --->   "%mul_0_2 = fmul i32 %G_vec_I_2_load, i32 0" [HLSfiles/main_core.cpp:63]   --->   Operation 50 'fmul' 'mul_0_2' <Predicate = true> <Delay = 8.44> <CoreInst = "FMul_maxdsp">   --->   Core 30 'FMul_maxdsp' <Latency = 2> <II = 1> <Delay = 8.44> <FuncUnit> <Opcode : 'fmul'> <InPorts = 2> <OutPorts = 1>
ST_10 : Operation 51 [2/4] (8.21ns)   --->   "%acc_1_1_1 = fadd i32 %acc_1_1, i32 %mul_1_1" [HLSfiles/main_core.cpp:63]   --->   Operation 51 'fadd' 'acc_1_1_1' <Predicate = true> <Delay = 8.21> <CoreInst = "FAddSub_fulldsp">   --->   Core 18 'FAddSub_fulldsp' <Latency = 3> <II = 1> <Delay = 8.21> <FuncUnit> <Opcode : 'fadd' 'fsub'> <InPorts = 2> <OutPorts = 1>
ST_10 : Operation 52 [2/3] (8.44ns)   --->   "%mul_1_2 = fmul i32 %G_vec_I_2_load, i32 18.1818" [HLSfiles/main_core.cpp:63]   --->   Operation 52 'fmul' 'mul_1_2' <Predicate = true> <Delay = 8.44> <CoreInst = "FMul_maxdsp">   --->   Core 30 'FMul_maxdsp' <Latency = 2> <II = 1> <Delay = 8.44> <FuncUnit> <Opcode : 'fmul'> <InPorts = 2> <OutPorts = 1>
ST_10 : Operation 53 [2/3] (8.44ns)   --->   "%mul_2_2 = fmul i32 %G_vec_I_2_load, i32 18.2318" [HLSfiles/main_core.cpp:63]   --->   Operation 53 'fmul' 'mul_2_2' <Predicate = true> <Delay = 8.44> <CoreInst = "FMul_maxdsp">   --->   Core 30 'FMul_maxdsp' <Latency = 2> <II = 1> <Delay = 8.44> <FuncUnit> <Opcode : 'fmul'> <InPorts = 2> <OutPorts = 1>

State 11 <SV = 10> <Delay = 8.44>
ST_11 : Operation 54 [1/4] (8.21ns)   --->   "%acc_1_0_1 = fadd i32 %acc_1, i32 %mul_0_1" [HLSfiles/main_core.cpp:63]   --->   Operation 54 'fadd' 'acc_1_0_1' <Predicate = true> <Delay = 8.21> <CoreInst = "FAddSub_fulldsp">   --->   Core 18 'FAddSub_fulldsp' <Latency = 3> <II = 1> <Delay = 8.21> <FuncUnit> <Opcode : 'fadd' 'fsub'> <InPorts = 2> <OutPorts = 1>
ST_11 : Operation 55 [1/3] (8.44ns)   --->   "%mul_0_2 = fmul i32 %G_vec_I_2_load, i32 0" [HLSfiles/main_core.cpp:63]   --->   Operation 55 'fmul' 'mul_0_2' <Predicate = true> <Delay = 8.44> <CoreInst = "FMul_maxdsp">   --->   Core 30 'FMul_maxdsp' <Latency = 2> <II = 1> <Delay = 8.44> <FuncUnit> <Opcode : 'fmul'> <InPorts = 2> <OutPorts = 1>
ST_11 : Operation 56 [1/4] (8.21ns)   --->   "%acc_1_1_1 = fadd i32 %acc_1_1, i32 %mul_1_1" [HLSfiles/main_core.cpp:63]   --->   Operation 56 'fadd' 'acc_1_1_1' <Predicate = true> <Delay = 8.21> <CoreInst = "FAddSub_fulldsp">   --->   Core 18 'FAddSub_fulldsp' <Latency = 3> <II = 1> <Delay = 8.21> <FuncUnit> <Opcode : 'fadd' 'fsub'> <InPorts = 2> <OutPorts = 1>
ST_11 : Operation 57 [1/3] (8.44ns)   --->   "%mul_1_2 = fmul i32 %G_vec_I_2_load, i32 18.1818" [HLSfiles/main_core.cpp:63]   --->   Operation 57 'fmul' 'mul_1_2' <Predicate = true> <Delay = 8.44> <CoreInst = "FMul_maxdsp">   --->   Core 30 'FMul_maxdsp' <Latency = 2> <II = 1> <Delay = 8.44> <FuncUnit> <Opcode : 'fmul'> <InPorts = 2> <OutPorts = 1>
ST_11 : Operation 58 [1/3] (8.44ns)   --->   "%mul_2_2 = fmul i32 %G_vec_I_2_load, i32 18.2318" [HLSfiles/main_core.cpp:63]   --->   Operation 58 'fmul' 'mul_2_2' <Predicate = true> <Delay = 8.44> <CoreInst = "FMul_maxdsp">   --->   Core 30 'FMul_maxdsp' <Latency = 2> <II = 1> <Delay = 8.44> <FuncUnit> <Opcode : 'fmul'> <InPorts = 2> <OutPorts = 1>

State 12 <SV = 11> <Delay = 8.21>
ST_12 : Operation 59 [4/4] (8.21ns)   --->   "%acc_1_0_2 = fadd i32 %acc_1_0_1, i32 %mul_0_2" [HLSfiles/main_core.cpp:63]   --->   Operation 59 'fadd' 'acc_1_0_2' <Predicate = true> <Delay = 8.21> <CoreInst = "FAddSub_fulldsp">   --->   Core 18 'FAddSub_fulldsp' <Latency = 3> <II = 1> <Delay = 8.21> <FuncUnit> <Opcode : 'fadd' 'fsub'> <InPorts = 2> <OutPorts = 1>
ST_12 : Operation 60 [4/4] (8.21ns)   --->   "%acc_1_1_2 = fadd i32 %acc_1_1_1, i32 %mul_1_2" [HLSfiles/main_core.cpp:63]   --->   Operation 60 'fadd' 'acc_1_1_2' <Predicate = true> <Delay = 8.21> <CoreInst = "FAddSub_fulldsp">   --->   Core 18 'FAddSub_fulldsp' <Latency = 3> <II = 1> <Delay = 8.21> <FuncUnit> <Opcode : 'fadd' 'fsub'> <InPorts = 2> <OutPorts = 1>
ST_12 : Operation 61 [4/4] (8.21ns)   --->   "%acc_1_2_2 = fadd i32 %acc_1_1_1, i32 %mul_2_2" [HLSfiles/main_core.cpp:63]   --->   Operation 61 'fadd' 'acc_1_2_2' <Predicate = true> <Delay = 8.21> <CoreInst = "FAddSub_fulldsp">   --->   Core 18 'FAddSub_fulldsp' <Latency = 3> <II = 1> <Delay = 8.21> <FuncUnit> <Opcode : 'fadd' 'fsub'> <InPorts = 2> <OutPorts = 1>

State 13 <SV = 12> <Delay = 8.21>
ST_13 : Operation 62 [3/4] (8.21ns)   --->   "%acc_1_0_2 = fadd i32 %acc_1_0_1, i32 %mul_0_2" [HLSfiles/main_core.cpp:63]   --->   Operation 62 'fadd' 'acc_1_0_2' <Predicate = true> <Delay = 8.21> <CoreInst = "FAddSub_fulldsp">   --->   Core 18 'FAddSub_fulldsp' <Latency = 3> <II = 1> <Delay = 8.21> <FuncUnit> <Opcode : 'fadd' 'fsub'> <InPorts = 2> <OutPorts = 1>
ST_13 : Operation 63 [3/4] (8.21ns)   --->   "%acc_1_1_2 = fadd i32 %acc_1_1_1, i32 %mul_1_2" [HLSfiles/main_core.cpp:63]   --->   Operation 63 'fadd' 'acc_1_1_2' <Predicate = true> <Delay = 8.21> <CoreInst = "FAddSub_fulldsp">   --->   Core 18 'FAddSub_fulldsp' <Latency = 3> <II = 1> <Delay = 8.21> <FuncUnit> <Opcode : 'fadd' 'fsub'> <InPorts = 2> <OutPorts = 1>
ST_13 : Operation 64 [3/4] (8.21ns)   --->   "%acc_1_2_2 = fadd i32 %acc_1_1_1, i32 %mul_2_2" [HLSfiles/main_core.cpp:63]   --->   Operation 64 'fadd' 'acc_1_2_2' <Predicate = true> <Delay = 8.21> <CoreInst = "FAddSub_fulldsp">   --->   Core 18 'FAddSub_fulldsp' <Latency = 3> <II = 1> <Delay = 8.21> <FuncUnit> <Opcode : 'fadd' 'fsub'> <InPorts = 2> <OutPorts = 1>

State 14 <SV = 13> <Delay = 8.21>
ST_14 : Operation 65 [2/4] (8.21ns)   --->   "%acc_1_0_2 = fadd i32 %acc_1_0_1, i32 %mul_0_2" [HLSfiles/main_core.cpp:63]   --->   Operation 65 'fadd' 'acc_1_0_2' <Predicate = true> <Delay = 8.21> <CoreInst = "FAddSub_fulldsp">   --->   Core 18 'FAddSub_fulldsp' <Latency = 3> <II = 1> <Delay = 8.21> <FuncUnit> <Opcode : 'fadd' 'fsub'> <InPorts = 2> <OutPorts = 1>
ST_14 : Operation 66 [2/4] (8.21ns)   --->   "%acc_1_1_2 = fadd i32 %acc_1_1_1, i32 %mul_1_2" [HLSfiles/main_core.cpp:63]   --->   Operation 66 'fadd' 'acc_1_1_2' <Predicate = true> <Delay = 8.21> <CoreInst = "FAddSub_fulldsp">   --->   Core 18 'FAddSub_fulldsp' <Latency = 3> <II = 1> <Delay = 8.21> <FuncUnit> <Opcode : 'fadd' 'fsub'> <InPorts = 2> <OutPorts = 1>
ST_14 : Operation 67 [2/4] (8.21ns)   --->   "%acc_1_2_2 = fadd i32 %acc_1_1_1, i32 %mul_2_2" [HLSfiles/main_core.cpp:63]   --->   Operation 67 'fadd' 'acc_1_2_2' <Predicate = true> <Delay = 8.21> <CoreInst = "FAddSub_fulldsp">   --->   Core 18 'FAddSub_fulldsp' <Latency = 3> <II = 1> <Delay = 8.21> <FuncUnit> <Opcode : 'fadd' 'fsub'> <InPorts = 2> <OutPorts = 1>

State 15 <SV = 14> <Delay = 8.21>
ST_15 : Operation 68 [1/1] (0.00ns)   --->   "%specpipeline_ln60 = specpipeline void @_ssdm_op_SpecPipeline, i32 4294967295, i32 0, i32 0, i32 0, void @empty_0" [HLSfiles/main_core.cpp:60]   --->   Operation 68 'specpipeline' 'specpipeline_ln60' <Predicate = true> <Delay = 0.00>
ST_15 : Operation 69 [1/4] (8.21ns)   --->   "%acc_1_0_2 = fadd i32 %acc_1_0_1, i32 %mul_0_2" [HLSfiles/main_core.cpp:63]   --->   Operation 69 'fadd' 'acc_1_0_2' <Predicate = true> <Delay = 8.21> <CoreInst = "FAddSub_fulldsp">   --->   Core 18 'FAddSub_fulldsp' <Latency = 3> <II = 1> <Delay = 8.21> <FuncUnit> <Opcode : 'fadd' 'fsub'> <InPorts = 2> <OutPorts = 1>
ST_15 : Operation 70 [1/1] (0.00ns)   --->   "%store_ln68 = store i32 %acc_1_0_2, i32 %G_vec_V_0" [HLSfiles/main_core.cpp:68]   --->   Operation 70 'store' 'store_ln68' <Predicate = true> <Delay = 0.00>
ST_15 : Operation 71 [1/4] (8.21ns)   --->   "%acc_1_1_2 = fadd i32 %acc_1_1_1, i32 %mul_1_2" [HLSfiles/main_core.cpp:63]   --->   Operation 71 'fadd' 'acc_1_1_2' <Predicate = true> <Delay = 8.21> <CoreInst = "FAddSub_fulldsp">   --->   Core 18 'FAddSub_fulldsp' <Latency = 3> <II = 1> <Delay = 8.21> <FuncUnit> <Opcode : 'fadd' 'fsub'> <InPorts = 2> <OutPorts = 1>
ST_15 : Operation 72 [1/1] (0.00ns)   --->   "%store_ln68 = store i32 %acc_1_1_2, i32 %G_vec_V_1" [HLSfiles/main_core.cpp:68]   --->   Operation 72 'store' 'store_ln68' <Predicate = true> <Delay = 0.00>
ST_15 : Operation 73 [1/4] (8.21ns)   --->   "%acc_1_2_2 = fadd i32 %acc_1_1_1, i32 %mul_2_2" [HLSfiles/main_core.cpp:63]   --->   Operation 73 'fadd' 'acc_1_2_2' <Predicate = true> <Delay = 8.21> <CoreInst = "FAddSub_fulldsp">   --->   Core 18 'FAddSub_fulldsp' <Latency = 3> <II = 1> <Delay = 8.21> <FuncUnit> <Opcode : 'fadd' 'fsub'> <InPorts = 2> <OutPorts = 1>
ST_15 : Operation 74 [1/1] (0.00ns)   --->   "%store_ln68 = store i32 %acc_1_2_2, i32 %G_vec_V_2" [HLSfiles/main_core.cpp:68]   --->   Operation 74 'store' 'store_ln68' <Predicate = true> <Delay = 0.00>
ST_15 : Operation 75 [1/1] (0.00ns)   --->   "%ret_ln70 = ret" [HLSfiles/main_core.cpp:70]   --->   Operation 75 'ret' 'ret_ln70' <Predicate = true> <Delay = 0.00>


============================================================
+ Verbose Summary: Timing violations
============================================================
Target clock period: 10ns, clock uncertainty: 0.2ns.

 <State 1>: 8.44ns
The critical path consists of the following:
	'load' operation ('G_vec_I_0_load', HLSfiles/main_core.cpp:63) on static variable 'G_vec_I_0' [9]  (0 ns)
	'fmul' operation ('mul', HLSfiles/main_core.cpp:63) [10]  (8.44 ns)

 <State 2>: 8.44ns
The critical path consists of the following:
	'fmul' operation ('mul', HLSfiles/main_core.cpp:63) [10]  (8.44 ns)

 <State 3>: 8.44ns
The critical path consists of the following:
	'fmul' operation ('mul', HLSfiles/main_core.cpp:63) [10]  (8.44 ns)

 <State 4>: 8.22ns
The critical path consists of the following:
	'fadd' operation ('acc_1', HLSfiles/main_core.cpp:63) [11]  (8.22 ns)

 <State 5>: 8.44ns
The critical path consists of the following:
	'load' operation ('G_vec_I_1_load', HLSfiles/main_core.cpp:63) on static variable 'G_vec_I_1' [12]  (0 ns)
	'fmul' operation ('mul_0_1', HLSfiles/main_core.cpp:63) [13]  (8.44 ns)

 <State 6>: 8.44ns
The critical path consists of the following:
	'fmul' operation ('mul_0_1', HLSfiles/main_core.cpp:63) [13]  (8.44 ns)

 <State 7>: 8.44ns
The critical path consists of the following:
	'fmul' operation ('mul_0_1', HLSfiles/main_core.cpp:63) [13]  (8.44 ns)

 <State 8>: 8.22ns
The critical path consists of the following:
	'fadd' operation ('acc_1_0_1', HLSfiles/main_core.cpp:63) [14]  (8.22 ns)

 <State 9>: 8.44ns
The critical path consists of the following:
	'load' operation ('G_vec_I_2_load', HLSfiles/main_core.cpp:63) on static variable 'G_vec_I_2' [15]  (0 ns)
	'fmul' operation ('mul_0_2', HLSfiles/main_core.cpp:63) [16]  (8.44 ns)

 <State 10>: 8.44ns
The critical path consists of the following:
	'fmul' operation ('mul_0_2', HLSfiles/main_core.cpp:63) [16]  (8.44 ns)

 <State 11>: 8.44ns
The critical path consists of the following:
	'fmul' operation ('mul_0_2', HLSfiles/main_core.cpp:63) [16]  (8.44 ns)

 <State 12>: 8.22ns
The critical path consists of the following:
	'fadd' operation ('acc_1_0_2', HLSfiles/main_core.cpp:63) [17]  (8.22 ns)

 <State 13>: 8.22ns
The critical path consists of the following:
	'fadd' operation ('acc_1_0_2', HLSfiles/main_core.cpp:63) [17]  (8.22 ns)

 <State 14>: 8.22ns
The critical path consists of the following:
	'fadd' operation ('acc_1_0_2', HLSfiles/main_core.cpp:63) [17]  (8.22 ns)

 <State 15>: 8.22ns
The critical path consists of the following:
	'fadd' operation ('acc_1_0_2', HLSfiles/main_core.cpp:63) [17]  (8.22 ns)


============================================================
+ Verbose Summary: Binding
============================================================
N/A
* FSMD analyzer results:
  - Output states:
 - Input state : 
  - Chain level:
	State 1
	State 2
	State 3
	State 4
	State 5
	State 6
	State 7
	State 8
	State 9
	State 10
	State 11
	State 12
	State 13
	State 14
	State 15


============================================================
+ Verbose Summary: Datapath Resource usage 
============================================================
N/A
