

================================================================
== Vitis HLS Report for 'nodalSolver'
================================================================
* Date:           Mon Feb  1 13:23:15 2021

* Version:        2020.2 (Build 3064766 on Wed Nov 18 09:12:45 MST 2020)
* Project:        IndutivoParaleloVDC_Vitis
* Solution:       solution1 (Vivado IP Flow Target)
* Product family: virtex7
* Target device:  xc7vx485t-ffg1157-1


================================================================
== Performance Estimates
================================================================
+ Timing: 
    * Summary: 
    +--------+----------+----------+------------+
    |  Clock |  Target  | Estimated| Uncertainty|
    +--------+----------+----------+------------+
    |ap_clk  |  10.00 ns|  9.700 ns|     0.20 ns|
    +--------+----------+----------+------------+

+ Latency: 
    * Summary: 
    +---------+---------+----------+----------+-----+-----+---------+
    |  Latency (cycles) |  Latency (absolute) |  Interval | Pipeline|
    |   min   |   max   |    min   |    max   | min | max |   Type  |
    +---------+---------+----------+----------+-----+-----+---------+
    |       56|      122|  0.560 us|  1.220 us|   57|  123|     none|
    +---------+---------+----------+----------+-----+-----+---------+

    + Detail: 
        * Instance: 
        +----------------------------------+-----------------------+---------+---------+-----------+----------+-----+-----+---------+
        |                                  |                       |  Latency (cycles) |  Latency (absolute)  |  Interval | Pipeline|
        |             Instance             |         Module        |   min   |   max   |    min    |    max   | min | max |   Type  |
        +----------------------------------+-----------------------+---------+---------+-----------+----------+-----+-----+---------+
        |grp_sinGen_fu_88                  |sinGen                 |       25|       25|   0.250 us|  0.250 us|   11|   11|      yes|
        |grp_vetmat_fu_108                 |vetmat                 |       14|       14|   0.140 us|  0.140 us|    1|    1|      yes|
        |grp_histvect_fu_124               |histvect               |       14|       14|   0.140 us|  0.140 us|    3|    3|      yes|
        |grp_generic_rint_double_s_fu_138  |generic_rint_double_s  |        1|       67|  10.000 ns|  0.670 us|    1|   67|     none|
        |grp_generic_rint_double_s_fu_147  |generic_rint_double_s  |        1|       67|  10.000 ns|  0.670 us|    1|   67|     none|
        |grp_generic_rint_double_s_fu_156  |generic_rint_double_s  |        1|       67|  10.000 ns|  0.670 us|    1|   67|     none|
        +----------------------------------+-----------------------+---------+---------+-----------+----------+-----+-----+---------+

        * Loop: 
        N/A



================================================================
== Utilization Estimates
================================================================
* Summary: 
+-----------------+---------+------+--------+--------+-----+
|       Name      | BRAM_18K|  DSP |   FF   |   LUT  | URAM|
+-----------------+---------+------+--------+--------+-----+
|DSP              |        -|     -|       -|       -|    -|
|Expression       |        -|     -|       0|    3218|    -|
|FIFO             |        -|     -|       -|       -|    -|
|Instance         |       20|    80|    8838|   11695|    -|
|Memory           |        -|     -|       -|       -|    -|
|Multiplexer      |        -|     -|       -|     638|    -|
|Register         |        -|     -|     829|       -|    -|
+-----------------+---------+------+--------+--------+-----+
|Total            |       20|    80|    9667|   15551|    0|
+-----------------+---------+------+--------+--------+-----+
|Available        |     2060|  2800|  607200|  303600|    0|
+-----------------+---------+------+--------+--------+-----+
|Utilization (%)  |       ~0|     2|       1|       5|    0|
+-----------------+---------+------+--------+--------+-----+

+ Detail: 
    * Instance: 
    +----------------------------------------+------------------------------------+---------+----+------+------+-----+
    |                Instance                |               Module               | BRAM_18K| DSP|  FF  |  LUT | URAM|
    +----------------------------------------+------------------------------------+---------+----+------+------+-----+
    |fadd_32ns_32ns_32_4_full_dsp_1_U79      |fadd_32ns_32ns_32_4_full_dsp_1      |        0|   2|   227|   214|    0|
    |fadd_32ns_32ns_32_4_full_dsp_1_U80      |fadd_32ns_32ns_32_4_full_dsp_1      |        0|   2|   227|   214|    0|
    |fadd_32ns_32ns_32_4_full_dsp_1_U81      |fadd_32ns_32ns_32_4_full_dsp_1      |        0|   2|   227|   214|    0|
    |fadd_32ns_32ns_32_4_full_dsp_1_U89      |fadd_32ns_32ns_32_4_full_dsp_1      |        0|   2|   227|   214|    0|
    |fadd_32ns_32ns_32_4_full_dsp_1_U90      |fadd_32ns_32ns_32_4_full_dsp_1      |        0|   2|   227|   214|    0|
    |fadd_32ns_32ns_32_4_full_dsp_1_U91      |fadd_32ns_32ns_32_4_full_dsp_1      |        0|   2|   227|   214|    0|
    |fadd_32ns_32ns_32_4_full_dsp_1_U92      |fadd_32ns_32ns_32_4_full_dsp_1      |        0|   2|   227|   214|    0|
    |fadd_32ns_32ns_32_4_full_dsp_1_U93      |fadd_32ns_32ns_32_4_full_dsp_1      |        0|   2|   227|   214|    0|
    |faddfsub_32ns_32ns_32_4_full_dsp_1_U88  |faddfsub_32ns_32ns_32_4_full_dsp_1  |        0|   2|   227|   214|    0|
    |fmul_32ns_32ns_32_3_max_dsp_1_U82       |fmul_32ns_32ns_32_3_max_dsp_1       |        0|   3|   128|   138|    0|
    |fmul_32ns_32ns_32_3_max_dsp_1_U83       |fmul_32ns_32ns_32_3_max_dsp_1       |        0|   3|   128|   138|    0|
    |fmul_32ns_32ns_32_3_max_dsp_1_U84       |fmul_32ns_32ns_32_3_max_dsp_1       |        0|   3|   128|   138|    0|
    |fmul_32ns_32ns_32_3_max_dsp_1_U94       |fmul_32ns_32ns_32_3_max_dsp_1       |        0|   3|   128|   138|    0|
    |fmul_32ns_32ns_32_3_max_dsp_1_U95       |fmul_32ns_32ns_32_3_max_dsp_1       |        0|   3|   128|   138|    0|
    |fmul_32ns_32ns_32_3_max_dsp_1_U96       |fmul_32ns_32ns_32_3_max_dsp_1       |        0|   3|   128|   138|    0|
    |fmul_32ns_32ns_32_3_max_dsp_1_U97       |fmul_32ns_32ns_32_3_max_dsp_1       |        0|   3|   128|   138|    0|
    |fmul_32ns_32ns_32_3_max_dsp_1_U98       |fmul_32ns_32ns_32_3_max_dsp_1       |        0|   3|   128|   138|    0|
    |fpext_32ns_64_2_no_dsp_1_U85            |fpext_32ns_64_2_no_dsp_1            |        0|   0|     0|     0|    0|
    |fpext_32ns_64_2_no_dsp_1_U86            |fpext_32ns_64_2_no_dsp_1            |        0|   0|     0|     0|    0|
    |fpext_32ns_64_2_no_dsp_1_U87            |fpext_32ns_64_2_no_dsp_1            |        0|   0|     0|     0|    0|
    |grp_generic_rint_double_s_fu_138        |generic_rint_double_s               |        4|   0|   333|   504|    0|
    |grp_generic_rint_double_s_fu_147        |generic_rint_double_s               |        4|   0|   333|   504|    0|
    |grp_generic_rint_double_s_fu_156        |generic_rint_double_s               |        4|   0|   333|   504|    0|
    |grp_histvect_fu_124                     |histvect                            |        0|   0|   136|   120|    0|
    |grp_sinGen_fu_88                        |sinGen                              |        8|  38|  4077|  6972|    0|
    |grp_vetmat_fu_108                       |vetmat                              |        0|   0|   559|    61|    0|
    +----------------------------------------+------------------------------------+---------+----+------+------+-----+
    |Total                                   |                                    |       20|  80|  8838| 11695|    0|
    +----------------------------------------+------------------------------------+---------+----+------+------+-----+

    * DSP: 
    N/A

    * Memory: 
    N/A

    * FIFO: 
    N/A

    * Expression: 
    +----------------------------------+----------+----+---+-----+------------+------------+
    |           Variable Name          | Operation| DSP| FF| LUT | Bitwidth P0| Bitwidth P1|
    +----------------------------------+----------+----+---+-----+------------+------------+
    |add_ln510_1_fu_404_p2             |         +|   0|  0|   19|          12|          11|
    |add_ln510_2_fu_535_p2             |         +|   0|  0|   19|          12|          11|
    |add_ln510_fu_265_p2               |         +|   0|  0|   19|          12|          11|
    |result_V_3_fu_347_p2              |         -|   0|  0|   39|           1|          32|
    |result_V_4_fu_486_p2              |         -|   0|  0|   39|           1|          32|
    |result_V_6_fu_617_p2              |         -|   0|  0|   39|           1|          32|
    |sub_ln1311_1_fu_418_p2            |         -|   0|  0|   18|          10|          11|
    |sub_ln1311_2_fu_549_p2            |         -|   0|  0|   18|          10|          11|
    |sub_ln1311_fu_279_p2              |         -|   0|  0|   18|          10|          11|
    |r_V_16_fu_444_p2                  |      lshr|   0|  0|  460|         137|         137|
    |r_V_18_fu_575_p2                  |      lshr|   0|  0|  460|         137|         137|
    |r_V_fu_305_p2                     |      lshr|   0|  0|  460|         137|         137|
    |ap_block_state55_on_subcall_done  |        or|   0|  0|    2|           1|           1|
    |result_V_7_fu_353_p3              |    select|   0|  0|   32|           1|          32|
    |select_ln59_1_fu_631_p3           |    select|   0|  0|   32|           1|          32|
    |select_ln59_fu_623_p3             |    select|   0|  0|   32|           1|          32|
    |ush_1_fu_428_p3                   |    select|   0|  0|   12|           1|          12|
    |ush_2_fu_559_p3                   |    select|   0|  0|   12|           1|          12|
    |ush_fu_289_p3                     |    select|   0|  0|   12|           1|          12|
    |val_1_fu_478_p3                   |    select|   0|  0|   32|           1|          32|
    |val_2_fu_609_p3                   |    select|   0|  0|   32|           1|          32|
    |val_fu_339_p3                     |    select|   0|  0|   32|           1|          32|
    |r_V_15_fu_311_p2                  |       shl|   0|  0|  460|         137|         137|
    |r_V_17_fu_450_p2                  |       shl|   0|  0|  460|         137|         137|
    |r_V_19_fu_581_p2                  |       shl|   0|  0|  460|         137|         137|
    +----------------------------------+----------+----+---+-----+------------+------------+
    |Total                             |          |   0|  0| 3218|         901|        1213|
    +----------------------------------+----------+----+---+-----+------------+------------+

    * Multiplexer: 
    +-------------------+-----+-----------+-----+-----------+
    |        Name       | LUT | Input Size| Bits| Total Bits|
    +-------------------+-----+-----------+-----+-----------+
    |G_vec_I_1          |    9|          2|   32|         64|
    |G_vec_I_2          |    9|          2|   32|         64|
    |G_vec_I_3          |    9|          2|   32|         64|
    |ap_NS_fsm          |  245|         57|    1|         57|
    |grp_fu_165_ce      |   13|          3|    1|          3|
    |grp_fu_165_p0      |   13|          3|   32|         96|
    |grp_fu_165_p1      |   13|          3|   32|         96|
    |grp_fu_170_ce      |    9|          2|    1|          2|
    |grp_fu_170_p0      |    9|          2|   32|         64|
    |grp_fu_170_p1      |    9|          2|   32|         64|
    |grp_fu_175_ce      |    9|          2|    1|          2|
    |grp_fu_175_p0      |    9|          2|   32|         64|
    |grp_fu_175_p1      |    9|          2|   32|         64|
    |grp_fu_180_ce      |    9|          2|    1|          2|
    |grp_fu_180_p0      |    9|          2|   32|         64|
    |grp_fu_180_p1      |    9|          2|   32|         64|
    |grp_fu_185_ce      |    9|          2|    1|          2|
    |grp_fu_185_p0      |    9|          2|   32|         64|
    |grp_fu_185_p1      |    9|          2|   32|         64|
    |grp_fu_190_ce      |    9|          2|    1|          2|
    |grp_fu_190_p0      |    9|          2|   32|         64|
    |grp_fu_190_p1      |    9|          2|   32|         64|
    |grp_fu_195_ce      |    9|          2|    1|          2|
    |grp_fu_195_p0      |    9|          2|   32|         64|
    |grp_fu_720_ce      |   13|          3|    1|          3|
    |grp_fu_720_opcode  |    9|          2|    2|          4|
    |grp_fu_720_p0      |    9|          2|   32|         64|
    |grp_fu_720_p1      |    9|          2|   32|         64|
    |grp_fu_724_ce      |   13|          3|    1|          3|
    |grp_fu_724_p0      |    9|          2|   32|         64|
    |grp_fu_724_p1      |    9|          2|   32|         64|
    |grp_fu_728_ce      |    9|          2|    1|          2|
    |grp_fu_732_ce      |    9|          2|    1|          2|
    |grp_fu_736_ce      |    9|          2|    1|          2|
    |grp_fu_740_ce      |    9|          2|    1|          2|
    |grp_fu_744_ce      |   13|          3|    1|          3|
    |grp_fu_744_p0      |    9|          2|   32|         64|
    |grp_fu_744_p1      |    9|          2|   32|         64|
    |grp_fu_748_ce      |    9|          2|    1|          2|
    |grp_fu_752_ce      |    9|          2|    1|          2|
    |grp_fu_756_ce      |    9|          2|    1|          2|
    |grp_fu_760_ce      |    9|          2|    1|          2|
    +-------------------+-----+-----------+-----+-----------+
    |Total              |  638|        145|  725|       1573|
    +-------------------+-----+-----------+-----+-----------+

    * Register: 
    +-----------------------------------------------+----+----+-----+-----------+
    |                      Name                     | FF | LUT| Bits| Const Bits|
    +-----------------------------------------------+----+----+-----+-----------+
    |G_vec_I_1                                      |  32|   0|   32|          0|
    |G_vec_I_2                                      |  32|   0|   32|          0|
    |G_vec_I_3                                      |  32|   0|   32|          0|
    |G_vec_V_0                                      |  32|   0|   32|          0|
    |G_vec_V_1                                      |  32|   0|   32|          0|
    |G_vec_V_2                                      |  32|   0|   32|          0|
    |add2_reg_685                                   |  32|   0|   32|          0|
    |add3_reg_680                                   |  32|   0|   32|          0|
    |add_reg_675                                    |  32|   0|   32|          0|
    |ap_CS_fsm                                      |  56|   0|   56|          0|
    |dc_1_reg_710                                   |  64|   0|   64|          0|
    |dc_2_reg_715                                   |  64|   0|   64|          0|
    |dc_reg_705                                     |  64|   0|   64|          0|
    |grp_generic_rint_double_s_fu_138_ap_start_reg  |   1|   0|    1|          0|
    |grp_generic_rint_double_s_fu_147_ap_start_reg  |   1|   0|    1|          0|
    |grp_generic_rint_double_s_fu_156_ap_start_reg  |   1|   0|    1|          0|
    |grp_histvect_fu_124_ap_start_reg               |   1|   0|    1|          0|
    |grp_vetmat_fu_108_ap_start_reg                 |   1|   0|    1|          0|
    |mul1_reg_670                                   |  32|   0|   32|          0|
    |mul2_reg_665                                   |  32|   0|   32|          0|
    |mul_reg_660                                    |  32|   0|   32|          0|
    |x_assign_1_reg_695                             |  64|   0|   64|          0|
    |x_assign_2_reg_700                             |  64|   0|   64|          0|
    |x_assign_reg_690                               |  64|   0|   64|          0|
    +-----------------------------------------------+----+----+-----+-----------+
    |Total                                          | 829|   0|  829|          0|
    +-----------------------------------------------+----+----+-----+-----------+



================================================================
== Interface
================================================================
* Summary: 
+-----------+-----+-----+------------+--------------+--------------+
| RTL Ports | Dir | Bits|  Protocol  | Source Object|    C Type    |
+-----------+-----+-----+------------+--------------+--------------+
|ap_clk     |   in|    1|  ap_ctrl_hs|   nodalSolver|  return value|
|ap_rst     |   in|    1|  ap_ctrl_hs|   nodalSolver|  return value|
|ap_start   |   in|    1|  ap_ctrl_hs|   nodalSolver|  return value|
|ap_done    |  out|    1|  ap_ctrl_hs|   nodalSolver|  return value|
|ap_idle    |  out|    1|  ap_ctrl_hs|   nodalSolver|  return value|
|ap_ready   |  out|    1|  ap_ctrl_hs|   nodalSolver|  return value|
|ap_return  |  out|  128|  ap_ctrl_hs|   nodalSolver|  return value|
+-----------+-----+-----+------------+--------------+--------------+

