

================================================================
== Vitis HLS Report for 'sin_or_cos_double_s'
================================================================
* Date:           Mon Feb  1 13:23:08 2021

* Version:        2020.2 (Build 3064766 on Wed Nov 18 09:12:45 MST 2020)
* Project:        IndutivoParaleloVDC_Vitis
* Solution:       solution1 (Vivado IP Flow Target)
* Product family: virtex7
* Target device:  xc7vx485t-ffg1157-1


================================================================
== Performance Estimates
================================================================
+ Timing: 
    * Summary: 
    +--------+----------+----------+------------+
    |  Clock |  Target  | Estimated| Uncertainty|
    +--------+----------+----------+------------+
    |ap_clk  |  10.00 ns|  9.700 ns|     0.20 ns|
    +--------+----------+----------+------------+

+ Latency: 
    * Summary: 
    +---------+---------+----------+----------+-----+-----+---------+
    |  Latency (cycles) |  Latency (absolute) |  Interval | Pipeline|
    |   min   |   max   |    min   |    max   | min | max |   Type  |
    +---------+---------+----------+----------+-----+-----+---------+
    |       12|       12|  0.120 us|  0.120 us|    1|    1|      yes|
    +---------+---------+----------+----------+-----+-----+---------+

    + Detail: 
        * Instance: 
        N/A

        * Loop: 
        N/A



================================================================
== Utilization Estimates
================================================================
* Summary: 
+-----------------+---------+------+--------+--------+-----+
|       Name      | BRAM_18K|  DSP |   FF   |   LUT  | URAM|
+-----------------+---------+------+--------+--------+-----+
|DSP              |        -|     -|       -|       -|    -|
|Expression       |        -|     -|       0|    4049|    -|
|FIFO             |        -|     -|       -|       -|    -|
|Instance         |        -|    24|     361|     547|    -|
|Memory           |        8|     -|     213|     852|    -|
|Multiplexer      |        -|     -|       -|       -|    -|
|Register         |        -|     -|    2485|     352|    -|
+-----------------+---------+------+--------+--------+-----+
|Total            |        8|    24|    3059|    5800|    0|
+-----------------+---------+------+--------+--------+-----+
|Available        |     2060|  2800|  607200|  303600|    0|
+-----------------+---------+------+--------+--------+-----+
|Utilization (%)  |       ~0|    ~0|      ~0|       1|    0|
+-----------------+---------+------+--------+--------+-----+

+ Detail: 
    * Instance: 
    +--------------------------+-----------------------+---------+----+-----+-----+-----+
    |         Instance         |         Module        | BRAM_18K| DSP|  FF | LUT | URAM|
    +--------------------------+-----------------------+---------+----+-----+-----+-----+
    |mul_170s_53ns_170_2_1_U1  |mul_170s_53ns_170_2_1  |        0|  11|  361|  179|    0|
    |mul_35ns_25ns_60_1_1_U11  |mul_35ns_25ns_60_1_1   |        0|   1|    0|   23|    0|
    |mul_42ns_33ns_75_1_1_U10  |mul_42ns_33ns_75_1_1   |        0|   1|    0|   23|    0|
    |mul_49ns_44s_93_1_1_U9    |mul_49ns_44s_93_1_1    |        0|   1|    0|   21|    0|
    |mul_49ns_49ns_98_1_1_U5   |mul_49ns_49ns_98_1_1   |        0|   1|    0|   21|    0|
    |mul_49ns_49ns_98_1_1_U6   |mul_49ns_49ns_98_1_1   |        0|   1|    0|   21|    0|
    |mul_49ns_49ns_98_1_1_U7   |mul_49ns_49ns_98_1_1   |        0|   1|    0|   21|    0|
    |mul_56ns_52s_108_1_1_U8   |mul_56ns_52s_108_1_1   |        0|   3|    0|   28|    0|
    |mul_64s_63ns_126_1_1_U12  |mul_64s_63ns_126_1_1   |        0|   4|    0|   47|    0|
    |mux_164_1_1_1_U3          |mux_164_1_1_1          |        0|   0|    0|   65|    0|
    |mux_164_1_1_1_U4          |mux_164_1_1_1          |        0|   0|    0|   65|    0|
    |mux_83_1_1_1_U2           |mux_83_1_1_1           |        0|   0|    0|   33|    0|
    +--------------------------+-----------------------+---------+----+-----+-----+-----+
    |Total                     |                       |        0|  24|  361|  547|    0|
    +--------------------------+-----------------------+---------+----+-----+-----+-----+

    * DSP: 
    N/A

    * Memory: 
    +------------------------------------+------------------------------------------------------+---------+----+-----+-----+------+-----+------+-------------+
    |               Memory               |                        Module                        | BRAM_18K| FF | LUT | URAM| Words| Bits| Banks| W*Bits*Banks|
    +------------------------------------+------------------------------------------------------+---------+----+-----+-----+------+-----+------+-------------+
    |fourth_order_double_sin_cos_K0_V_U  |sin_or_cos_double_s_fourth_order_double_sin_cos_K0_V  |        0|  59|  236|    0|   256|   59|     1|        15104|
    |fourth_order_double_sin_cos_K1_V_U  |sin_or_cos_double_s_fourth_order_double_sin_cos_K1_V  |        0|  52|  208|    0|   256|   52|     1|        13312|
    |fourth_order_double_sin_cos_K2_V_U  |sin_or_cos_double_s_fourth_order_double_sin_cos_K2_V  |        0|  44|  176|    0|   256|   44|     1|        11264|
    |fourth_order_double_sin_cos_K3_V_U  |sin_or_cos_double_s_fourth_order_double_sin_cos_K3_V  |        0|  33|  132|    0|   256|   33|     1|         8448|
    |fourth_order_double_sin_cos_K4_V_U  |sin_or_cos_double_s_fourth_order_double_sin_cos_K4_V  |        0|  25|  100|    0|   256|   25|     1|         6400|
    |ref_4oPi_table_256_V_U              |sin_or_cos_double_s_ref_4oPi_table_256_V              |        8|   0|    0|    0|    10|  256|     1|         2560|
    +------------------------------------+------------------------------------------------------+---------+----+-----+-----+------+-----+------+-------------+
    |Total                               |                                                      |        8| 213|  852|    0|  1290|  469|     6|        57088|
    +------------------------------------+------------------------------------------------------+---------+----+-----+-----+------+-----+------+-------------+

    * FIFO: 
    N/A

    * Expression: 
    +----------------------------+----------+----+---+-----+------------+------------+
    |        Variable Name       | Operation| DSP| FF| LUT | Bitwidth P0| Bitwidth P1|
    +----------------------------+----------+----+---+-----+------------+------------+
    |Ex_V_fu_419_p2              |         +|   0|  0|   18|          11|          11|
    |add_ln116_fu_326_p2         |         +|   0|  0|   18|          11|          11|
    |add_ln451_1_fu_1184_p2      |         +|   0|  0|   39|          32|          32|
    |add_ln451_2_fu_1196_p2      |         +|   0|  0|   39|          32|          32|
    |add_ln451_fu_1162_p2        |         +|   0|  0|   39|          32|           5|
    |add_ln461_fu_1256_p2        |         +|   0|  0|   19|          12|          10|
    |ret_V_4_fu_927_p2           |         +|   0|  0|   64|          64|          64|
    |ret_V_5_fu_936_p2           |         +|   0|  0|   64|          64|          64|
    |ret_V_6_fu_961_p2           |         +|   0|  0|   64|          64|          64|
    |ret_V_fu_969_p2             |         +|   0|  0|   64|          64|          64|
    |Ex_V_3_fu_534_p2            |         -|   0|  0|   18|          11|          11|
    |Mx_bits_V_1_fu_438_p2       |         -|   0|  0|  131|           1|         124|
    |newexp_fu_1266_p2           |         -|   0|  0|   39|          32|          32|
    |sub_ln1311_fu_698_p2        |         -|   0|  0|   19|           1|          12|
    |and_ln300_1_fu_1415_p2      |       and|   0|  0|    2|           1|           1|
    |and_ln300_fu_666_p2         |       and|   0|  0|    2|           1|           1|
    |and_ln311_fu_682_p2         |       and|   0|  0|    2|           1|           1|
    |and_ln453_1_fu_1214_p2      |       and|   0|  0|    2|           1|           1|
    |and_ln453_2_fu_1220_p2      |       and|   0|  0|    2|           1|           1|
    |and_ln453_fu_1208_p2        |       and|   0|  0|    2|           1|           1|
    |closepath_fu_320_p2         |      icmp|   0|  0|   11|          11|          10|
    |icmp_ln1452_fu_1280_p2      |      icmp|   0|  0|   28|          63|           1|
    |icmp_ln453_1_fu_1178_p2     |      icmp|   0|  0|   18|          32|           5|
    |icmp_ln453_2_fu_1190_p2     |      icmp|   0|  0|   18|          32|           5|
    |icmp_ln453_fu_1156_p2       |      icmp|   0|  0|   18|          32|           5|
    |icmp_ln824_1_fu_394_p2      |      icmp|   0|  0|   24|          52|           1|
    |icmp_ln824_2_fu_671_p2      |      icmp|   0|  0|   11|          11|           2|
    |icmp_ln824_fu_661_p2        |      icmp|   0|  0|   11|          11|           1|
    |r_V_fu_719_p2               |      lshr|   0|  0|  179|          63|          63|
    |or_ln300_fu_1433_p2         |        or|   0|  0|    2|           1|           1|
    |or_ln311_fu_1302_p2         |        or|   0|  0|    2|           1|           1|
    |or_ln453_fu_1234_p2         |        or|   0|  0|    2|           1|           1|
    |or_ln462_1_fu_1339_p2       |        or|   0|  0|    2|           1|           1|
    |or_ln462_2_fu_1343_p2       |        or|   0|  0|    2|           1|           1|
    |or_ln462_fu_1285_p2         |        or|   0|  0|    2|           1|           1|
    |Ex_V_4_fu_1037_p3           |    select|   0|  0|   11|           1|           1|
    |Mx_V_2_fu_952_p3            |    select|   0|  0|   63|           1|           2|
    |Mx_bits_V_3_fu_456_p3       |    select|   0|  0|  124|           1|         124|
    |addr_fu_332_p3              |    select|   0|  0|   11|           1|           7|
    |r_V_14_fu_729_p3            |    select|   0|  0|   63|           1|          63|
    |results_exp_V_fu_1315_p3    |    select|   0|  0|   11|           1|           1|
    |results_sig_V_fu_1437_p3    |    select|   0|  0|   52|           1|          52|
    |results_sign_V_1_fu_653_p3  |    select|   0|  0|    2|           1|           1|
    |results_sign_V_fu_688_p3    |    select|   0|  0|    2|           1|           1|
    |select_ln300_2_fu_1425_p3   |    select|   0|  0|    2|           1|           2|
    |select_ln311_1_fu_1295_p3   |    select|   0|  0|    2|           1|           2|
    |select_ln311_fu_1307_p3     |    select|   0|  0|   11|           1|          11|
    |select_ln453_1_fu_1240_p3   |    select|   0|  0|   32|           1|          32|
    |select_ln453_2_fu_1248_p3   |    select|   0|  0|   32|           1|          32|
    |select_ln453_fu_1226_p3     |    select|   0|  0|   32|           1|          32|
    |select_ln462_1_fu_1383_p3   |    select|   0|  0|   52|           1|          52|
    |select_ln462_2_fu_1390_p3   |    select|   0|  0|   52|           1|          52|
    |select_ln462_fu_1357_p3     |    select|   0|  0|   52|           1|           1|
    |select_ln482_fu_424_p3      |    select|   0|  0|   11|           1|          11|
    |select_ln520_fu_443_p3      |    select|   0|  0|  124|           1|         124|
    |select_ln832_fu_450_p3      |    select|   0|  0|    3|           1|           1|
    |significand_fu_1407_p3      |    select|   0|  0|   52|           1|          52|
    |ush_fu_704_p3               |    select|   0|  0|   12|           1|          12|
    |r_2_fu_362_p2               |       shl|   0|  0|  950|         256|         256|
    |r_V_1_fu_724_p2             |       shl|   0|  0|  179|          63|          63|
    |r_fu_518_p2                 |       shl|   0|  0|  409|         124|         124|
    |shl_ln1253_1_fu_1172_p2     |       shl|   0|  0|  179|          63|          63|
    |shl_ln1253_2_fu_1325_p2     |       shl|   0|  0|  179|          63|          63|
    |shl_ln1253_3_fu_1333_p2     |       shl|   0|  0|  179|          63|          63|
    |shl_ln1253_fu_1151_p2       |       shl|   0|  0|  179|          63|          63|
    |ap_enable_pp0               |       xor|   0|  0|    2|           1|           2|
    |sin_basis_fu_760_p2         |       xor|   0|  0|    2|           1|           2|
    |xor_ln300_fu_1419_p2        |       xor|   0|  0|    2|           2|           1|
    |xor_ln311_fu_676_p2         |       xor|   0|  0|    2|           1|           2|
    |xor_ln453_fu_1202_p2        |       xor|   0|  0|    2|           1|           2|
    +----------------------------+----------+----+---+-----+------------+------------+
    |Total                       |          |   0|  0| 4049|        1474|        2013|
    +----------------------------+----------+----+---+-----+------------+------------+

    * Multiplexer: 
    N/A

    * Register: 
    +------------------------------------------------+-----+----+-----+-----------+
    |                      Name                      |  FF | LUT| Bits| Const Bits|
    +------------------------------------------------+-----+----+-----+-----------+
    |B_reg_1575                                      |   56|   0|   56|          0|
    |B_reg_1575_pp0_iter6_reg                        |   56|   0|   56|          0|
    |B_squared_reg_1603                              |   49|   0|   49|          0|
    |B_trunc_reg_1580                                |   49|   0|   49|          0|
    |Ex_V_3_reg_1533                                 |   11|   0|   11|          0|
    |Med_V_reg_1493                                  |  170|   0|  170|          0|
    |Mx_V_2_reg_1669                                 |   63|   0|   63|          0|
    |Mx_V_reg_1526                                   |   63|   0|   63|          0|
    |Mx_bits_V_reg_1514                              |  124|   0|  124|          0|
    |and_ln300_reg_1557                              |    1|   0|    1|          0|
    |and_ln453_2_reg_1736                            |    1|   0|    1|          0|
    |and_ln453_reg_1731                              |    1|   0|    1|          0|
    |ap_CS_fsm                                       |    1|   0|    1|          0|
    |ap_enable_reg_pp0_iter1                         |    1|   0|    1|          0|
    |ap_enable_reg_pp0_iter10                        |    1|   0|    1|          0|
    |ap_enable_reg_pp0_iter11                        |    1|   0|    1|          0|
    |ap_enable_reg_pp0_iter12                        |    1|   0|    1|          0|
    |ap_enable_reg_pp0_iter2                         |    1|   0|    1|          0|
    |ap_enable_reg_pp0_iter3                         |    1|   0|    1|          0|
    |ap_enable_reg_pp0_iter4                         |    1|   0|    1|          0|
    |ap_enable_reg_pp0_iter5                         |    1|   0|    1|          0|
    |ap_enable_reg_pp0_iter6                         |    1|   0|    1|          0|
    |ap_enable_reg_pp0_iter7                         |    1|   0|    1|          0|
    |ap_enable_reg_pp0_iter8                         |    1|   0|    1|          0|
    |ap_enable_reg_pp0_iter9                         |    1|   0|    1|          0|
    |closepath_reg_1476                              |    1|   0|    1|          0|
    |cos_basis_reg_1545                              |    1|   0|    1|          0|
    |fourth_order_double_sin_cos_K1_V_load_reg_1609  |   52|   0|   52|          0|
    |icmp_ln453_reg_1720                             |    1|   0|    1|          0|
    |icmp_ln824_1_reg_1503                           |    1|   0|    1|          0|
    |icmp_ln824_2_reg_1563                           |    1|   0|    1|          0|
    |icmp_ln824_reg_1552                             |    1|   0|    1|          0|
    |isNeg_reg_1539                                  |    1|   0|    1|          0|
    |k_V_reg_1521                                    |    3|   0|    3|          0|
    |or_ln462_reg_1741                               |    1|   0|    1|          0|
    |p_Result_15_1_i_reg_1690                        |   16|   0|   16|          0|
    |p_Result_15_2_i_reg_1695                        |   16|   0|   16|          0|
    |p_Result_15_i_reg_1685                          |   16|   0|   16|          0|
    |p_Result_21_reg_1457                            |    1|   0|    1|          0|
    |p_Result_i_reg_1700                             |   15|   0|   15|          0|
    |result_V_reg_1679                               |   63|   0|   63|          0|
    |results_exp_V_reg_1748                          |   11|   0|   11|          0|
    |results_sign_V_reg_1570                         |    1|   0|    1|          0|
    |ret_V_5_reg_1659                                |   64|   0|   64|          0|
    |ret_V_reg_1674                                  |   64|   0|   64|          0|
    |ret_reg_1509                                    |  170|   0|  170|          0|
    |rhs_1_reg_1624                                  |   56|   0|   56|          0|
    |rhs_2_reg_1629                                  |   48|   0|   48|          0|
    |rhs_4_reg_1654                                  |   29|   0|   29|          0|
    |shl_ln1253_1_reg_1725                           |   63|   0|   63|          0|
    |shl_ln1253_reg_1715                             |   63|   0|   63|          0|
    |tmp_14_reg_1463                                 |   11|   0|   11|          0|
    |tmp_15_reg_1470                                 |   52|   0|   52|          0|
    |tmp_15_reg_1470_pp0_iter1_reg                   |   52|   0|   52|          0|
    |tmp_2_i_reg_1705                                |   32|   0|   32|          0|
    |tmp_3_i_reg_1710                                |   32|   0|   32|          0|
    |trunc_ln1069_1_reg_1644                         |   35|   0|   35|          0|
    |trunc_ln1_reg_1634                              |   42|   0|   42|          0|
    |trunc_ln2_reg_1664                              |   37|   0|   37|          0|
    |trunc_ln628_reg_1488                            |    7|   0|    7|          0|
    |zext_ln1070_reg_1598                            |   49|   0|   98|         49|
    |zext_ln488_reg_1585                             |    8|   0|   64|         56|
    |zext_ln488_reg_1585_pp0_iter6_reg               |    8|   0|   64|         56|
    |Ex_V_3_reg_1533                                 |   64|  32|   11|          0|
    |Mx_V_reg_1526                                   |   64|  32|   63|          0|
    |and_ln300_reg_1557                              |   64|  32|    1|          0|
    |closepath_reg_1476                              |   64|  32|    1|          0|
    |cos_basis_reg_1545                              |   64|  32|    1|          0|
    |icmp_ln824_1_reg_1503                           |   64|  32|    1|          0|
    |icmp_ln824_2_reg_1563                           |   64|  32|    1|          0|
    |icmp_ln824_reg_1552                             |   64|  32|    1|          0|
    |p_Result_21_reg_1457                            |   64|  32|    1|          0|
    |results_sign_V_reg_1570                         |   64|  32|    1|          0|
    |tmp_14_reg_1463                                 |   64|  32|   11|          0|
    +------------------------------------------------+-----+----+-----+-----------+
    |Total                                           | 2485| 352| 2035|        161|
    +------------------------------------------------+-----+----+-----+-----------+



================================================================
== Interface
================================================================
* Summary: 
+-----------+-----+-----+------------+--------------------+--------------+
| RTL Ports | Dir | Bits|  Protocol  |    Source Object   |    C Type    |
+-----------+-----+-----+------------+--------------------+--------------+
|ap_clk     |   in|    1|  ap_ctrl_hs|  sin_or_cos<double>|  return value|
|ap_rst     |   in|    1|  ap_ctrl_hs|  sin_or_cos<double>|  return value|
|ap_start   |   in|    1|  ap_ctrl_hs|  sin_or_cos<double>|  return value|
|ap_done    |  out|    1|  ap_ctrl_hs|  sin_or_cos<double>|  return value|
|ap_idle    |  out|    1|  ap_ctrl_hs|  sin_or_cos<double>|  return value|
|ap_ready   |  out|    1|  ap_ctrl_hs|  sin_or_cos<double>|  return value|
|ap_return  |  out|   64|  ap_ctrl_hs|  sin_or_cos<double>|  return value|
|t_in       |   in|   64|     ap_none|                t_in|        scalar|
+-----------+-----+-----+------------+--------------------+--------------+

